Command line invocation:
    /Applications/Xcode.app/Contents/Developer/usr/bin/xcodebuild test -project CloudSyncApp.xcodeproj -scheme CloudSyncApp -destination platform=macOS

--- xcodebuild: WARNING: Using the first of multiple matching destinations:
{ platform:macOS, arch:arm64, id:00008132-0010696A22E3801C, name:My Mac }
{ platform:macOS, arch:x86_64, id:00008132-0010696A22E3801C, name:My Mac }
ComputePackagePrebuildTargetDependencyGraph

Prepare packages

CreateBuildRequest

SendProjectDescription

CreateBuildOperation

ComputeTargetDependencyGraph
note: Building targets in dependency order
note: Target dependency graph (2 targets)
    Target 'CloudSyncAppTests' in project 'CloudSyncApp'
        âžœ Explicit dependency on target 'CloudSyncApp' in project 'CloudSyncApp'
    Target 'CloudSyncApp' in project 'CloudSyncApp' (no dependencies)

GatherProvisioningInputs

CreateBuildDescription

ExecuteExternalTool /Applications/Xcode.app/Contents/Developer/Toolchains/XcodeDefault.xctoolchain/usr/bin/clang -v -E -dM -isysroot /Applications/Xcode.app/Contents/Developer/Platforms/MacOSX.platform/Developer/SDKs/MacOSX26.2.sdk -x c -c /dev/null

ExecuteExternalTool /Applications/Xcode.app/Contents/Developer/Toolchains/XcodeDefault.xctoolchain/usr/bin/swiftc --version

ExecuteExternalTool /Applications/Xcode.app/Contents/Developer/usr/bin/actool --version --output-format xml1

ExecuteExternalTool /Applications/Xcode.app/Contents/Developer/Toolchains/XcodeDefault.xctoolchain/usr/bin/ld -version_details

Build description signature: fbec84ec777a18b8621cf77add948a0b
Build description path: /Users/antti/Library/Developer/Xcode/DerivedData/CloudSyncApp-eqfknxkkaumskxbmezirpyltjfkf/Build/Intermediates.noindex/XCBuildData/fbec84ec777a18b8621cf77add948a0b.xcbuilddata
ClangStatCache /Applications/Xcode.app/Contents/Developer/Toolchains/XcodeDefault.xctoolchain/usr/bin/clang-stat-cache /Applications/Xcode.app/Contents/Developer/Platforms/MacOSX.platform/Developer/SDKs/MacOSX26.2.sdk /Users/antti/Library/Developer/Xcode/DerivedData/SDKStatCaches.noindex/macosx26.2-25C57-00fa09913b459cbbc988d1f6730289ae.sdkstatcache
    cd /Users/antti/Claude/CloudSyncApp.xcodeproj
    /Applications/Xcode.app/Contents/Developer/Toolchains/XcodeDefault.xctoolchain/usr/bin/clang-stat-cache /Applications/Xcode.app/Contents/Developer/Platforms/MacOSX.platform/Developer/SDKs/MacOSX26.2.sdk -o /Users/antti/Library/Developer/Xcode/DerivedData/SDKStatCaches.noindex/macosx26.2-25C57-00fa09913b459cbbc988d1f6730289ae.sdkstatcache

CopySwiftLibs /Users/antti/Library/Developer/Xcode/DerivedData/CloudSyncApp-eqfknxkkaumskxbmezirpyltjfkf/Build/Products/Debug/CloudSyncApp.app (in target 'CloudSyncApp' from project 'CloudSyncApp')
    cd /Users/antti/Claude
    builtin-swiftStdLibTool --copy --verbose --scan-executable /Users/antti/Library/Developer/Xcode/DerivedData/CloudSyncApp-eqfknxkkaumskxbmezirpyltjfkf/Build/Products/Debug/CloudSyncApp.app/Contents/MacOS/CloudSyncApp --scan-folder /Users/antti/Library/Developer/Xcode/DerivedData/CloudSyncApp-eqfknxkkaumskxbmezirpyltjfkf/Build/Products/Debug/CloudSyncApp.app/Contents/Frameworks --scan-folder /Users/antti/Library/Developer/Xcode/DerivedData/CloudSyncApp-eqfknxkkaumskxbmezirpyltjfkf/Build/Products/Debug/CloudSyncApp.app/Contents/PlugIns --scan-folder /Users/antti/Library/Developer/Xcode/DerivedData/CloudSyncApp-eqfknxkkaumskxbmezirpyltjfkf/Build/Products/Debug/CloudSyncApp.app/Contents/Library/SystemExtensions --scan-folder /Users/antti/Library/Developer/Xcode/DerivedData/CloudSyncApp-eqfknxkkaumskxbmezirpyltjfkf/Build/Products/Debug/CloudSyncApp.app/Contents/Extensions --platform macosx --toolchain /Applications/Xcode.app/Contents/Developer/Toolchains/XcodeDefault.xctoolchain --destination /Users/antti/Library/Developer/Xcode/DerivedData/CloudSyncApp-eqfknxkkaumskxbmezirpyltjfkf/Build/Products/Debug/CloudSyncApp.app/Contents/Frameworks --strip-bitcode --strip-bitcode-tool /Applications/Xcode.app/Contents/Developer/Toolchains/XcodeDefault.xctoolchain/usr/bin/bitcode_strip --emit-dependency-info /Users/antti/Library/Developer/Xcode/DerivedData/CloudSyncApp-eqfknxkkaumskxbmezirpyltjfkf/Build/Intermediates.noindex/CloudSyncApp.build/Debug/CloudSyncApp.build/SwiftStdLibToolInputDependencies.dep --filter-for-swift-os --back-deploy-swift-span
Ignoring --strip-bitcode because --sign was not passed

ProcessInfoPlistFile /Users/antti/Library/Developer/Xcode/DerivedData/CloudSyncApp-eqfknxkkaumskxbmezirpyltjfkf/Build/Products/Debug/CloudSyncApp.app/Contents/Info.plist /Users/antti/Claude/CloudSyncApp/Info.plist (in target 'CloudSyncApp' from project 'CloudSyncApp')
    cd /Users/antti/Claude
    builtin-infoPlistUtility /Users/antti/Claude/CloudSyncApp/Info.plist -producttype com.apple.product-type.application -genpkginfo /Users/antti/Library/Developer/Xcode/DerivedData/CloudSyncApp-eqfknxkkaumskxbmezirpyltjfkf/Build/Products/Debug/CloudSyncApp.app/Contents/PkgInfo -expandbuildsettings -platform macosx -additionalcontentfile /Users/antti/Library/Developer/Xcode/DerivedData/CloudSyncApp-eqfknxkkaumskxbmezirpyltjfkf/Build/Intermediates.noindex/CloudSyncApp.build/Debug/CloudSyncApp.build/assetcatalog_generated_info.plist -o /Users/antti/Library/Developer/Xcode/DerivedData/CloudSyncApp-eqfknxkkaumskxbmezirpyltjfkf/Build/Products/Debug/CloudSyncApp.app/Contents/Info.plist

CopySwiftLibs /Users/antti/Library/Developer/Xcode/DerivedData/CloudSyncApp-eqfknxkkaumskxbmezirpyltjfkf/Build/Products/Debug/CloudSyncApp.app/Contents/PlugIns/CloudSyncAppTests.xctest (in target 'CloudSyncAppTests' from project 'CloudSyncApp')
    cd /Users/antti/Claude
    builtin-swiftStdLibTool --copy --verbose --scan-executable /Users/antti/Library/Developer/Xcode/DerivedData/CloudSyncApp-eqfknxkkaumskxbmezirpyltjfkf/Build/Products/Debug/CloudSyncApp.app/Contents/PlugIns/CloudSyncAppTests.xctest/Contents/MacOS/CloudSyncAppTests --scan-folder /Users/antti/Library/Developer/Xcode/DerivedData/CloudSyncApp-eqfknxkkaumskxbmezirpyltjfkf/Build/Products/Debug/CloudSyncApp.app/Contents/PlugIns/CloudSyncAppTests.xctest/Contents/Frameworks --scan-folder /Users/antti/Library/Developer/Xcode/DerivedData/CloudSyncApp-eqfknxkkaumskxbmezirpyltjfkf/Build/Products/Debug/CloudSyncApp.app/Contents/PlugIns/CloudSyncAppTests.xctest/Contents/PlugIns --scan-folder /Users/antti/Library/Developer/Xcode/DerivedData/CloudSyncApp-eqfknxkkaumskxbmezirpyltjfkf/Build/Products/Debug/CloudSyncApp.app/Contents/PlugIns/CloudSyncAppTests.xctest/Contents/Library/SystemExtensions --scan-folder /Users/antti/Library/Developer/Xcode/DerivedData/CloudSyncApp-eqfknxkkaumskxbmezirpyltjfkf/Build/Products/Debug/CloudSyncApp.app/Contents/PlugIns/CloudSyncAppTests.xctest/Contents/Extensions --scan-folder /Applications/Xcode.app/Contents/Developer/Platforms/MacOSX.platform/Developer/SDKs/MacOSX15.0.sdk/System/Library/Frameworks/Cocoa.framework --platform macosx --toolchain /Applications/Xcode.app/Contents/Developer/Toolchains/XcodeDefault.xctoolchain --destination /Users/antti/Library/Developer/Xcode/DerivedData/CloudSyncApp-eqfknxkkaumskxbmezirpyltjfkf/Build/Products/Debug/CloudSyncApp.app/Contents/PlugIns/CloudSyncAppTests.xctest/Contents/Frameworks --strip-bitcode --scan-executable /Applications/Xcode.app/Contents/Developer/Platforms/MacOSX.platform/Developer/usr/lib/libXCTestSwiftSupport.dylib --strip-bitcode-tool /Applications/Xcode.app/Contents/Developer/Toolchains/XcodeDefault.xctoolchain/usr/bin/bitcode_strip --emit-dependency-info /Users/antti/Library/Developer/Xcode/DerivedData/CloudSyncApp-eqfknxkkaumskxbmezirpyltjfkf/Build/Intermediates.noindex/CloudSyncApp.build/Debug/CloudSyncAppTests.build/SwiftStdLibToolInputDependencies.dep --filter-for-swift-os --back-deploy-swift-span
Ignoring --strip-bitcode because --sign was not passed

ProcessInfoPlistFile /Users/antti/Library/Developer/Xcode/DerivedData/CloudSyncApp-eqfknxkkaumskxbmezirpyltjfkf/Build/Products/Debug/CloudSyncApp.app/Contents/PlugIns/CloudSyncAppTests.xctest/Contents/Info.plist /Users/antti/Claude/CloudSyncApp/Info.plist (in target 'CloudSyncAppTests' from project 'CloudSyncApp')
    cd /Users/antti/Claude
    builtin-infoPlistUtility /Users/antti/Claude/CloudSyncApp/Info.plist -producttype com.apple.product-type.bundle.unit-test -expandbuildsettings -platform macosx -o /Users/antti/Library/Developer/Xcode/DerivedData/CloudSyncApp-eqfknxkkaumskxbmezirpyltjfkf/Build/Products/Debug/CloudSyncApp.app/Contents/PlugIns/CloudSyncAppTests.xctest/Contents/Info.plist

Validate /Users/antti/Library/Developer/Xcode/DerivedData/CloudSyncApp-eqfknxkkaumskxbmezirpyltjfkf/Build/Products/Debug/CloudSyncApp.app (in target 'CloudSyncApp' from project 'CloudSyncApp')
    cd /Users/antti/Claude
    builtin-validationUtility /Users/antti/Library/Developer/Xcode/DerivedData/CloudSyncApp-eqfknxkkaumskxbmezirpyltjfkf/Build/Products/Debug/CloudSyncApp.app -no-validate-extension -infoplist-subpath Contents/Info.plist

RegisterWithLaunchServices /Users/antti/Library/Developer/Xcode/DerivedData/CloudSyncApp-eqfknxkkaumskxbmezirpyltjfkf/Build/Products/Debug/CloudSyncApp.app (in target 'CloudSyncApp' from project 'CloudSyncApp')
    cd /Users/antti/Claude
    /System/Library/Frameworks/CoreServices.framework/Versions/Current/Frameworks/LaunchServices.framework/Versions/Current/Support/lsregister -f -R -trusted /Users/antti/Library/Developer/Xcode/DerivedData/CloudSyncApp-eqfknxkkaumskxbmezirpyltjfkf/Build/Products/Debug/CloudSyncApp.app

2026-01-14 21:24:03.060909+0200 CloudSyncApp[44067:2527242] ApplePersistenceIgnoreState: Existing state will not be touched. New state will be written to /var/folders/8l/x3lz49md45gf0ts109_n64zr0000gn/T/com.yourcompany.CloudSyncApp.savedState
2026-01-14 21:24:03.401474+0200 CloudSyncApp[44067:2527242] [CrashReporting] Crash reporting initialized
[ScheduleManager] Scheduler started with 0 active schedules
2026-01-14 21:24:03.494757+0200 CloudSyncApp[44067:2527242] [notifications] Failed to request notification permission: The operation couldnâ€™t be completed. (UNErrorDomain error 1.)
Test Suite 'All tests' started at 2026-01-14 21:24:03.910.
Test Suite 'CloudSyncAppTests.xctest' started at 2026-01-14 21:24:03.911.
Test Suite 'AccountNameTests' started at 2026-01-14 21:24:03.911.
Test Case '-[CloudSyncAppTests.AccountNameTests testAccountNameDisplayGracefulFallback]' started.
Test Case '-[CloudSyncAppTests.AccountNameTests testAccountNameDisplayGracefulFallback]' passed (0.001 seconds).
Test Case '-[CloudSyncAppTests.AccountNameTests testAccountNameDisplayWithEmail]' started.
Test Case '-[CloudSyncAppTests.AccountNameTests testAccountNameDisplayWithEmail]' passed (0.000 seconds).
Test Case '-[CloudSyncAppTests.AccountNameTests testCloudRemoteAccountNameCodable]' started.
Test Case '-[CloudSyncAppTests.AccountNameTests testCloudRemoteAccountNameCodable]' passed (0.000 seconds).
Test Case '-[CloudSyncAppTests.AccountNameTests testCloudRemoteAccountNameNilCodable]' started.
Test Case '-[CloudSyncAppTests.AccountNameTests testCloudRemoteAccountNameNilCodable]' passed (0.000 seconds).
Test Case '-[CloudSyncAppTests.AccountNameTests testCloudRemoteAccountNameOptional]' started.
Test Case '-[CloudSyncAppTests.AccountNameTests testCloudRemoteAccountNameOptional]' passed (0.000 seconds).
Test Case '-[CloudSyncAppTests.AccountNameTests testCloudRemoteHasAccountName]' started.
Test Case '-[CloudSyncAppTests.AccountNameTests testCloudRemoteHasAccountName]' passed (0.000 seconds).
Test Suite 'AccountNameTests' passed at 2026-01-14 21:24:03.918.
	 Executed 6 tests, with 0 failures (0 unexpected) in 0.003 (0.007) seconds
Test Suite 'AddRemoteViewTests' started at 2026-01-14 21:24:03.918.
Test Case '-[CloudSyncAppTests.AddRemoteViewTests testCaseInsensitiveSearch]' started.
Test Case '-[CloudSyncAppTests.AddRemoteViewTests testCaseInsensitiveSearch]' passed (0.000 seconds).
Test Case '-[CloudSyncAppTests.AddRemoteViewTests testEmptySearchShowsAll]' started.
Test Case '-[CloudSyncAppTests.AddRemoteViewTests testEmptySearchShowsAll]' passed (0.000 seconds).
Test Case '-[CloudSyncAppTests.AddRemoteViewTests testMultipleMatchesForCommonTerms]' started.
Test Case '-[CloudSyncAppTests.AddRemoteViewTests testMultipleMatchesForCommonTerms]' passed (0.000 seconds).
Test Case '-[CloudSyncAppTests.AddRemoteViewTests testNoMatchesReturnsEmpty]' started.
Test Case '-[CloudSyncAppTests.AddRemoteViewTests testNoMatchesReturnsEmpty]' passed (0.000 seconds).
Test Case '-[CloudSyncAppTests.AddRemoteViewTests testPartialNameSearch]' started.
Test Case '-[CloudSyncAppTests.AddRemoteViewTests testPartialNameSearch]' passed (0.000 seconds).
Test Case '-[CloudSyncAppTests.AddRemoteViewTests testProviderDisplayNames]' started.
Test Case '-[CloudSyncAppTests.AddRemoteViewTests testProviderDisplayNames]' passed (0.000 seconds).
Test Case '-[CloudSyncAppTests.AddRemoteViewTests testProviderSearchCoverage]' started.
Test Case '-[CloudSyncAppTests.AddRemoteViewTests testProviderSearchCoverage]' passed (0.001 seconds).
Test Case '-[CloudSyncAppTests.AddRemoteViewTests testProviderSelection]' started.
Test Case '-[CloudSyncAppTests.AddRemoteViewTests testProviderSelection]' passed (0.000 seconds).
Test Case '-[CloudSyncAppTests.AddRemoteViewTests testRemoteNameDefaultsToProviderName]' started.
Test Case '-[CloudSyncAppTests.AddRemoteViewTests testRemoteNameDefaultsToProviderName]' passed (0.000 seconds).
Test Case '-[CloudSyncAppTests.AddRemoteViewTests testRemoteNameFieldStateTransitions]' started.
Test Case '-[CloudSyncAppTests.AddRemoteViewTests testRemoteNameFieldStateTransitions]' passed (0.000 seconds).
Test Case '-[CloudSyncAppTests.AddRemoteViewTests testRemoteNameFieldVisibility]' started.
Test Case '-[CloudSyncAppTests.AddRemoteViewTests testRemoteNameFieldVisibility]' passed (0.002 seconds).
Test Case '-[CloudSyncAppTests.AddRemoteViewTests testSearchFiltersProviders]' started.
Test Case '-[CloudSyncAppTests.AddRemoteViewTests testSearchFiltersProviders]' passed (0.000 seconds).
Test Case '-[CloudSyncAppTests.AddRemoteViewTests testSupportedProvidersOnly]' started.
Test Case '-[CloudSyncAppTests.AddRemoteViewTests testSupportedProvidersOnly]' passed (0.000 seconds).
Test Suite 'AddRemoteViewTests' passed at 2026-01-14 21:24:03.940.
	 Executed 13 tests, with 0 failures (0 unexpected) in 0.007 (0.022) seconds
Test Suite 'BandwidthThrottlingTests' started at 2026-01-14 21:24:03.940.
Test Case '-[CloudSyncAppTests.BandwidthThrottlingTests testBandwidthArgsWhenDisabled]' started.
Test Case '-[CloudSyncAppTests.BandwidthThrottlingTests testBandwidthArgsWhenDisabled]' passed (0.001 seconds).
Test Case '-[CloudSyncAppTests.BandwidthThrottlingTests testBandwidthArgsWithBothLimits]' started.
Test Case '-[CloudSyncAppTests.BandwidthThrottlingTests testBandwidthArgsWithBothLimits]' passed (0.002 seconds).
Test Case '-[CloudSyncAppTests.BandwidthThrottlingTests testBandwidthArgsWithDownloadLimitOnly]' started.
Test Case '-[CloudSyncAppTests.BandwidthThrottlingTests testBandwidthArgsWithDownloadLimitOnly]' passed (0.001 seconds).
Test Case '-[CloudSyncAppTests.BandwidthThrottlingTests testBandwidthArgsWithEqualLimits]' started.
Test Case '-[CloudSyncAppTests.BandwidthThrottlingTests testBandwidthArgsWithEqualLimits]' passed (0.001 seconds).
Test Case '-[CloudSyncAppTests.BandwidthThrottlingTests testBandwidthArgsWithUploadLimitOnly]' started.
Test Case '-[CloudSyncAppTests.BandwidthThrottlingTests testBandwidthArgsWithUploadLimitOnly]' passed (0.001 seconds).
Test Case '-[CloudSyncAppTests.BandwidthThrottlingTests testBandwidthLimitDisabledByDefault]' started.
Test Case '-[CloudSyncAppTests.BandwidthThrottlingTests testBandwidthLimitDisabledByDefault]' passed (0.000 seconds).
Test Case '-[CloudSyncAppTests.BandwidthThrottlingTests testConvertDoubleToString]' started.
Test Case '-[CloudSyncAppTests.BandwidthThrottlingTests testConvertDoubleToString]' passed (0.000 seconds).
Test Case '-[CloudSyncAppTests.BandwidthThrottlingTests testConvertInvalidStringToDouble]' started.
Test Case '-[CloudSyncAppTests.BandwidthThrottlingTests testConvertInvalidStringToDouble]' passed (0.000 seconds).
Test Case '-[CloudSyncAppTests.BandwidthThrottlingTests testConvertStringToDouble]' started.
Test Case '-[CloudSyncAppTests.BandwidthThrottlingTests testConvertStringToDouble]' passed (0.000 seconds).
Test Case '-[CloudSyncAppTests.BandwidthThrottlingTests testDecimalBandwidthLimit]' started.
Test Case '-[CloudSyncAppTests.BandwidthThrottlingTests testDecimalBandwidthLimit]' passed (0.001 seconds).
Test Case '-[CloudSyncAppTests.BandwidthThrottlingTests testDisableBandwidthLimit]' started.
Test Case '-[CloudSyncAppTests.BandwidthThrottlingTests testDisableBandwidthLimit]' passed (0.001 seconds).
Test Case '-[CloudSyncAppTests.BandwidthThrottlingTests testDisabledThrottlingScenario]' started.
Test Case '-[CloudSyncAppTests.BandwidthThrottlingTests testDisabledThrottlingScenario]' passed (0.001 seconds).
Test Case '-[CloudSyncAppTests.BandwidthThrottlingTests testEnableBandwidthLimit]' started.
Test Case '-[CloudSyncAppTests.BandwidthThrottlingTests testEnableBandwidthLimit]' passed (0.001 seconds).
Test Case '-[CloudSyncAppTests.BandwidthThrottlingTests testMeteredConnectionScenario]' started.
Test Case '-[CloudSyncAppTests.BandwidthThrottlingTests testMeteredConnectionScenario]' passed (0.001 seconds).
Test Case '-[CloudSyncAppTests.BandwidthThrottlingTests testNegativeUploadLimit]' started.
Test Case '-[CloudSyncAppTests.BandwidthThrottlingTests testNegativeUploadLimit]' passed (0.001 seconds).
Test Case '-[CloudSyncAppTests.BandwidthThrottlingTests testNighttimeBatchScenario]' started.
Test Case '-[CloudSyncAppTests.BandwidthThrottlingTests testNighttimeBatchScenario]' passed (0.001 seconds).
Test Case '-[CloudSyncAppTests.BandwidthThrottlingTests testSetBothLimits]' started.
Test Case '-[CloudSyncAppTests.BandwidthThrottlingTests testSetBothLimits]' passed (0.001 seconds).
Test Case '-[CloudSyncAppTests.BandwidthThrottlingTests testSetDownloadLimit]' started.
Test Case '-[CloudSyncAppTests.BandwidthThrottlingTests testSetDownloadLimit]' passed (0.001 seconds).
Test Case '-[CloudSyncAppTests.BandwidthThrottlingTests testSettingsPersistence]' started.
Test Case '-[CloudSyncAppTests.BandwidthThrottlingTests testSettingsPersistence]' passed (0.001 seconds).
Test Case '-[CloudSyncAppTests.BandwidthThrottlingTests testSetUploadLimit]' started.
Test Case '-[CloudSyncAppTests.BandwidthThrottlingTests testSetUploadLimit]' passed (0.001 seconds).
Test Case '-[CloudSyncAppTests.BandwidthThrottlingTests testTypicalHomeUserScenario]' started.
Test Case '-[CloudSyncAppTests.BandwidthThrottlingTests testTypicalHomeUserScenario]' passed (0.001 seconds).
Test Case '-[CloudSyncAppTests.BandwidthThrottlingTests testUnlimitedDownloadSpeed]' started.
Test Case '-[CloudSyncAppTests.BandwidthThrottlingTests testUnlimitedDownloadSpeed]' passed (0.001 seconds).
Test Case '-[CloudSyncAppTests.BandwidthThrottlingTests testUnlimitedUploadSpeed]' started.
Test Case '-[CloudSyncAppTests.BandwidthThrottlingTests testUnlimitedUploadSpeed]' passed (0.001 seconds).
Test Case '-[CloudSyncAppTests.BandwidthThrottlingTests testVeryHighBandwidthLimit]' started.
Test Case '-[CloudSyncAppTests.BandwidthThrottlingTests testVeryHighBandwidthLimit]' passed (0.001 seconds).
Test Case '-[CloudSyncAppTests.BandwidthThrottlingTests testVerySmallBandwidthLimit]' started.
Test Case '-[CloudSyncAppTests.BandwidthThrottlingTests testVerySmallBandwidthLimit]' passed (0.001 seconds).
Test Suite 'BandwidthThrottlingTests' passed at 2026-01-14 21:24:03.960.
	 Executed 25 tests, with 0 failures (0 unexpected) in 0.017 (0.020) seconds
Test Suite 'BandwidthThrottlingUITests' started at 2026-01-14 21:24:03.960.
Test Case '-[CloudSyncAppTests.BandwidthThrottlingUITests testBandwidthDisabledByDefault]' started.
Test Case '-[CloudSyncAppTests.BandwidthThrottlingUITests testBandwidthDisabledByDefault]' passed (0.000 seconds).
Test Case '-[CloudSyncAppTests.BandwidthThrottlingUITests testBandwidthEnabledPersistence]' started.
Test Case '-[CloudSyncAppTests.BandwidthThrottlingUITests testBandwidthEnabledPersistence]' passed (0.001 seconds).
Test Case '-[CloudSyncAppTests.BandwidthThrottlingUITests testDownloadLimitPersistence]' started.
Test Case '-[CloudSyncAppTests.BandwidthThrottlingUITests testDownloadLimitPersistence]' passed (0.000 seconds).
Test Case '-[CloudSyncAppTests.BandwidthThrottlingUITests testIndependentUploadDownloadLimits]' started.
Test Case '-[CloudSyncAppTests.BandwidthThrottlingUITests testIndependentUploadDownloadLimits]' passed (0.001 seconds).
Test Case '-[CloudSyncAppTests.BandwidthThrottlingUITests testPresetValues]' started.
Test Case '-[CloudSyncAppTests.BandwidthThrottlingUITests testPresetValues]' passed (0.001 seconds).
Test Case '-[CloudSyncAppTests.BandwidthThrottlingUITests testUploadLimitPersistence]' started.
Test Case '-[CloudSyncAppTests.BandwidthThrottlingUITests testUploadLimitPersistence]' passed (0.000 seconds).
Test Case '-[CloudSyncAppTests.BandwidthThrottlingUITests testZeroLimitMeansUnlimited]' started.
Test Case '-[CloudSyncAppTests.BandwidthThrottlingUITests testZeroLimitMeansUnlimited]' passed (0.001 seconds).
Test Suite 'BandwidthThrottlingUITests' passed at 2026-01-14 21:24:03.966.
	 Executed 7 tests, with 0 failures (0 unexpected) in 0.004 (0.006) seconds
Test Suite 'CloudProviderTests' started at 2026-01-14 21:24:03.966.
Test Case '-[CloudSyncAppTests.CloudProviderTests testAllProviderTypes]' started.
Test Case '-[CloudSyncAppTests.CloudProviderTests testAllProviderTypes]' passed (0.000 seconds).
Test Case '-[CloudSyncAppTests.CloudProviderTests testCloudRemote_DisplayColor]' started.
Test Case '-[CloudSyncAppTests.CloudProviderTests testCloudRemote_DisplayColor]' passed (0.000 seconds).
Test Case '-[CloudSyncAppTests.CloudProviderTests testCloudRemote_DisplayIcon]' started.
Test Case '-[CloudSyncAppTests.CloudProviderTests testCloudRemote_DisplayIcon]' passed (0.000 seconds).
Test Case '-[CloudSyncAppTests.CloudProviderTests testCloudRemote_Equality]' started.
Test Case '-[CloudSyncAppTests.CloudProviderTests testCloudRemote_Equality]' passed (0.001 seconds).
Test Case '-[CloudSyncAppTests.CloudProviderTests testCloudRemote_Hashable]' started.
Test Case '-[CloudSyncAppTests.CloudProviderTests testCloudRemote_Hashable]' passed (0.000 seconds).
Test Case '-[CloudSyncAppTests.CloudProviderTests testCloudRemote_LocalStorage]' started.
Test Case '-[CloudSyncAppTests.CloudProviderTests testCloudRemote_LocalStorage]' passed (0.000 seconds).
Test Case '-[CloudSyncAppTests.CloudProviderTests testCloudRemote_RcloneName_Custom]' started.
Test Case '-[CloudSyncAppTests.CloudProviderTests testCloudRemote_RcloneName_Custom]' passed (0.000 seconds).
Test Case '-[CloudSyncAppTests.CloudProviderTests testCloudRemote_RcloneName_Default]' started.
Test Case '-[CloudSyncAppTests.CloudProviderTests testCloudRemote_RcloneName_Default]' passed (0.000 seconds).
Test Case '-[CloudSyncAppTests.CloudProviderTests testDefaultRcloneName]' started.
Test Case '-[CloudSyncAppTests.CloudProviderTests testDefaultRcloneName]' passed (0.001 seconds).
Test Case '-[CloudSyncAppTests.CloudProviderTests testDisplayIcon]' started.
Test Case '-[CloudSyncAppTests.CloudProviderTests testDisplayIcon]' passed (0.000 seconds).
Test Case '-[CloudSyncAppTests.CloudProviderTests testDisplayName]' started.
Test Case '-[CloudSyncAppTests.CloudProviderTests testDisplayName]' passed (0.000 seconds).
Test Case '-[CloudSyncAppTests.CloudProviderTests testIsSupported]' started.
Test Case '-[CloudSyncAppTests.CloudProviderTests testIsSupported]' passed (0.000 seconds).
Test Case '-[CloudSyncAppTests.CloudProviderTests testJottacloudDisplayName]' started.
Test Case '-[CloudSyncAppTests.CloudProviderTests testJottacloudDisplayName]' passed (0.000 seconds).
Test Case '-[CloudSyncAppTests.CloudProviderTests testJottacloudIsSupported]' started.
Test Case '-[CloudSyncAppTests.CloudProviderTests testJottacloudIsSupported]' passed (0.001 seconds).
Test Case '-[CloudSyncAppTests.CloudProviderTests testJottacloudNotExperimental]' started.
Test Case '-[CloudSyncAppTests.CloudProviderTests testJottacloudNotExperimental]' passed (0.000 seconds).
Test Case '-[CloudSyncAppTests.CloudProviderTests testJottacloudRcloneType]' started.
Test Case '-[CloudSyncAppTests.CloudProviderTests testJottacloudRcloneType]' passed (0.000 seconds).
Test Case '-[CloudSyncAppTests.CloudProviderTests testNoExperimentalProviders]' started.
Test Case '-[CloudSyncAppTests.CloudProviderTests testNoExperimentalProviders]' passed (0.000 seconds).
Test Case '-[CloudSyncAppTests.CloudProviderTests testRequiresOAuth]' started.
Test Case '-[CloudSyncAppTests.CloudProviderTests testRequiresOAuth]' passed (0.000 seconds).
Test Suite 'CloudProviderTests' passed at 2026-01-14 21:24:03.977.
	 Executed 18 tests, with 0 failures (0 unexpected) in 0.008 (0.010) seconds
Test Suite 'CloudSyncUltraIntegrationTests' started at 2026-01-14 21:24:03.979.
Test Case '-[CloudSyncAppTests.CloudSyncUltraIntegrationTests testAllOAuthProvidersAreSupported]' started.
Test Case '-[CloudSyncAppTests.CloudSyncUltraIntegrationTests testAllOAuthProvidersAreSupported]' passed (0.000 seconds).
Test Case '-[CloudSyncAppTests.CloudSyncUltraIntegrationTests testAllProvidersAreCodable]' started.
Test Case '-[CloudSyncAppTests.CloudSyncUltraIntegrationTests testAllProvidersAreCodable]' passed (0.000 seconds).
Test Case '-[CloudSyncAppTests.CloudSyncUltraIntegrationTests testAllProvidersHaveBrandColors]' started.
Test Case '-[CloudSyncAppTests.CloudSyncUltraIntegrationTests testAllProvidersHaveBrandColors]' passed (0.001 seconds).
Test Case '-[CloudSyncAppTests.CloudSyncUltraIntegrationTests testAllProvidersHaveDefaultNames]' started.
Test Case '-[CloudSyncAppTests.CloudSyncUltraIntegrationTests testAllProvidersHaveDefaultNames]' passed (0.000 seconds).
Test Case '-[CloudSyncAppTests.CloudSyncUltraIntegrationTests testAllProvidersHaveDisplayNames]' started.
Test Case '-[CloudSyncAppTests.CloudSyncUltraIntegrationTests testAllProvidersHaveDisplayNames]' passed (0.000 seconds).
Test Case '-[CloudSyncAppTests.CloudSyncUltraIntegrationTests testAllProvidersHaveIcons]' started.
Test Case '-[CloudSyncAppTests.CloudSyncUltraIntegrationTests testAllProvidersHaveIcons]' passed (0.000 seconds).
Test Case '-[CloudSyncAppTests.CloudSyncUltraIntegrationTests testAllProvidersHaveRcloneTypes]' started.
Test Case '-[CloudSyncAppTests.CloudSyncUltraIntegrationTests testAllProvidersHaveRcloneTypes]' passed (0.000 seconds).
Test Case '-[CloudSyncAppTests.CloudSyncUltraIntegrationTests testAuthenticationMethodDistribution]' started.
Test Case '-[CloudSyncAppTests.CloudSyncUltraIntegrationTests testAuthenticationMethodDistribution]' passed (0.000 seconds).
Test Case '-[CloudSyncAppTests.CloudSyncUltraIntegrationTests testCloudSyncUltraCompleteness]' started.
Test Case '-[CloudSyncAppTests.CloudSyncUltraIntegrationTests testCloudSyncUltraCompleteness]' passed (0.001 seconds).
Test Case '-[CloudSyncAppTests.CloudSyncUltraIntegrationTests testConsumerCloudProviders]' started.
Test Case '-[CloudSyncAppTests.CloudSyncUltraIntegrationTests testConsumerCloudProviders]' passed (0.000 seconds).
Test Case '-[CloudSyncAppTests.CloudSyncUltraIntegrationTests testEnterpriseProviders]' started.
Test Case '-[CloudSyncAppTests.CloudSyncUltraIntegrationTests testEnterpriseProviders]' passed (0.000 seconds).
Test Case '-[CloudSyncAppTests.CloudSyncUltraIntegrationTests testEuropeanProviders]' started.
Test Case '-[CloudSyncAppTests.CloudSyncUltraIntegrationTests testEuropeanProviders]' passed (0.000 seconds).
Test Case '-[CloudSyncAppTests.CloudSyncUltraIntegrationTests testExperimentalProviderHasNote]' started.
Test Case '-[CloudSyncAppTests.CloudSyncUltraIntegrationTests testExperimentalProviderHasNote]' passed (0.000 seconds).
Test Case '-[CloudSyncAppTests.CloudSyncUltraIntegrationTests testExperimentalProviders]' started.
Test Case '-[CloudSyncAppTests.CloudSyncUltraIntegrationTests testExperimentalProviders]' passed (0.000 seconds).
Test Case '-[CloudSyncAppTests.CloudSyncUltraIntegrationTests testIndustryLeadingOAuthCount]' started.
Test Case '-[CloudSyncAppTests.CloudSyncUltraIntegrationTests testIndustryLeadingOAuthCount]' passed (0.000 seconds).
Test Case '-[CloudSyncAppTests.CloudSyncUltraIntegrationTests testIndustryLeadingProviderCount]' started.
Test Case '-[CloudSyncAppTests.CloudSyncUltraIntegrationTests testIndustryLeadingProviderCount]' passed (0.000 seconds).
Test Case '-[CloudSyncAppTests.CloudSyncUltraIntegrationTests testInternationalProviders]' started.
Test Case '-[CloudSyncAppTests.CloudSyncUltraIntegrationTests testInternationalProviders]' passed (0.000 seconds).
Test Case '-[CloudSyncAppTests.CloudSyncUltraIntegrationTests testMediaProviders]' started.
Test Case '-[CloudSyncAppTests.CloudSyncUltraIntegrationTests testMediaProviders]' passed (0.000 seconds).
Test Case '-[CloudSyncAppTests.CloudSyncUltraIntegrationTests testNordicProviders]' started.
Test Case '-[CloudSyncAppTests.CloudSyncUltraIntegrationTests testNordicProviders]' passed (0.000 seconds).
Test Case '-[CloudSyncAppTests.CloudSyncUltraIntegrationTests testOAuthProviderCount]' started.
Test Case '-[CloudSyncAppTests.CloudSyncUltraIntegrationTests testOAuthProviderCount]' passed (0.000 seconds).
Test Case '-[CloudSyncAppTests.CloudSyncUltraIntegrationTests testObjectStorageProviders]' started.
Test Case '-[CloudSyncAppTests.CloudSyncUltraIntegrationTests testObjectStorageProviders]' passed (0.000 seconds).
Test Case '-[CloudSyncAppTests.CloudSyncUltraIntegrationTests testProtocolProviders]' started.
Test Case '-[CloudSyncAppTests.CloudSyncUltraIntegrationTests testProtocolProviders]' passed (0.000 seconds).
Test Case '-[CloudSyncAppTests.CloudSyncUltraIntegrationTests testProviderCountBreakdown]' started.
Test Case '-[CloudSyncAppTests.CloudSyncUltraIntegrationTests testProviderCountBreakdown]' passed (0.000 seconds).
Test Case '-[CloudSyncAppTests.CloudSyncUltraIntegrationTests testProviderGrowth]' started.
Test Case '-[CloudSyncAppTests.CloudSyncUltraIntegrationTests testProviderGrowth]' passed (0.000 seconds).
Test Case '-[CloudSyncAppTests.CloudSyncUltraIntegrationTests testSelfHostedProviders]' started.
Test Case '-[CloudSyncAppTests.CloudSyncUltraIntegrationTests testSelfHostedProviders]' passed (0.000 seconds).
Test Case '-[CloudSyncAppTests.CloudSyncUltraIntegrationTests testSpecializedProviders]' started.
Test Case '-[CloudSyncAppTests.CloudSyncUltraIntegrationTests testSpecializedProviders]' passed (0.000 seconds).
Test Case '-[CloudSyncAppTests.CloudSyncUltraIntegrationTests testTotalProviderCount]' started.
Test Case '-[CloudSyncAppTests.CloudSyncUltraIntegrationTests testTotalProviderCount]' passed (0.000 seconds).
Test Case '-[CloudSyncAppTests.CloudSyncUltraIntegrationTests testUniqueFeatures]' started.
Test Case '-[CloudSyncAppTests.CloudSyncUltraIntegrationTests testUniqueFeatures]' passed (0.000 seconds).
Test Case '-[CloudSyncAppTests.CloudSyncUltraIntegrationTests testUnsupportedProviders]' started.
Test Case '-[CloudSyncAppTests.CloudSyncUltraIntegrationTests testUnsupportedProviders]' passed (0.000 seconds).
Test Suite 'CloudSyncUltraIntegrationTests' passed at 2026-01-14 21:24:03.997.
	 Executed 29 tests, with 0 failures (0 unexpected) in 0.010 (0.018) seconds
Test Suite 'EncryptionManagerTests' started at 2026-01-14 21:24:03.997.
Test Case '-[CloudSyncAppTests.EncryptionManagerTests testCompleteEncryptionSetup]' started.
Test Case '-[CloudSyncAppTests.EncryptionManagerTests testCompleteEncryptionSetup]' passed (0.004 seconds).
Test Case '-[CloudSyncAppTests.EncryptionManagerTests testConcurrentAccessSafety]' started.
Test Case '-[CloudSyncAppTests.EncryptionManagerTests testConcurrentAccessSafety]' passed (0.002 seconds).
Test Case '-[CloudSyncAppTests.EncryptionManagerTests testDeleteCredentialsWhenNoneExist]' started.
Test Case '-[CloudSyncAppTests.EncryptionManagerTests testDeleteCredentialsWhenNoneExist]' passed (0.000 seconds).
Test Case '-[CloudSyncAppTests.EncryptionManagerTests testDeleteEncryptionCredentials]' started.
Test Case '-[CloudSyncAppTests.EncryptionManagerTests testDeleteEncryptionCredentials]' passed (0.001 seconds).
Test Case '-[CloudSyncAppTests.EncryptionManagerTests testDisableEncryption]' started.
Test Case '-[CloudSyncAppTests.EncryptionManagerTests testDisableEncryption]' passed (0.001 seconds).
Test Case '-[CloudSyncAppTests.EncryptionManagerTests testDisableEncryptionWorkflow]' started.
Test Case '-[CloudSyncAppTests.EncryptionManagerTests testDisableEncryptionWorkflow]' passed (0.001 seconds).
Test Case '-[CloudSyncAppTests.EncryptionManagerTests testDisableFilenameEncryption]' started.
Test Case '-[CloudSyncAppTests.EncryptionManagerTests testDisableFilenameEncryption]' passed (0.001 seconds).
Test Case '-[CloudSyncAppTests.EncryptionManagerTests testEnableEncryption]' started.
Test Case '-[CloudSyncAppTests.EncryptionManagerTests testEnableEncryption]' passed (0.001 seconds).
Test Case '-[CloudSyncAppTests.EncryptionManagerTests testEnableFilenameEncryption]' started.
Test Case '-[CloudSyncAppTests.EncryptionManagerTests testEnableFilenameEncryption]' passed (0.001 seconds).
Test Case '-[CloudSyncAppTests.EncryptionManagerTests testEncryptedRemoteName]' started.
Test Case '-[CloudSyncAppTests.EncryptionManagerTests testEncryptedRemoteName]' passed (0.000 seconds).
Test Case '-[CloudSyncAppTests.EncryptionManagerTests testEncryptFilenamesDisabledByDefault]' started.
Test Case '-[CloudSyncAppTests.EncryptionManagerTests testEncryptFilenamesDisabledByDefault]' passed (0.000 seconds).
Test Case '-[CloudSyncAppTests.EncryptionManagerTests testEncryptFilenamesPersistence]' started.
Test Case '-[CloudSyncAppTests.EncryptionManagerTests testEncryptFilenamesPersistence]' passed (0.001 seconds).
Test Case '-[CloudSyncAppTests.EncryptionManagerTests testEncryptionConfiguredWhenPasswordAndSaltSet]' started.
Test Case '-[CloudSyncAppTests.EncryptionManagerTests testEncryptionConfiguredWhenPasswordAndSaltSet]' passed (0.001 seconds).
Test Case '-[CloudSyncAppTests.EncryptionManagerTests testEncryptionDisabledByDefault]' started.
Test Case '-[CloudSyncAppTests.EncryptionManagerTests testEncryptionDisabledByDefault]' passed (0.000 seconds).
Test Case '-[CloudSyncAppTests.EncryptionManagerTests testEncryptionEnabledPersistence]' started.
Test Case '-[CloudSyncAppTests.EncryptionManagerTests testEncryptionEnabledPersistence]' passed (0.001 seconds).
Test Case '-[CloudSyncAppTests.EncryptionManagerTests testEncryptionManagerSingleton]' started.
Test Case '-[CloudSyncAppTests.EncryptionManagerTests testEncryptionManagerSingleton]' passed (0.000 seconds).
Test Case '-[CloudSyncAppTests.EncryptionManagerTests testEncryptionNotConfiguredInitially]' started.
Test Case '-[CloudSyncAppTests.EncryptionManagerTests testEncryptionNotConfiguredInitially]' passed (0.000 seconds).
Test Case '-[CloudSyncAppTests.EncryptionManagerTests testEncryptionNotConfiguredWithOnlyPassword]' started.
Test Case '-[CloudSyncAppTests.EncryptionManagerTests testEncryptionNotConfiguredWithOnlyPassword]' passed (0.001 seconds).
Test Case '-[CloudSyncAppTests.EncryptionManagerTests testEncryptionNotConfiguredWithOnlySalt]' started.
Test Case '-[CloudSyncAppTests.EncryptionManagerTests testEncryptionNotConfiguredWithOnlySalt]' passed (0.001 seconds).
Test Case '-[CloudSyncAppTests.EncryptionManagerTests testGenerateSecurePassword]' started.
Test Case '-[CloudSyncAppTests.EncryptionManagerTests testGenerateSecurePassword]' passed (0.000 seconds).
Test Case '-[CloudSyncAppTests.EncryptionManagerTests testGenerateSecurePasswordContainsValidCharacters]' started.
Test Case '-[CloudSyncAppTests.EncryptionManagerTests testGenerateSecurePasswordContainsValidCharacters]' passed (0.000 seconds).
Test Case '-[CloudSyncAppTests.EncryptionManagerTests testGenerateSecurePasswordCustomLength]' started.
Test Case '-[CloudSyncAppTests.EncryptionManagerTests testGenerateSecurePasswordCustomLength]' passed (0.000 seconds).
Test Case '-[CloudSyncAppTests.EncryptionManagerTests testGenerateSecurePasswordIsRandom]' started.
Test Case '-[CloudSyncAppTests.EncryptionManagerTests testGenerateSecurePasswordIsRandom]' passed (0.000 seconds).
Test Case '-[CloudSyncAppTests.EncryptionManagerTests testGenerateSecureSalt]' started.
Test Case '-[CloudSyncAppTests.EncryptionManagerTests testGenerateSecureSalt]' passed (0.000 seconds).
Test Case '-[CloudSyncAppTests.EncryptionManagerTests testGenerateSecureSaltCustomLength]' started.
Test Case '-[CloudSyncAppTests.EncryptionManagerTests testGenerateSecureSaltCustomLength]' passed (0.000 seconds).
Test Case '-[CloudSyncAppTests.EncryptionManagerTests testGenerateSecureSaltIsRandom]' started.
Test Case '-[CloudSyncAppTests.EncryptionManagerTests testGenerateSecureSaltIsRandom]' passed (0.002 seconds).
Test Case '-[CloudSyncAppTests.EncryptionManagerTests testMultipleRapidPasswordChanges]' started.
Test Case '-[CloudSyncAppTests.EncryptionManagerTests testMultipleRapidPasswordChanges]' passed (0.001 seconds).
Test Case '-[CloudSyncAppTests.EncryptionManagerTests testOverwriteExistingPassword]' started.
Test Case '-[CloudSyncAppTests.EncryptionManagerTests testOverwriteExistingPassword]' passed (0.001 seconds).
Test Case '-[CloudSyncAppTests.EncryptionManagerTests testOverwriteExistingSalt]' started.
Test Case '-[CloudSyncAppTests.EncryptionManagerTests testOverwriteExistingSalt]' passed (0.001 seconds).
Test Case '-[CloudSyncAppTests.EncryptionManagerTests testPasswordReturnsNilWhenNotSet]' started.
Test Case '-[CloudSyncAppTests.EncryptionManagerTests testPasswordReturnsNilWhenNotSet]' passed (0.000 seconds).
Test Case '-[CloudSyncAppTests.EncryptionManagerTests testSaltReturnsNilWhenNotSet]' started.
Test Case '-[CloudSyncAppTests.EncryptionManagerTests testSaltReturnsNilWhenNotSet]' passed (0.000 seconds).
Test Case '-[CloudSyncAppTests.EncryptionManagerTests testSaveAndRetrievePassword]' started.
Test Case '-[CloudSyncAppTests.EncryptionManagerTests testSaveAndRetrievePassword]' passed (0.001 seconds).
Test Case '-[CloudSyncAppTests.EncryptionManagerTests testSaveAndRetrieveSalt]' started.
Test Case '-[CloudSyncAppTests.EncryptionManagerTests testSaveAndRetrieveSalt]' passed (0.001 seconds).
Test Case '-[CloudSyncAppTests.EncryptionManagerTests testSaveEmptyPassword]' started.
Test Case '-[CloudSyncAppTests.EncryptionManagerTests testSaveEmptyPassword]' passed (0.001 seconds).
Test Case '-[CloudSyncAppTests.EncryptionManagerTests testSavePasswordWithNonASCII]' started.
Test Case '-[CloudSyncAppTests.EncryptionManagerTests testSavePasswordWithNonASCII]' passed (0.001 seconds).
Test Case '-[CloudSyncAppTests.EncryptionManagerTests testSavePasswordWithSpecialCharacters]' started.
Test Case '-[CloudSyncAppTests.EncryptionManagerTests testSavePasswordWithSpecialCharacters]' passed (0.002 seconds).
Test Case '-[CloudSyncAppTests.EncryptionManagerTests testSavePasswordWithUnicode]' started.
Test Case '-[CloudSyncAppTests.EncryptionManagerTests testSavePasswordWithUnicode]' passed (0.001 seconds).
Test Case '-[CloudSyncAppTests.EncryptionManagerTests testSaveSaltWithSpecialCharacters]' started.
Test Case '-[CloudSyncAppTests.EncryptionManagerTests testSaveSaltWithSpecialCharacters]' passed (0.001 seconds).
Test Case '-[CloudSyncAppTests.EncryptionManagerTests testSaveVeryLongPassword]' started.
Test Case '-[CloudSyncAppTests.EncryptionManagerTests testSaveVeryLongPassword]' passed (0.001 seconds).
Test Suite 'EncryptionManagerTests' passed at 2026-01-14 21:24:04.030.
	 Executed 39 tests, with 0 failures (0 unexpected) in 0.028 (0.033) seconds
Test Suite 'ErrorNotificationManagerTests' started at 2026-01-14 21:24:04.030.
Test Case '-[CloudSyncAppTests.ErrorNotificationManagerTests testCriticalErrorFlag]' started.
ðŸ”” ErrorNotificationManager: Error notification shown: Critical error
Test Case '-[CloudSyncAppTests.ErrorNotificationManagerTests testCriticalErrorFlag]' passed (0.001 seconds).
Test Case '-[CloudSyncAppTests.ErrorNotificationManagerTests testDismissRemovesError]' started.
ðŸ”” ErrorNotificationManager: Error notification shown: Connection timeout
Test Case '-[CloudSyncAppTests.ErrorNotificationManagerTests testDismissRemovesError]' passed (0.000 seconds).
Test Case '-[CloudSyncAppTests.ErrorNotificationManagerTests testErrorContext]' started.
ðŸ”” ErrorNotificationManager: Error notification shown: File not found
Test Case '-[CloudSyncAppTests.ErrorNotificationManagerTests testErrorContext]' passed (0.000 seconds).
Test Case '-[CloudSyncAppTests.ErrorNotificationManagerTests testShowErrorAddsToActiveErrors]' started.
ðŸ”” ErrorNotificationManager: Error notification shown: Connection timeout
Test Case '-[CloudSyncAppTests.ErrorNotificationManagerTests testShowErrorAddsToActiveErrors]' passed (0.000 seconds).
Test Suite 'ErrorNotificationManagerTests' passed at 2026-01-14 21:24:04.034.
	 Executed 4 tests, with 0 failures (0 unexpected) in 0.002 (0.004) seconds
Test Suite 'FileItemTests' started at 2026-01-14 21:24:04.034.
Test Case '-[CloudSyncAppTests.FileItemTests testEquality_DifferentID]' started.
Test Case '-[CloudSyncAppTests.FileItemTests testEquality_DifferentID]' passed (0.000 seconds).
Test Case '-[CloudSyncAppTests.FileItemTests testEquality_SameID]' started.
Test Case '-[CloudSyncAppTests.FileItemTests testEquality_SameID]' passed (0.000 seconds).
Test Case '-[CloudSyncAppTests.FileItemTests testFormattedDate_NotEmpty]' started.
Test Case '-[CloudSyncAppTests.FileItemTests testFormattedDate_NotEmpty]' passed (0.000 seconds).
Test Case '-[CloudSyncAppTests.FileItemTests testFormattedSize_Bytes]' started.
Test Case '-[CloudSyncAppTests.FileItemTests testFormattedSize_Bytes]' passed (0.001 seconds).
Test Case '-[CloudSyncAppTests.FileItemTests testFormattedSize_Directory]' started.
Test Case '-[CloudSyncAppTests.FileItemTests testFormattedSize_Directory]' passed (0.000 seconds).
Test Case '-[CloudSyncAppTests.FileItemTests testFormattedSize_Gigabytes]' started.
Test Case '-[CloudSyncAppTests.FileItemTests testFormattedSize_Gigabytes]' passed (0.000 seconds).
Test Case '-[CloudSyncAppTests.FileItemTests testFormattedSize_Kilobytes]' started.
Test Case '-[CloudSyncAppTests.FileItemTests testFormattedSize_Kilobytes]' passed (0.000 seconds).
Test Case '-[CloudSyncAppTests.FileItemTests testFormattedSize_Megabytes]' started.
Test Case '-[CloudSyncAppTests.FileItemTests testFormattedSize_Megabytes]' passed (0.000 seconds).
Test Case '-[CloudSyncAppTests.FileItemTests testHashable]' started.
Test Case '-[CloudSyncAppTests.FileItemTests testHashable]' passed (0.000 seconds).
Test Case '-[CloudSyncAppTests.FileItemTests testIcon_AudioFile]' started.
Test Case '-[CloudSyncAppTests.FileItemTests testIcon_AudioFile]' passed (0.000 seconds).
Test Case '-[CloudSyncAppTests.FileItemTests testIcon_Directory]' started.
Test Case '-[CloudSyncAppTests.FileItemTests testIcon_Directory]' passed (0.000 seconds).
Test Case '-[CloudSyncAppTests.FileItemTests testIcon_ImageFile]' started.
Test Case '-[CloudSyncAppTests.FileItemTests testIcon_ImageFile]' passed (0.002 seconds).
Test Case '-[CloudSyncAppTests.FileItemTests testIcon_PDFFile]' started.
Test Case '-[CloudSyncAppTests.FileItemTests testIcon_PDFFile]' passed (0.000 seconds).
Test Case '-[CloudSyncAppTests.FileItemTests testIcon_VideoFile]' started.
Test Case '-[CloudSyncAppTests.FileItemTests testIcon_VideoFile]' passed (0.000 seconds).
Test Case '-[CloudSyncAppTests.FileItemTests testIcon_ZipFile]' started.
Test Case '-[CloudSyncAppTests.FileItemTests testIcon_ZipFile]' passed (0.000 seconds).
Test Suite 'FileItemTests' passed at 2026-01-14 21:24:04.044.
	 Executed 15 tests, with 0 failures (0 unexpected) in 0.008 (0.010) seconds
Test Suite 'HelpCategoryTests' started at 2026-01-14 21:24:04.044.
Test Case '-[CloudSyncAppTests.HelpCategoryTests testAllCategoriesExist]' started.
Test Case '-[CloudSyncAppTests.HelpCategoryTests testAllCategoriesExist]' passed (0.000 seconds).
Test Case '-[CloudSyncAppTests.HelpCategoryTests testAllCategoriesHaveCompleteImplementation]' started.
Test Case '-[CloudSyncAppTests.HelpCategoryTests testAllCategoriesHaveCompleteImplementation]' passed (0.002 seconds).
Test Case '-[CloudSyncAppTests.HelpCategoryTests testCategoryDisplayNames]' started.
Test Case '-[CloudSyncAppTests.HelpCategoryTests testCategoryDisplayNames]' passed (0.000 seconds).
Test Case '-[CloudSyncAppTests.HelpCategoryTests testCategoryEncodeDecode]' started.
Test Case '-[CloudSyncAppTests.HelpCategoryTests testCategoryEncodeDecode]' passed (0.000 seconds).
Test Case '-[CloudSyncAppTests.HelpCategoryTests testCategoryIconNames]' started.
Test Case '-[CloudSyncAppTests.HelpCategoryTests testCategoryIconNames]' passed (0.000 seconds).
Test Case '-[CloudSyncAppTests.HelpCategoryTests testCategoryIdentifiable]' started.
Test Case '-[CloudSyncAppTests.HelpCategoryTests testCategoryIdentifiable]' passed (0.000 seconds).
Test Case '-[CloudSyncAppTests.HelpCategoryTests testCategorySortOrder]' started.
Test Case '-[CloudSyncAppTests.HelpCategoryTests testCategorySortOrder]' passed (0.000 seconds).
Test Case '-[CloudSyncAppTests.HelpCategoryTests testFilterEmptyCategoryReturnsEmpty]' started.
Test Case '-[CloudSyncAppTests.HelpCategoryTests testFilterEmptyCategoryReturnsEmpty]' passed (0.000 seconds).
Test Case '-[CloudSyncAppTests.HelpCategoryTests testFilterMultipleCategories]' started.
Test Case '-[CloudSyncAppTests.HelpCategoryTests testFilterMultipleCategories]' passed (0.000 seconds).
Test Case '-[CloudSyncAppTests.HelpCategoryTests testFilterTopicsByCategory]' started.
Test Case '-[CloudSyncAppTests.HelpCategoryTests testFilterTopicsByCategory]' passed (0.000 seconds).
Test Suite 'HelpCategoryTests' passed at 2026-01-14 21:24:04.052.
	 Executed 10 tests, with 0 failures (0 unexpected) in 0.006 (0.008) seconds
Test Suite 'HelpTopicTests' started at 2026-01-14 21:24:04.052.
Test Case '-[CloudSyncAppTests.HelpTopicTests testContentMatchLowestScore]' started.
Test Case '-[CloudSyncAppTests.HelpTopicTests testContentMatchLowestScore]' passed (0.000 seconds).
Test Case '-[CloudSyncAppTests.HelpTopicTests testEmptyKeywordsArray]' started.
Test Case '-[CloudSyncAppTests.HelpTopicTests testEmptyKeywordsArray]' passed (0.000 seconds).
Test Case '-[CloudSyncAppTests.HelpTopicTests testExactTitleMatchHighest]' started.
Test Case '-[CloudSyncAppTests.HelpTopicTests testExactTitleMatchHighest]' passed (0.000 seconds).
Test Case '-[CloudSyncAppTests.HelpTopicTests testHelpTopicArrayEncoding]' started.
Test Case '-[CloudSyncAppTests.HelpTopicTests testHelpTopicArrayEncoding]' passed (0.000 seconds).
Test Case '-[CloudSyncAppTests.HelpTopicTests testHelpTopicDecodesFromJSON]' started.
Test Case '-[CloudSyncAppTests.HelpTopicTests testHelpTopicDecodesFromJSON]' passed (0.000 seconds).
Test Case '-[CloudSyncAppTests.HelpTopicTests testHelpTopicDefaultValues]' started.
Test Case '-[CloudSyncAppTests.HelpTopicTests testHelpTopicDefaultValues]' passed (0.000 seconds).
Test Case '-[CloudSyncAppTests.HelpTopicTests testHelpTopicEncodesToJSON]' started.
Test Case '-[CloudSyncAppTests.HelpTopicTests testHelpTopicEncodesToJSON]' passed (0.002 seconds).
Test Case '-[CloudSyncAppTests.HelpTopicTests testHelpTopicEquatableByID]' started.
Test Case '-[CloudSyncAppTests.HelpTopicTests testHelpTopicEquatableByID]' passed (0.000 seconds).
Test Case '-[CloudSyncAppTests.HelpTopicTests testHelpTopicFullInitialization]' started.
Test Case '-[CloudSyncAppTests.HelpTopicTests testHelpTopicFullInitialization]' passed (0.000 seconds).
Test Case '-[CloudSyncAppTests.HelpTopicTests testHelpTopicHashableByID]' started.
Test Case '-[CloudSyncAppTests.HelpTopicTests testHelpTopicHashableByID]' passed (0.000 seconds).
Test Case '-[CloudSyncAppTests.HelpTopicTests testHelpTopicOptionalRelatedTopicsEncode]' started.
Test Case '-[CloudSyncAppTests.HelpTopicTests testHelpTopicOptionalRelatedTopicsEncode]' passed (0.000 seconds).
Test Case '-[CloudSyncAppTests.HelpTopicTests testHelpTopicRoundTrip]' started.
Test Case '-[CloudSyncAppTests.HelpTopicTests testHelpTopicRoundTrip]' passed (0.000 seconds).
Test Case '-[CloudSyncAppTests.HelpTopicTests testHelpTopicUUIDGeneration]' started.
Test Case '-[CloudSyncAppTests.HelpTopicTests testHelpTopicUUIDGeneration]' passed (0.000 seconds).
Test Case '-[CloudSyncAppTests.HelpTopicTests testKeywordExactMatch]' started.
Test Case '-[CloudSyncAppTests.HelpTopicTests testKeywordExactMatch]' passed (0.000 seconds).
Test Case '-[CloudSyncAppTests.HelpTopicTests testKeywordMatchMediumScore]' started.
Test Case '-[CloudSyncAppTests.HelpTopicTests testKeywordMatchMediumScore]' passed (0.000 seconds).
Test Case '-[CloudSyncAppTests.HelpTopicTests testKeywordPartialMatch]' started.
Test Case '-[CloudSyncAppTests.HelpTopicTests testKeywordPartialMatch]' passed (0.000 seconds).
Test Case '-[CloudSyncAppTests.HelpTopicTests testMultipleKeywordsAnyMatch]' started.
Test Case '-[CloudSyncAppTests.HelpTopicTests testMultipleKeywordsAnyMatch]' passed (0.000 seconds).
Test Case '-[CloudSyncAppTests.HelpTopicTests testNoMatchZeroScore]' started.
Test Case '-[CloudSyncAppTests.HelpTopicTests testNoMatchZeroScore]' passed (0.002 seconds).
Test Case '-[CloudSyncAppTests.HelpTopicTests testSearchCaseInsensitive]' started.
Test Case '-[CloudSyncAppTests.HelpTopicTests testSearchCaseInsensitive]' passed (0.000 seconds).
Test Case '-[CloudSyncAppTests.HelpTopicTests testSearchMatchesContent]' started.
Test Case '-[CloudSyncAppTests.HelpTopicTests testSearchMatchesContent]' passed (0.000 seconds).
Test Case '-[CloudSyncAppTests.HelpTopicTests testSearchMatchesKeyword]' started.
Test Case '-[CloudSyncAppTests.HelpTopicTests testSearchMatchesKeyword]' passed (0.000 seconds).
Test Case '-[CloudSyncAppTests.HelpTopicTests testSearchMatchesTitle]' started.
Test Case '-[CloudSyncAppTests.HelpTopicTests testSearchMatchesTitle]' passed (0.000 seconds).
Test Case '-[CloudSyncAppTests.HelpTopicTests testSearchNoMatch]' started.
Test Case '-[CloudSyncAppTests.HelpTopicTests testSearchNoMatch]' passed (0.000 seconds).
Test Case '-[CloudSyncAppTests.HelpTopicTests testSearchPartialKeywordMatch]' started.
Test Case '-[CloudSyncAppTests.HelpTopicTests testSearchPartialKeywordMatch]' passed (0.000 seconds).
Test Case '-[CloudSyncAppTests.HelpTopicTests testSearchPartialTitleMatch]' started.
Test Case '-[CloudSyncAppTests.HelpTopicTests testSearchPartialTitleMatch]' passed (0.000 seconds).
Test Case '-[CloudSyncAppTests.HelpTopicTests testSearchSingleCharacter]' started.
Test Case '-[CloudSyncAppTests.HelpTopicTests testSearchSingleCharacter]' passed (0.000 seconds).
Test Case '-[CloudSyncAppTests.HelpTopicTests testTitleMatchHigherThanContent]' started.
Test Case '-[CloudSyncAppTests.HelpTopicTests testTitleMatchHigherThanContent]' passed (0.000 seconds).
Test Suite 'HelpTopicTests' passed at 2026-01-14 21:24:04.072.
	 Executed 27 tests, with 0 failures (0 unexpected) in 0.012 (0.020) seconds
Test Suite 'JottacloudAuthenticationTests' started at 2026-01-14 21:24:04.073.
Test Case '-[CloudSyncAppTests.JottacloudAuthenticationTests testAuthTypeOptions]' started.
Test Case '-[CloudSyncAppTests.JottacloudAuthenticationTests testAuthTypeOptions]' passed (0.000 seconds).
Test Case '-[CloudSyncAppTests.JottacloudAuthenticationTests testContinueStepCommand]' started.
Test Case '-[CloudSyncAppTests.JottacloudAuthenticationTests testContinueStepCommand]' passed (0.000 seconds).
Test Case '-[CloudSyncAppTests.JottacloudAuthenticationTests testEmptyTokenShouldFail]' started.
Test Case '-[CloudSyncAppTests.JottacloudAuthenticationTests testEmptyTokenShouldFail]' passed (0.000 seconds).
Test Case '-[CloudSyncAppTests.JottacloudAuthenticationTests testFirstStepCommand]' started.
Test Case '-[CloudSyncAppTests.JottacloudAuthenticationTests testFirstStepCommand]' passed (0.000 seconds).
Test Case '-[CloudSyncAppTests.JottacloudAuthenticationTests testJottacloudIsSupported]' started.
Test Case '-[CloudSyncAppTests.JottacloudAuthenticationTests testJottacloudIsSupported]' passed (0.000 seconds).
Test Case '-[CloudSyncAppTests.JottacloudAuthenticationTests testJottacloudProviderExists]' started.
Test Case '-[CloudSyncAppTests.JottacloudAuthenticationTests testJottacloudProviderExists]' passed (0.000 seconds).
Test Case '-[CloudSyncAppTests.JottacloudAuthenticationTests testParseConfigErrorDetectsOAuthFailure]' started.
Test Case '-[CloudSyncAppTests.JottacloudAuthenticationTests testParseConfigErrorDetectsOAuthFailure]' passed (0.001 seconds).
Test Case '-[CloudSyncAppTests.JottacloudAuthenticationTests testParseConfigErrorFromValidError]' started.
Test Case '-[CloudSyncAppTests.JottacloudAuthenticationTests testParseConfigErrorFromValidError]' passed (0.000 seconds).
Test Case '-[CloudSyncAppTests.JottacloudAuthenticationTests testParseConfigErrorReturnsNilWhenNoError]' started.
Test Case '-[CloudSyncAppTests.JottacloudAuthenticationTests testParseConfigErrorReturnsNilWhenNoError]' passed (0.000 seconds).
Test Case '-[CloudSyncAppTests.JottacloudAuthenticationTests testParseConfigStateEmptyWhenComplete]' started.
Test Case '-[CloudSyncAppTests.JottacloudAuthenticationTests testParseConfigStateEmptyWhenComplete]' passed (0.001 seconds).
Test Case '-[CloudSyncAppTests.JottacloudAuthenticationTests testParseConfigStateFromCompactJSON]' started.
Test Case '-[CloudSyncAppTests.JottacloudAuthenticationTests testParseConfigStateFromCompactJSON]' passed (0.000 seconds).
Test Case '-[CloudSyncAppTests.JottacloudAuthenticationTests testParseConfigStateFromStandardTokenState]' started.
Test Case '-[CloudSyncAppTests.JottacloudAuthenticationTests testParseConfigStateFromStandardTokenState]' passed (0.000 seconds).
Test Case '-[CloudSyncAppTests.JottacloudAuthenticationTests testParseConfigStateFromValidJSON]' started.
Test Case '-[CloudSyncAppTests.JottacloudAuthenticationTests testParseConfigStateFromValidJSON]' passed (0.000 seconds).
Test Case '-[CloudSyncAppTests.JottacloudAuthenticationTests testParseConfigStateReturnsNilForInvalidJSON]' started.
Test Case '-[CloudSyncAppTests.JottacloudAuthenticationTests testParseConfigStateReturnsNilForInvalidJSON]' passed (0.000 seconds).
Test Case '-[CloudSyncAppTests.JottacloudAuthenticationTests testParseConfigStateReturnsNilForMissingStateField]' started.
Test Case '-[CloudSyncAppTests.JottacloudAuthenticationTests testParseConfigStateReturnsNilForMissingStateField]' passed (0.000 seconds).
Test Case '-[CloudSyncAppTests.JottacloudAuthenticationTests testPersonalLoginTokenFormat]' started.
Test Case '-[CloudSyncAppTests.JottacloudAuthenticationTests testPersonalLoginTokenFormat]' passed (0.000 seconds).
Test Case '-[CloudSyncAppTests.JottacloudAuthenticationTests testStateFlowSequence]' started.
Test Case '-[CloudSyncAppTests.JottacloudAuthenticationTests testStateFlowSequence]' passed (0.000 seconds).
Test Case '-[CloudSyncAppTests.JottacloudAuthenticationTests testWhitespaceOnlyTokenShouldFail]' started.
Test Case '-[CloudSyncAppTests.JottacloudAuthenticationTests testWhitespaceOnlyTokenShouldFail]' passed (0.000 seconds).
Test Suite 'JottacloudAuthenticationTests' passed at 2026-01-14 21:24:04.087.
	 Executed 18 tests, with 0 failures (0 unexpected) in 0.007 (0.014) seconds
Test Suite 'JottacloudProviderTests' started at 2026-01-14 21:24:04.088.
Test Case '-[CloudSyncAppTests.JottacloudProviderTests testAllProvidersStillHaveUniqueDisplayNames]' started.
Test Case '-[CloudSyncAppTests.JottacloudProviderTests testAllProvidersStillHaveUniqueDisplayNames]' passed (0.000 seconds).
Test Case '-[CloudSyncAppTests.JottacloudProviderTests testAllProvidersStillHaveUniqueRawValues]' started.
Test Case '-[CloudSyncAppTests.JottacloudProviderTests testAllProvidersStillHaveUniqueRawValues]' passed (0.000 seconds).
Test Case '-[CloudSyncAppTests.JottacloudProviderTests testCloudRemoteCreation]' started.
Test Case '-[CloudSyncAppTests.JottacloudProviderTests testCloudRemoteCreation]' passed (0.000 seconds).
Test Case '-[CloudSyncAppTests.JottacloudProviderTests testCloudRemoteWithJottacloud]' started.
Test Case '-[CloudSyncAppTests.JottacloudProviderTests testCloudRemoteWithJottacloud]' passed (0.000 seconds).
Test Case '-[CloudSyncAppTests.JottacloudProviderTests testDefaultRcloneName]' started.
Test Case '-[CloudSyncAppTests.JottacloudProviderTests testDefaultRcloneName]' passed (0.001 seconds).
Test Case '-[CloudSyncAppTests.JottacloudProviderTests testJottacloudBrandColor]' started.
Test Case '-[CloudSyncAppTests.JottacloudProviderTests testJottacloudBrandColor]' passed (0.000 seconds).
Test Case '-[CloudSyncAppTests.JottacloudProviderTests testJottacloudDefaultRemoteName]' started.
Test Case '-[CloudSyncAppTests.JottacloudProviderTests testJottacloudDefaultRemoteName]' passed (0.000 seconds).
Test Case '-[CloudSyncAppTests.JottacloudProviderTests testJottacloudDisplayName]' started.
Test Case '-[CloudSyncAppTests.JottacloudProviderTests testJottacloudDisplayName]' passed (0.000 seconds).
Test Case '-[CloudSyncAppTests.JottacloudProviderTests testJottacloudGDPRCompliant]' started.
Test Case '-[CloudSyncAppTests.JottacloudProviderTests testJottacloudGDPRCompliant]' passed (0.000 seconds).
Test Case '-[CloudSyncAppTests.JottacloudProviderTests testJottacloudHasAllRequiredProperties]' started.
Test Case '-[CloudSyncAppTests.JottacloudProviderTests testJottacloudHasAllRequiredProperties]' passed (0.001 seconds).
Test Case '-[CloudSyncAppTests.JottacloudProviderTests testJottacloudIcon]' started.
Test Case '-[CloudSyncAppTests.JottacloudProviderTests testJottacloudIcon]' passed (0.000 seconds).
Test Case '-[CloudSyncAppTests.JottacloudProviderTests testJottacloudInAllCases]' started.
Test Case '-[CloudSyncAppTests.JottacloudProviderTests testJottacloudInAllCases]' passed (0.000 seconds).
Test Case '-[CloudSyncAppTests.JottacloudProviderTests testJottacloudIsCodable]' started.
Test Case '-[CloudSyncAppTests.JottacloudProviderTests testJottacloudIsCodable]' passed (0.000 seconds).
Test Case '-[CloudSyncAppTests.JottacloudProviderTests testJottacloudIsEquatable]' started.
Test Case '-[CloudSyncAppTests.JottacloudProviderTests testJottacloudIsEquatable]' passed (0.000 seconds).
Test Case '-[CloudSyncAppTests.JottacloudProviderTests testJottacloudIsEuropeanProvider]' started.
Test Case '-[CloudSyncAppTests.JottacloudProviderTests testJottacloudIsEuropeanProvider]' passed (0.000 seconds).
Test Case '-[CloudSyncAppTests.JottacloudProviderTests testJottacloudIsHashable]' started.
Test Case '-[CloudSyncAppTests.JottacloudProviderTests testJottacloudIsHashable]' passed (0.000 seconds).
Test Case '-[CloudSyncAppTests.JottacloudProviderTests testJottacloudIsIdentifiable]' started.
Test Case '-[CloudSyncAppTests.JottacloudProviderTests testJottacloudIsIdentifiable]' passed (0.000 seconds).
Test Case '-[CloudSyncAppTests.JottacloudProviderTests testJottacloudNordicRelevance]' started.
Test Case '-[CloudSyncAppTests.JottacloudProviderTests testJottacloudNordicRelevance]' passed (0.000 seconds).
Test Case '-[CloudSyncAppTests.JottacloudProviderTests testJottacloudProviderProperties]' started.
Test Case '-[CloudSyncAppTests.JottacloudProviderTests testJottacloudProviderProperties]' passed (0.000 seconds).
Test Case '-[CloudSyncAppTests.JottacloudProviderTests testJottacloudRawValue]' started.
Test Case '-[CloudSyncAppTests.JottacloudProviderTests testJottacloudRawValue]' passed (0.000 seconds).
Test Case '-[CloudSyncAppTests.JottacloudProviderTests testJottacloudRcloneType]' started.
Test Case '-[CloudSyncAppTests.JottacloudProviderTests testJottacloudRcloneType]' passed (0.000 seconds).
Test Case '-[CloudSyncAppTests.JottacloudProviderTests testJottacloudUniqueAmongProviders]' started.
Test Case '-[CloudSyncAppTests.JottacloudProviderTests testJottacloudUniqueAmongProviders]' passed (0.000 seconds).
Test Case '-[CloudSyncAppTests.JottacloudProviderTests testJottacloudUnlimitedStorageProvider]' started.
Test Case '-[CloudSyncAppTests.JottacloudProviderTests testJottacloudUnlimitedStorageProvider]' passed (0.000 seconds).
Test Case '-[CloudSyncAppTests.JottacloudProviderTests testProviderCountIncreased]' started.
Test Case '-[CloudSyncAppTests.JottacloudProviderTests testProviderCountIncreased]' passed (0.000 seconds).
Test Suite 'JottacloudProviderTests' passed at 2026-01-14 21:24:04.103.
	 Executed 24 tests, with 0 failures (0 unexpected) in 0.009 (0.015) seconds
Test Suite 'KeychainManagerTests' started at 2026-01-14 21:24:04.105.
Test Case '-[CloudSyncAppTests.KeychainManagerTests test_KeychainManager_DeletePassword_RemovesEntry]' started.
2026-01-14 21:24:04.110164+0200 CloudSyncApp[44067:2527242] [logging-persist] cannot open file at line 51043 of [f0ca7bba1c]
2026-01-14 21:24:04.110173+0200 CloudSyncApp[44067:2527242] [logging-persist] os_unix.c:51043: (2) open(/private/var/db/DetachedSignatures) - No such file or directory
Test Case '-[CloudSyncAppTests.KeychainManagerTests test_KeychainManager_DeletePassword_RemovesEntry]' passed (0.027 seconds).
Test Case '-[CloudSyncAppTests.KeychainManagerTests test_KeychainManager_MultipleKeys_IndependentStorage]' started.
Test Case '-[CloudSyncAppTests.KeychainManagerTests test_KeychainManager_MultipleKeys_IndependentStorage]' passed (0.039 seconds).
Test Case '-[CloudSyncAppTests.KeychainManagerTests test_KeychainManager_NonExistentKey_ReturnsNil]' started.
Test Case '-[CloudSyncAppTests.KeychainManagerTests test_KeychainManager_NonExistentKey_ReturnsNil]' passed (0.001 seconds).
Test Case '-[CloudSyncAppTests.KeychainManagerTests test_KeychainManager_OverwriteExisting_ReturnsNewValue]' started.
Test Case '-[CloudSyncAppTests.KeychainManagerTests test_KeychainManager_OverwriteExisting_ReturnsNewValue]' passed (0.029 seconds).
Test Case '-[CloudSyncAppTests.KeychainManagerTests test_KeychainManager_SaveAndRetrieve_WorksCorrectly]' started.
Test Case '-[CloudSyncAppTests.KeychainManagerTests test_KeychainManager_SaveAndRetrieve_WorksCorrectly]' passed (0.019 seconds).
Test Case '-[CloudSyncAppTests.KeychainManagerTests testCloudCredentialsCodable]' started.
Test Case '-[CloudSyncAppTests.KeychainManagerTests testCloudCredentialsCodable]' passed (0.001 seconds).
Test Case '-[CloudSyncAppTests.KeychainManagerTests testCloudCredentialsCreation]' started.
Test Case '-[CloudSyncAppTests.KeychainManagerTests testCloudCredentialsCreation]' passed (0.001 seconds).
Test Case '-[CloudSyncAppTests.KeychainManagerTests testDeleteGenericCredentials]' started.
Test Case '-[CloudSyncAppTests.KeychainManagerTests testDeleteGenericCredentials]' passed (0.017 seconds).
Test Case '-[CloudSyncAppTests.KeychainManagerTests testDeleteKey]' started.
Test Case '-[CloudSyncAppTests.KeychainManagerTests testDeleteKey]' passed (0.019 seconds).
Test Case '-[CloudSyncAppTests.KeychainManagerTests testDeleteNonExistentKey]' started.
Test Case '-[CloudSyncAppTests.KeychainManagerTests testDeleteNonExistentKey]' passed (0.001 seconds).
Test Case '-[CloudSyncAppTests.KeychainManagerTests testDeleteProtonCredentials]' started.
Test Case '-[CloudSyncAppTests.KeychainManagerTests testDeleteProtonCredentials]' passed (0.019 seconds).
Test Case '-[CloudSyncAppTests.KeychainManagerTests testDeleteToken]' started.
Test Case '-[CloudSyncAppTests.KeychainManagerTests testDeleteToken]' passed (0.017 seconds).
Test Case '-[CloudSyncAppTests.KeychainManagerTests testEmptyString]' started.
Test Case '-[CloudSyncAppTests.KeychainManagerTests testEmptyString]' passed (0.010 seconds).
Test Case '-[CloudSyncAppTests.KeychainManagerTests testHasProtonCredentialsWhenEmpty]' started.
Test Case '-[CloudSyncAppTests.KeychainManagerTests testHasProtonCredentialsWhenEmpty]' passed (0.001 seconds).
Test Case '-[CloudSyncAppTests.KeychainManagerTests testLongPassword]' started.
Test Case '-[CloudSyncAppTests.KeychainManagerTests testLongPassword]' passed (0.012 seconds).
Test Case '-[CloudSyncAppTests.KeychainManagerTests testProtonCredentialsCreation]' started.
Test Case '-[CloudSyncAppTests.KeychainManagerTests testProtonCredentialsCreation]' passed (0.001 seconds).
Test Case '-[CloudSyncAppTests.KeychainManagerTests testProtonCredentialsEmptyOTPNotCounted]' started.
Test Case '-[CloudSyncAppTests.KeychainManagerTests testProtonCredentialsEmptyOTPNotCounted]' passed (0.001 seconds).
Test Case '-[CloudSyncAppTests.KeychainManagerTests testProtonCredentialsFullConfiguration]' started.
Test Case '-[CloudSyncAppTests.KeychainManagerTests testProtonCredentialsFullConfiguration]' passed (0.001 seconds).
Test Case '-[CloudSyncAppTests.KeychainManagerTests testProtonCredentialsWith2FA]' started.
Test Case '-[CloudSyncAppTests.KeychainManagerTests testProtonCredentialsWith2FA]' passed (0.001 seconds).
Test Case '-[CloudSyncAppTests.KeychainManagerTests testProtonCredentialsWithMailboxPassword]' started.
Test Case '-[CloudSyncAppTests.KeychainManagerTests testProtonCredentialsWithMailboxPassword]' passed (0.001 seconds).
Test Case '-[CloudSyncAppTests.KeychainManagerTests testRetrieveNonExistentString]' started.
Test Case '-[CloudSyncAppTests.KeychainManagerTests testRetrieveNonExistentString]' passed (0.001 seconds).
Test Case '-[CloudSyncAppTests.KeychainManagerTests testSaveAndRetrieveCodableObject]' started.
Test Case '-[CloudSyncAppTests.KeychainManagerTests testSaveAndRetrieveCodableObject]' passed (0.018 seconds).
Test Case '-[CloudSyncAppTests.KeychainManagerTests testSaveAndRetrieveData]' started.
Test Case '-[CloudSyncAppTests.KeychainManagerTests testSaveAndRetrieveData]' passed (0.019 seconds).
Test Case '-[CloudSyncAppTests.KeychainManagerTests testSaveAndRetrieveString]' started.
Test Case '-[CloudSyncAppTests.KeychainManagerTests testSaveAndRetrieveString]' passed (0.019 seconds).
Test Case '-[CloudSyncAppTests.KeychainManagerTests testSaveAndRetrieveToken]' started.
Test Case '-[CloudSyncAppTests.KeychainManagerTests testSaveAndRetrieveToken]' passed (0.019 seconds).
Test Case '-[CloudSyncAppTests.KeychainManagerTests testSaveGenericCredentials]' started.
Test Case '-[CloudSyncAppTests.KeychainManagerTests testSaveGenericCredentials]' passed (0.019 seconds).
Test Case '-[CloudSyncAppTests.KeychainManagerTests testSaveProtonCredentials]' started.
Test Case '-[CloudSyncAppTests.KeychainManagerTests testSaveProtonCredentials]' passed (0.019 seconds).
Test Case '-[CloudSyncAppTests.KeychainManagerTests testSpecialCharactersInPassword]' started.
Test Case '-[CloudSyncAppTests.KeychainManagerTests testSpecialCharactersInPassword]' passed (0.011 seconds).
Test Case '-[CloudSyncAppTests.KeychainManagerTests testUnicodeCharacters]' started.
Test Case '-[CloudSyncAppTests.KeychainManagerTests testUnicodeCharacters]' passed (0.011 seconds).
Test Case '-[CloudSyncAppTests.KeychainManagerTests testUpdateProtonCredentials]' started.
Test Case '-[CloudSyncAppTests.KeychainManagerTests testUpdateProtonCredentials]' passed (0.027 seconds).
Test Case '-[CloudSyncAppTests.KeychainManagerTests testUpdateString]' started.
Test Case '-[CloudSyncAppTests.KeychainManagerTests testUpdateString]' passed (0.026 seconds).
Test Suite 'KeychainManagerTests' passed at 2026-01-14 21:24:04.514.
	 Executed 31 tests, with 0 failures (0 unexpected) in 0.404 (0.409) seconds
Test Suite 'MainWindowIntegrationTests' started at 2026-01-14 21:24:04.514.
Test Case '-[CloudSyncAppTests.MainWindowIntegrationTests testAccessKeyConnectionFlow]' started.
Test Case '-[CloudSyncAppTests.MainWindowIntegrationTests testAccessKeyConnectionFlow]' passed (0.000 seconds).
Test Case '-[CloudSyncAppTests.MainWindowIntegrationTests testAccessKeyProvidersNeedKeys]' started.
Test Case '-[CloudSyncAppTests.MainWindowIntegrationTests testAccessKeyProvidersNeedKeys]' passed (0.000 seconds).
Test Case '-[CloudSyncAppTests.MainWindowIntegrationTests testAllProvidersAvailableInUI]' started.
Test Case '-[CloudSyncAppTests.MainWindowIntegrationTests testAllProvidersAvailableInUI]' passed (0.000 seconds).
Test Case '-[CloudSyncAppTests.MainWindowIntegrationTests testCloudRemoteCreation]' started.
Test Case '-[CloudSyncAppTests.MainWindowIntegrationTests testCloudRemoteCreation]' passed (0.000 seconds).
Test Case '-[CloudSyncAppTests.MainWindowIntegrationTests testCompleteProviderEcosystem]' started.
Test Case '-[CloudSyncAppTests.MainWindowIntegrationTests testCompleteProviderEcosystem]' passed (0.000 seconds).
Test Case '-[CloudSyncAppTests.MainWindowIntegrationTests testConfiguredRemoteState]' started.
Test Case '-[CloudSyncAppTests.MainWindowIntegrationTests testConfiguredRemoteState]' passed (0.000 seconds).
Test Case '-[CloudSyncAppTests.MainWindowIntegrationTests testConfigureRemoteHandlesAllProviders]' started.
Test Case '-[CloudSyncAppTests.MainWindowIntegrationTests testConfigureRemoteHandlesAllProviders]' passed (0.000 seconds).
Test Case '-[CloudSyncAppTests.MainWindowIntegrationTests testCredentialConnectionFlow]' started.
Test Case '-[CloudSyncAppTests.MainWindowIntegrationTests testCredentialConnectionFlow]' passed (0.000 seconds).
Test Case '-[CloudSyncAppTests.MainWindowIntegrationTests testCredentialProvidersNeedInput]' started.
Test Case '-[CloudSyncAppTests.MainWindowIntegrationTests testCredentialProvidersNeedInput]' passed (0.000 seconds).
Test Case '-[CloudSyncAppTests.MainWindowIntegrationTests testEmptyRemoteListHandling]' started.
Test Case '-[CloudSyncAppTests.MainWindowIntegrationTests testEmptyRemoteListHandling]' passed (0.000 seconds).
Test Case '-[CloudSyncAppTests.MainWindowIntegrationTests testExperimentalProviderBadge]' started.
Test Case '-[CloudSyncAppTests.MainWindowIntegrationTests testExperimentalProviderBadge]' passed (0.002 seconds).
Test Case '-[CloudSyncAppTests.MainWindowIntegrationTests testExperimentalProviderFiltering]' started.
Test Case '-[CloudSyncAppTests.MainWindowIntegrationTests testExperimentalProviderFiltering]' passed (0.000 seconds).
Test Case '-[CloudSyncAppTests.MainWindowIntegrationTests testInvalidProviderHandling]' started.
Test Case '-[CloudSyncAppTests.MainWindowIntegrationTests testInvalidProviderHandling]' passed (0.000 seconds).
Test Case '-[CloudSyncAppTests.MainWindowIntegrationTests testMultipleProvidersSupported]' started.
Test Case '-[CloudSyncAppTests.MainWindowIntegrationTests testMultipleProvidersSupported]' passed (0.000 seconds).
Test Case '-[CloudSyncAppTests.MainWindowIntegrationTests testOAuthConnectionFlow]' started.
Test Case '-[CloudSyncAppTests.MainWindowIntegrationTests testOAuthConnectionFlow]' passed (0.000 seconds).
Test Case '-[CloudSyncAppTests.MainWindowIntegrationTests testOAuthExpansionConfiguration]' started.
Test Case '-[CloudSyncAppTests.MainWindowIntegrationTests testOAuthExpansionConfiguration]' passed (0.002 seconds).
Test Case '-[CloudSyncAppTests.MainWindowIntegrationTests testOAuthProvidersNoCredentials]' started.
Test Case '-[CloudSyncAppTests.MainWindowIntegrationTests testOAuthProvidersNoCredentials]' passed (0.000 seconds).
Test Case '-[CloudSyncAppTests.MainWindowIntegrationTests testOriginalProvidersConfiguration]' started.
Test Case '-[CloudSyncAppTests.MainWindowIntegrationTests testOriginalProvidersConfiguration]' passed (0.000 seconds).
Test Case '-[CloudSyncAppTests.MainWindowIntegrationTests testPhase1ProvidersConfiguration]' started.
Test Case '-[CloudSyncAppTests.MainWindowIntegrationTests testPhase1ProvidersConfiguration]' passed (0.000 seconds).
Test Case '-[CloudSyncAppTests.MainWindowIntegrationTests testProviderCardDisplaysCorrectly]' started.
Test Case '-[CloudSyncAppTests.MainWindowIntegrationTests testProviderCardDisplaysCorrectly]' passed (0.000 seconds).
Test Case '-[CloudSyncAppTests.MainWindowIntegrationTests testProviderCategorySearch]' started.
Test Case '-[CloudSyncAppTests.MainWindowIntegrationTests testProviderCategorySearch]' passed (0.000 seconds).
Test Case '-[CloudSyncAppTests.MainWindowIntegrationTests testProviderDuplicateNames]' started.
Test Case '-[CloudSyncAppTests.MainWindowIntegrationTests testProviderDuplicateNames]' passed (0.000 seconds).
Test Case '-[CloudSyncAppTests.MainWindowIntegrationTests testProviderGridLayout]' started.
Test Case '-[CloudSyncAppTests.MainWindowIntegrationTests testProviderGridLayout]' passed (0.000 seconds).
Test Case '-[CloudSyncAppTests.MainWindowIntegrationTests testProviderNameSearch]' started.
Test Case '-[CloudSyncAppTests.MainWindowIntegrationTests testProviderNameSearch]' passed (0.000 seconds).
Test Case '-[CloudSyncAppTests.MainWindowIntegrationTests testProviderSelectionState]' started.
Test Case '-[CloudSyncAppTests.MainWindowIntegrationTests testProviderSelectionState]' passed (0.000 seconds).
Test Case '-[CloudSyncAppTests.MainWindowIntegrationTests testRemoteIdentification]' started.
Test Case '-[CloudSyncAppTests.MainWindowIntegrationTests testRemoteIdentification]' passed (0.000 seconds).
Test Case '-[CloudSyncAppTests.MainWindowIntegrationTests testSupportedProvidersOnly]' started.
Test Case '-[CloudSyncAppTests.MainWindowIntegrationTests testSupportedProvidersOnly]' passed (0.000 seconds).
Test Case '-[CloudSyncAppTests.MainWindowIntegrationTests testUnconfiguredRemoteState]' started.
Test Case '-[CloudSyncAppTests.MainWindowIntegrationTests testUnconfiguredRemoteState]' passed (0.000 seconds).
Test Case '-[CloudSyncAppTests.MainWindowIntegrationTests testUnsupportedProviderHidden]' started.
Test Case '-[CloudSyncAppTests.MainWindowIntegrationTests testUnsupportedProviderHidden]' passed (0.000 seconds).
Test Suite 'MainWindowIntegrationTests' passed at 2026-01-14 21:24:04.532.
	 Executed 29 tests, with 0 failures (0 unexpected) in 0.012 (0.018) seconds
Test Suite 'MenuBarScheduleTests' started at 2026-01-14 21:24:04.534.
Test Case '-[CloudSyncAppTests.MenuBarScheduleTests test_FormattedNextRun_Hours]' started.
Test Case '-[CloudSyncAppTests.MenuBarScheduleTests test_FormattedNextRun_Hours]' passed (0.015 seconds).
Test Case '-[CloudSyncAppTests.MenuBarScheduleTests test_FormattedNextRun_LessThanOneMinute]' started.
Test Case '-[CloudSyncAppTests.MenuBarScheduleTests test_FormattedNextRun_LessThanOneMinute]' passed (0.015 seconds).
Test Case '-[CloudSyncAppTests.MenuBarScheduleTests test_FormattedNextRun_Minutes]' started.
Test Case '-[CloudSyncAppTests.MenuBarScheduleTests test_FormattedNextRun_Minutes]' passed (0.024 seconds).
Test Case '-[CloudSyncAppTests.MenuBarScheduleTests test_FormattedNextRun_NoSchedules]' started.
Test Case '-[CloudSyncAppTests.MenuBarScheduleTests test_FormattedNextRun_NoSchedules]' passed (0.013 seconds).
Test Case '-[CloudSyncAppTests.MenuBarScheduleTests test_FormattedNextRun_NotScheduled]' started.
Test Case '-[CloudSyncAppTests.MenuBarScheduleTests test_FormattedNextRun_NotScheduled]' passed (0.011 seconds).
Test Case '-[CloudSyncAppTests.MenuBarScheduleTests test_FormattedNextRun_Overdue]' started.
Test Case '-[CloudSyncAppTests.MenuBarScheduleTests test_FormattedNextRun_Overdue]' passed (0.016 seconds).
Test Case '-[CloudSyncAppTests.MenuBarScheduleTests test_FormattedNextRun_WithSchedule]' started.
[ScheduleManager] Scheduled 'Daily Backup' to run in 61555 seconds
Test Case '-[CloudSyncAppTests.MenuBarScheduleTests test_FormattedNextRun_WithSchedule]' passed (0.011 seconds).
Test Case '-[CloudSyncAppTests.MenuBarScheduleTests test_NextScheduledRun_IgnoresDisabledSchedules]' started.
[ScheduleManager] Scheduled 'Enabled Schedule' to run in 7199 seconds
[ScheduleManager] Scheduled 'Disabled Schedule' to run in 599 seconds
Test Case '-[CloudSyncAppTests.MenuBarScheduleTests test_NextScheduledRun_IgnoresDisabledSchedules]' passed (0.029 seconds).
Test Case '-[CloudSyncAppTests.MenuBarScheduleTests test_NextScheduledRun_ReturnsSoonest]' started.
[ScheduleManager] Scheduled 'Later Schedule' to run in 7199 seconds
[ScheduleManager] Scheduled 'Sooner Schedule' to run in 1799 seconds
Test Case '-[CloudSyncAppTests.MenuBarScheduleTests test_NextScheduledRun_ReturnsSoonest]' passed (0.033 seconds).
Test Case '-[CloudSyncAppTests.MenuBarScheduleTests test_NoEnabledSchedules_ReturnsNil]' started.
[ScheduleManager] Scheduled 'Disabled Schedule' to run in 16555 seconds
Test Case '-[CloudSyncAppTests.MenuBarScheduleTests test_NoEnabledSchedules_ReturnsNil]' passed (0.020 seconds).
Test Case '-[CloudSyncAppTests.MenuBarScheduleTests test_NoSchedules_ReturnsNil]' started.
Test Case '-[CloudSyncAppTests.MenuBarScheduleTests test_NoSchedules_ReturnsNil]' passed (0.016 seconds).
Test Suite 'MenuBarScheduleTests' passed at 2026-01-14 21:24:04.738.
	 Executed 11 tests, with 0 failures (0 unexpected) in 0.203 (0.205) seconds
Test Suite 'MultiThreadDownloadTests' started at 2026-01-14 21:24:04.739.
Test Case '-[CloudSyncAppTests.MultiThreadDownloadTests testBuildArgsFormat]' started.
Test Case '-[CloudSyncAppTests.MultiThreadDownloadTests testBuildArgsFormat]' passed (0.001 seconds).
Test Case '-[CloudSyncAppTests.MultiThreadDownloadTests testBuildArgsIncludesMultiThreadCutoff]' started.
Test Case '-[CloudSyncAppTests.MultiThreadDownloadTests testBuildArgsIncludesMultiThreadCutoff]' passed (0.001 seconds).
Test Case '-[CloudSyncAppTests.MultiThreadDownloadTests testBuildArgsWithMultiThreadDisabled]' started.
Test Case '-[CloudSyncAppTests.MultiThreadDownloadTests testBuildArgsWithMultiThreadDisabled]' passed (0.000 seconds).
Test Case '-[CloudSyncAppTests.MultiThreadDownloadTests testBuildArgsWithMultiThreadEnabled]' started.
Test Case '-[CloudSyncAppTests.MultiThreadDownloadTests testBuildArgsWithMultiThreadEnabled]' passed (0.000 seconds).
Test Case '-[CloudSyncAppTests.MultiThreadDownloadTests testDefaultMultiThreadStreamsRespectsProviderLimits]' started.
Test Case '-[CloudSyncAppTests.MultiThreadDownloadTests testDefaultMultiThreadStreamsRespectsProviderLimits]' passed (0.001 seconds).
Test Case '-[CloudSyncAppTests.MultiThreadDownloadTests testDropboxSupportsMultiThread]' started.
Test Case '-[CloudSyncAppTests.MultiThreadDownloadTests testDropboxSupportsMultiThread]' passed (0.000 seconds).
Test Case '-[CloudSyncAppTests.MultiThreadDownloadTests testFullSupportProviderGetsFullThreadCount]' started.
Test Case '-[CloudSyncAppTests.MultiThreadDownloadTests testFullSupportProviderGetsFullThreadCount]' passed (0.000 seconds).
Test Case '-[CloudSyncAppTests.MultiThreadDownloadTests testGoogleDriveSupportsMultiThread]' started.
Test Case '-[CloudSyncAppTests.MultiThreadDownloadTests testGoogleDriveSupportsMultiThread]' passed (0.001 seconds).
Test Case '-[CloudSyncAppTests.MultiThreadDownloadTests testLargeUploadStillSingleThread]' started.
Test Case '-[CloudSyncAppTests.MultiThreadDownloadTests testLargeUploadStillSingleThread]' passed (0.000 seconds).
Test Case '-[CloudSyncAppTests.MultiThreadDownloadTests testLocalStorageDisablesMultiThread]' started.
Test Case '-[CloudSyncAppTests.MultiThreadDownloadTests testLocalStorageDisablesMultiThread]' passed (0.000 seconds).
Test Case '-[CloudSyncAppTests.MultiThreadDownloadTests testMultiThreadCutoffValue]' started.
Test Case '-[CloudSyncAppTests.MultiThreadDownloadTests testMultiThreadCutoffValue]' passed (0.000 seconds).
Test Case '-[CloudSyncAppTests.MultiThreadDownloadTests testMultiThreadDisabledForDirectories]' started.
Test Case '-[CloudSyncAppTests.MultiThreadDownloadTests testMultiThreadDisabledForDirectories]' passed (0.000 seconds).
Test Case '-[CloudSyncAppTests.MultiThreadDownloadTests testMultiThreadDisabledForMultipleFiles]' started.
Test Case '-[CloudSyncAppTests.MultiThreadDownloadTests testMultiThreadDisabledForMultipleFiles]' passed (0.000 seconds).
Test Case '-[CloudSyncAppTests.MultiThreadDownloadTests testMultiThreadDisabledForSmallFiles]' started.
Test Case '-[CloudSyncAppTests.MultiThreadDownloadTests testMultiThreadDisabledForSmallFiles]' passed (0.002 seconds).
Test Case '-[CloudSyncAppTests.MultiThreadDownloadTests testMultiThreadDisabledForUpload]' started.
Test Case '-[CloudSyncAppTests.MultiThreadDownloadTests testMultiThreadDisabledForUpload]' passed (0.000 seconds).
Test Case '-[CloudSyncAppTests.MultiThreadDownloadTests testMultiThreadDownloadConfigDefault]' started.
Test Case '-[CloudSyncAppTests.MultiThreadDownloadTests testMultiThreadDownloadConfigDefault]' passed (0.000 seconds).
Test Case '-[CloudSyncAppTests.MultiThreadDownloadTests testMultiThreadDownloadConfigLoad]' started.
Test Case '-[CloudSyncAppTests.MultiThreadDownloadTests testMultiThreadDownloadConfigLoad]' passed (0.000 seconds).
Test Case '-[CloudSyncAppTests.MultiThreadDownloadTests testMultiThreadDownloadConfigSaveAndLoad]' started.
Test Case '-[CloudSyncAppTests.MultiThreadDownloadTests testMultiThreadDownloadConfigSaveAndLoad]' passed (0.001 seconds).
Test Case '-[CloudSyncAppTests.MultiThreadDownloadTests testMultiThreadEnabledForLargeFiles]' started.
Test Case '-[CloudSyncAppTests.MultiThreadDownloadTests testMultiThreadEnabledForLargeFiles]' passed (0.001 seconds).
Test Case '-[CloudSyncAppTests.MultiThreadDownloadTests testMultiThreadStreamsBounds]' started.
Test Case '-[CloudSyncAppTests.MultiThreadDownloadTests testMultiThreadStreamsBounds]' passed (0.000 seconds).
Test Case '-[CloudSyncAppTests.MultiThreadDownloadTests testMultiThreadStreamsConfigurable]' started.
Test Case '-[CloudSyncAppTests.MultiThreadDownloadTests testMultiThreadStreamsConfigurable]' passed (0.000 seconds).
Test Case '-[CloudSyncAppTests.MultiThreadDownloadTests testMultiThreadThresholdExactly100MB]' started.
Test Case '-[CloudSyncAppTests.MultiThreadDownloadTests testMultiThreadThresholdExactly100MB]' passed (0.000 seconds).
Test Case '-[CloudSyncAppTests.MultiThreadDownloadTests testMultiThreadWithDisabledConfig]' started.
Test Case '-[CloudSyncAppTests.MultiThreadDownloadTests testMultiThreadWithDisabledConfig]' passed (0.001 seconds).
Test Case '-[CloudSyncAppTests.MultiThreadDownloadTests testOneDriveSupportsMultiThread]' started.
Test Case '-[CloudSyncAppTests.MultiThreadDownloadTests testOneDriveSupportsMultiThread]' passed (0.000 seconds).
Test Case '-[CloudSyncAppTests.MultiThreadDownloadTests testOptimizeForLargeFileDownload]' started.
Test Case '-[CloudSyncAppTests.MultiThreadDownloadTests testOptimizeForLargeFileDownload]' passed (0.000 seconds).
Test Case '-[CloudSyncAppTests.MultiThreadDownloadTests testOptimizeForLargeFileDownloadWithCustomConfig]' started.
Test Case '-[CloudSyncAppTests.MultiThreadDownloadTests testOptimizeForLargeFileDownloadWithCustomConfig]' passed (0.000 seconds).
Test Case '-[CloudSyncAppTests.MultiThreadDownloadTests testParallelTransfersForMultipleFiles]' started.
Test Case '-[CloudSyncAppTests.MultiThreadDownloadTests testParallelTransfersForMultipleFiles]' passed (0.000 seconds).
Test Case '-[CloudSyncAppTests.MultiThreadDownloadTests testProviderCapabilityCaseInsensitive]' started.
Test Case '-[CloudSyncAppTests.MultiThreadDownloadTests testProviderCapabilityCaseInsensitive]' passed (0.002 seconds).
Test Case '-[CloudSyncAppTests.MultiThreadDownloadTests testProviderCapabilityFullSupport]' started.
Test Case '-[CloudSyncAppTests.MultiThreadDownloadTests testProviderCapabilityFullSupport]' passed (0.000 seconds).
Test Case '-[CloudSyncAppTests.MultiThreadDownloadTests testProviderCapabilityLimitedSupport]' started.
Test Case '-[CloudSyncAppTests.MultiThreadDownloadTests testProviderCapabilityLimitedSupport]' passed (0.000 seconds).
Test Case '-[CloudSyncAppTests.MultiThreadDownloadTests testProviderCapabilityPartialMatch]' started.
Test Case '-[CloudSyncAppTests.MultiThreadDownloadTests testProviderCapabilityPartialMatch]' passed (0.000 seconds).
Test Case '-[CloudSyncAppTests.MultiThreadDownloadTests testProviderCapabilityUnknownDefaultsToLimited]' started.
Test Case '-[CloudSyncAppTests.MultiThreadDownloadTests testProviderCapabilityUnknownDefaultsToLimited]' passed (0.000 seconds).
Test Case '-[CloudSyncAppTests.MultiThreadDownloadTests testProviderCapabilityUnsupported]' started.
Test Case '-[CloudSyncAppTests.MultiThreadDownloadTests testProviderCapabilityUnsupported]' passed (0.000 seconds).
Test Case '-[CloudSyncAppTests.MultiThreadDownloadTests testS3SupportsMultiThread]' started.
Test Case '-[CloudSyncAppTests.MultiThreadDownloadTests testS3SupportsMultiThread]' passed (0.000 seconds).
Test Case '-[CloudSyncAppTests.MultiThreadDownloadTests testVeryLargeFileDownload]' started.
Test Case '-[CloudSyncAppTests.MultiThreadDownloadTests testVeryLargeFileDownload]' passed (0.000 seconds).
Test Case '-[CloudSyncAppTests.MultiThreadDownloadTests testZeroByteFileDownload]' started.
Test Case '-[CloudSyncAppTests.MultiThreadDownloadTests testZeroByteFileDownload]' passed (0.000 seconds).
Test Suite 'MultiThreadDownloadTests' passed at 2026-01-14 21:24:04.768.
	 Executed 36 tests, with 0 failures (0 unexpected) in 0.020 (0.029) seconds
Test Suite 'OAuthExpansionProvidersTests' started at 2026-01-14 21:24:04.768.
Test Case '-[CloudSyncAppTests.OAuthExpansionProvidersTests testAllOAuthProvidersHaveRequiredProperties]' started.
Test Case '-[CloudSyncAppTests.OAuthExpansionProvidersTests testAllOAuthProvidersHaveRequiredProperties]' passed (0.000 seconds).
Test Case '-[CloudSyncAppTests.OAuthExpansionProvidersTests testAllOAuthProvidersUseInteractiveAuth]' started.
Test Case '-[CloudSyncAppTests.OAuthExpansionProvidersTests testAllOAuthProvidersUseInteractiveAuth]' passed (0.000 seconds).
Test Case '-[CloudSyncAppTests.OAuthExpansionProvidersTests testConsumerProviders]' started.
Test Case '-[CloudSyncAppTests.OAuthExpansionProvidersTests testConsumerProviders]' passed (0.000 seconds).
Test Case '-[CloudSyncAppTests.OAuthExpansionProvidersTests testEnterpriseOAuthProviders]' started.
Test Case '-[CloudSyncAppTests.OAuthExpansionProvidersTests testEnterpriseOAuthProviders]' passed (0.000 seconds).
Test Case '-[CloudSyncAppTests.OAuthExpansionProvidersTests testFileFabricProperties]' started.
Test Case '-[CloudSyncAppTests.OAuthExpansionProvidersTests testFileFabricProperties]' passed (0.002 seconds).
Test Case '-[CloudSyncAppTests.OAuthExpansionProvidersTests testFlickrProperties]' started.
Test Case '-[CloudSyncAppTests.OAuthExpansionProvidersTests testFlickrProperties]' passed (0.000 seconds).
Test Case '-[CloudSyncAppTests.OAuthExpansionProvidersTests testMediaProviders]' started.
Test Case '-[CloudSyncAppTests.OAuthExpansionProvidersTests testMediaProviders]' passed (0.000 seconds).
Test Case '-[CloudSyncAppTests.OAuthExpansionProvidersTests testOAuthExpansionComplete]' started.
Test Case '-[CloudSyncAppTests.OAuthExpansionProvidersTests testOAuthExpansionComplete]' passed (0.000 seconds).
Test Case '-[CloudSyncAppTests.OAuthExpansionProvidersTests testOAuthProviderRawValues]' started.
Test Case '-[CloudSyncAppTests.OAuthExpansionProvidersTests testOAuthProviderRawValues]' passed (0.000 seconds).
Test Case '-[CloudSyncAppTests.OAuthExpansionProvidersTests testOAuthProviderRemoteCreation]' started.
Test Case '-[CloudSyncAppTests.OAuthExpansionProvidersTests testOAuthProviderRemoteCreation]' passed (0.001 seconds).
Test Case '-[CloudSyncAppTests.OAuthExpansionProvidersTests testOAuthProvidersAreCodable]' started.
Test Case '-[CloudSyncAppTests.OAuthExpansionProvidersTests testOAuthProvidersAreCodable]' passed (0.000 seconds).
Test Case '-[CloudSyncAppTests.OAuthExpansionProvidersTests testOAuthProvidersAreHashable]' started.
Test Case '-[CloudSyncAppTests.OAuthExpansionProvidersTests testOAuthProvidersAreHashable]' passed (0.000 seconds).
Test Case '-[CloudSyncAppTests.OAuthExpansionProvidersTests testOAuthProvidersAreIdentifiable]' started.
Test Case '-[CloudSyncAppTests.OAuthExpansionProvidersTests testOAuthProvidersAreIdentifiable]' passed (0.000 seconds).
Test Case '-[CloudSyncAppTests.OAuthExpansionProvidersTests testOAuthProvidersBrandColors]' started.
Test Case '-[CloudSyncAppTests.OAuthExpansionProvidersTests testOAuthProvidersBrandColors]' passed (0.000 seconds).
Test Case '-[CloudSyncAppTests.OAuthExpansionProvidersTests testOAuthProviderSetOperations]' started.
Test Case '-[CloudSyncAppTests.OAuthExpansionProvidersTests testOAuthProviderSetOperations]' passed (0.000 seconds).
Test Case '-[CloudSyncAppTests.OAuthExpansionProvidersTests testOAuthProvidersInAllCases]' started.
Test Case '-[CloudSyncAppTests.OAuthExpansionProvidersTests testOAuthProvidersInAllCases]' passed (0.000 seconds).
Test Case '-[CloudSyncAppTests.OAuthExpansionProvidersTests testOpenDriveProperties]' started.
Test Case '-[CloudSyncAppTests.OAuthExpansionProvidersTests testOpenDriveProperties]' passed (0.000 seconds).
Test Case '-[CloudSyncAppTests.OAuthExpansionProvidersTests testPremiumizemeProperties]' started.
Test Case '-[CloudSyncAppTests.OAuthExpansionProvidersTests testPremiumizemeProperties]' passed (0.000 seconds).
Test Case '-[CloudSyncAppTests.OAuthExpansionProvidersTests testProviderCountExact]' started.
Test Case '-[CloudSyncAppTests.OAuthExpansionProvidersTests testProviderCountExact]' passed (0.000 seconds).
Test Case '-[CloudSyncAppTests.OAuthExpansionProvidersTests testProviderCountIncreased]' started.
Test Case '-[CloudSyncAppTests.OAuthExpansionProvidersTests testProviderCountIncreased]' passed (0.000 seconds).
Test Case '-[CloudSyncAppTests.OAuthExpansionProvidersTests testPutioProperties]' started.
Test Case '-[CloudSyncAppTests.OAuthExpansionProvidersTests testPutioProperties]' passed (0.000 seconds).
Test Case '-[CloudSyncAppTests.OAuthExpansionProvidersTests testQuatrixProperties]' started.
Test Case '-[CloudSyncAppTests.OAuthExpansionProvidersTests testQuatrixProperties]' passed (0.000 seconds).
Test Case '-[CloudSyncAppTests.OAuthExpansionProvidersTests testSpecializedProviders]' started.
Test Case '-[CloudSyncAppTests.OAuthExpansionProvidersTests testSpecializedProviders]' passed (0.000 seconds).
Test Case '-[CloudSyncAppTests.OAuthExpansionProvidersTests testSugarSyncProperties]' started.
Test Case '-[CloudSyncAppTests.OAuthExpansionProvidersTests testSugarSyncProperties]' passed (0.002 seconds).
Test Case '-[CloudSyncAppTests.OAuthExpansionProvidersTests testTotalOAuthProvidersCount]' started.
Test Case '-[CloudSyncAppTests.OAuthExpansionProvidersTests testTotalOAuthProvidersCount]' passed (0.000 seconds).
Test Suite 'OAuthExpansionProvidersTests' passed at 2026-01-14 21:24:04.786.
	 Executed 25 tests, with 0 failures (0 unexpected) in 0.012 (0.018) seconds
Test Suite 'OnboardingManagerTests' started at 2026-01-14 21:24:04.786.
Test Case '-[CloudSyncAppTests.OnboardingManagerTests testAppStorageKeyIsCorrect]' started.
Test Case '-[CloudSyncAppTests.OnboardingManagerTests testAppStorageKeyIsCorrect]' passed (0.131 seconds).
Test Case '-[CloudSyncAppTests.OnboardingManagerTests testCompletionStatePersistsAcrossInstances]' started.
Test Case '-[CloudSyncAppTests.OnboardingManagerTests testCompletionStatePersistsAcrossInstances]' passed (0.102 seconds).
Test Case '-[CloudSyncAppTests.OnboardingManagerTests testCompletionStatePersistsToUserDefaults]' started.
Test Case '-[CloudSyncAppTests.OnboardingManagerTests testCompletionStatePersistsToUserDefaults]' passed (0.118 seconds).
Test Case '-[CloudSyncAppTests.OnboardingManagerTests testCurrentStepNumberIsOneBased]' started.
Test Case '-[CloudSyncAppTests.OnboardingManagerTests testCurrentStepNumberIsOneBased]' passed (0.030 seconds).
Test Case '-[CloudSyncAppTests.OnboardingManagerTests testFirstLaunchShowsOnboarding]' started.
Test Case '-[CloudSyncAppTests.OnboardingManagerTests testFirstLaunchShowsOnboarding]' passed (0.008 seconds).
Test Case '-[CloudSyncAppTests.OnboardingManagerTests testGoToStepJumpsToSpecificStep]' started.
Test Case '-[CloudSyncAppTests.OnboardingManagerTests testGoToStepJumpsToSpecificStep]' passed (0.006 seconds).
Test Case '-[CloudSyncAppTests.OnboardingManagerTests testHasCompletedOnboardingDefaultsFalse]' started.
Test Case '-[CloudSyncAppTests.OnboardingManagerTests testHasCompletedOnboardingDefaultsFalse]' passed (0.010 seconds).
Test Case '-[CloudSyncAppTests.OnboardingManagerTests testIsFirstStepOnWelcome]' started.
Test Case '-[CloudSyncAppTests.OnboardingManagerTests testIsFirstStepOnWelcome]' passed (0.006 seconds).
Test Case '-[CloudSyncAppTests.OnboardingManagerTests testNextStepAdvancesFromWelcome]' started.
Test Case '-[CloudSyncAppTests.OnboardingManagerTests testNextStepAdvancesFromWelcome]' passed (0.312 seconds).
Test Case '-[CloudSyncAppTests.OnboardingManagerTests testNextStepOnLastStepCompletesOnboarding]' started.
Test Case '-[CloudSyncAppTests.OnboardingManagerTests testNextStepOnLastStepCompletesOnboarding]' passed (0.124 seconds).
Test Case '-[CloudSyncAppTests.OnboardingManagerTests testOnboardingCompletedNotificationPosted]' started.
Test Case '-[CloudSyncAppTests.OnboardingManagerTests testOnboardingCompletedNotificationPosted]' passed (0.103 seconds).
Test Case '-[CloudSyncAppTests.OnboardingManagerTests testOnboardingResetNotificationPosted]' started.
Test Case '-[CloudSyncAppTests.OnboardingManagerTests testOnboardingResetNotificationPosted]' passed (0.053 seconds).
Test Case '-[CloudSyncAppTests.OnboardingManagerTests testOnboardingStepHasId]' started.
Test Case '-[CloudSyncAppTests.OnboardingManagerTests testOnboardingStepHasId]' passed (0.007 seconds).
Test Case '-[CloudSyncAppTests.OnboardingManagerTests testOnboardingStepHasTitle]' started.
Test Case '-[CloudSyncAppTests.OnboardingManagerTests testOnboardingStepHasTitle]' passed (0.017 seconds).
Test Case '-[CloudSyncAppTests.OnboardingManagerTests testOnboardingStepRawValues]' started.
Test Case '-[CloudSyncAppTests.OnboardingManagerTests testOnboardingStepRawValues]' passed (0.002 seconds).
Test Case '-[CloudSyncAppTests.OnboardingManagerTests testPreviousStepDoesNothingOnFirstStep]' started.
Test Case '-[CloudSyncAppTests.OnboardingManagerTests testPreviousStepDoesNothingOnFirstStep]' passed (0.016 seconds).
Test Case '-[CloudSyncAppTests.OnboardingManagerTests testProgressCalculation]' started.
Test Case '-[CloudSyncAppTests.OnboardingManagerTests testProgressCalculation]' passed (0.013 seconds).
Test Case '-[CloudSyncAppTests.OnboardingManagerTests testResetOnboardingClearsCompletion]' started.
Test Case '-[CloudSyncAppTests.OnboardingManagerTests testResetOnboardingClearsCompletion]' passed (0.031 seconds).
Test Case '-[CloudSyncAppTests.OnboardingManagerTests testResetOnboardingPostsNotification]' started.
Test Case '-[CloudSyncAppTests.OnboardingManagerTests testResetOnboardingPostsNotification]' passed (0.031 seconds).
Test Case '-[CloudSyncAppTests.OnboardingManagerTests testResetOnboardingResetsToWelcomeStep]' started.
Test Case '-[CloudSyncAppTests.OnboardingManagerTests testResetOnboardingResetsToWelcomeStep]' passed (0.032 seconds).
Test Case '-[CloudSyncAppTests.OnboardingManagerTests testResetOnboardingShowsOnboarding]' started.
Test Case '-[CloudSyncAppTests.OnboardingManagerTests testResetOnboardingShowsOnboarding]' passed (0.030 seconds).
Test Case '-[CloudSyncAppTests.OnboardingManagerTests testSkipOnboardingCompletesFlow]' started.
Test Case '-[CloudSyncAppTests.OnboardingManagerTests testSkipOnboardingCompletesFlow]' passed (0.029 seconds).
Test Case '-[CloudSyncAppTests.OnboardingManagerTests testSkipOnboardingFromAnyStep]' started.
Test Case '-[CloudSyncAppTests.OnboardingManagerTests testSkipOnboardingFromAnyStep]' passed (0.161 seconds).
Test Case '-[CloudSyncAppTests.OnboardingManagerTests testSubsequentLaunchHidesOnboarding]' started.
Test Case '-[CloudSyncAppTests.OnboardingManagerTests testSubsequentLaunchHidesOnboarding]' passed (0.101 seconds).
Test Case '-[CloudSyncAppTests.OnboardingManagerTests testTotalStepsReturnsCorrectCount]' started.
Test Case '-[CloudSyncAppTests.OnboardingManagerTests testTotalStepsReturnsCorrectCount]' passed (0.030 seconds).
Test Suite 'OnboardingManagerTests' passed at 2026-01-14 21:24:06.294.
	 Executed 25 tests, with 0 failures (0 unexpected) in 1.503 (1.507) seconds
Test Suite 'Phase1Week1ProvidersTests' started at 2026-01-14 21:24:06.294.
Test Case '-[CloudSyncAppTests.Phase1Week1ProvidersTests testAllNewProvidersAreSupported]' started.
Test Case '-[CloudSyncAppTests.Phase1Week1ProvidersTests testAllNewProvidersAreSupported]' passed (0.000 seconds).
Test Case '-[CloudSyncAppTests.Phase1Week1ProvidersTests testAllNewProvidersHaveIcons]' started.
Test Case '-[CloudSyncAppTests.Phase1Week1ProvidersTests testAllNewProvidersHaveIcons]' passed (0.000 seconds).
Test Case '-[CloudSyncAppTests.Phase1Week1ProvidersTests testCloudRemoteDefaultRcloneName]' started.
Test Case '-[CloudSyncAppTests.Phase1Week1ProvidersTests testCloudRemoteDefaultRcloneName]' passed (0.000 seconds).
Test Case '-[CloudSyncAppTests.Phase1Week1ProvidersTests testCloudRemoteWithNewProviders]' started.
Test Case '-[CloudSyncAppTests.Phase1Week1ProvidersTests testCloudRemoteWithNewProviders]' passed (0.000 seconds).
Test Case '-[CloudSyncAppTests.Phase1Week1ProvidersTests testCloudRemoteWithNextcloud]' started.
Test Case '-[CloudSyncAppTests.Phase1Week1ProvidersTests testCloudRemoteWithNextcloud]' passed (0.000 seconds).
Test Case '-[CloudSyncAppTests.Phase1Week1ProvidersTests testDisplayNamesAreUserFriendly]' started.
Test Case '-[CloudSyncAppTests.Phase1Week1ProvidersTests testDisplayNamesAreUserFriendly]' passed (0.001 seconds).
Test Case '-[CloudSyncAppTests.Phase1Week1ProvidersTests testIconNamesAreValid]' started.
Test Case '-[CloudSyncAppTests.Phase1Week1ProvidersTests testIconNamesAreValid]' passed (0.000 seconds).
Test Case '-[CloudSyncAppTests.Phase1Week1ProvidersTests testKoofrProviderProperties]' started.
Test Case '-[CloudSyncAppTests.Phase1Week1ProvidersTests testKoofrProviderProperties]' passed (0.000 seconds).
Test Case '-[CloudSyncAppTests.Phase1Week1ProvidersTests testKoofrRawValue]' started.
Test Case '-[CloudSyncAppTests.Phase1Week1ProvidersTests testKoofrRawValue]' passed (0.000 seconds).
Test Case '-[CloudSyncAppTests.Phase1Week1ProvidersTests testMailRuCloudProviderProperties]' started.
Test Case '-[CloudSyncAppTests.Phase1Week1ProvidersTests testMailRuCloudProviderProperties]' passed (0.000 seconds).
Test Case '-[CloudSyncAppTests.Phase1Week1ProvidersTests testMailRuCloudRawValue]' started.
Test Case '-[CloudSyncAppTests.Phase1Week1ProvidersTests testMailRuCloudRawValue]' passed (0.000 seconds).
Test Case '-[CloudSyncAppTests.Phase1Week1ProvidersTests testNewProvidersAreCodable]' started.
Test Case '-[CloudSyncAppTests.Phase1Week1ProvidersTests testNewProvidersAreCodable]' passed (0.000 seconds).
Test Case '-[CloudSyncAppTests.Phase1Week1ProvidersTests testNewProvidersInAllCases]' started.
Test Case '-[CloudSyncAppTests.Phase1Week1ProvidersTests testNewProvidersInAllCases]' passed (0.000 seconds).
Test Case '-[CloudSyncAppTests.Phase1Week1ProvidersTests testNextcloudBrandColor]' started.
Test Case '-[CloudSyncAppTests.Phase1Week1ProvidersTests testNextcloudBrandColor]' passed (0.000 seconds).
Test Case '-[CloudSyncAppTests.Phase1Week1ProvidersTests testNextcloudProviderProperties]' started.
Test Case '-[CloudSyncAppTests.Phase1Week1ProvidersTests testNextcloudProviderProperties]' passed (0.000 seconds).
Test Case '-[CloudSyncAppTests.Phase1Week1ProvidersTests testNextcloudRawValue]' started.
Test Case '-[CloudSyncAppTests.Phase1Week1ProvidersTests testNextcloudRawValue]' passed (0.000 seconds).
Test Case '-[CloudSyncAppTests.Phase1Week1ProvidersTests testNextcloudUsesWebDAVType]' started.
Test Case '-[CloudSyncAppTests.Phase1Week1ProvidersTests testNextcloudUsesWebDAVType]' passed (0.000 seconds).
Test Case '-[CloudSyncAppTests.Phase1Week1ProvidersTests testOwnCloudBrandColor]' started.
Test Case '-[CloudSyncAppTests.Phase1Week1ProvidersTests testOwnCloudBrandColor]' passed (0.000 seconds).
Test Case '-[CloudSyncAppTests.Phase1Week1ProvidersTests testOwnCloudProviderProperties]' started.
Test Case '-[CloudSyncAppTests.Phase1Week1ProvidersTests testOwnCloudProviderProperties]' passed (0.000 seconds).
Test Case '-[CloudSyncAppTests.Phase1Week1ProvidersTests testOwnCloudRawValue]' started.
Test Case '-[CloudSyncAppTests.Phase1Week1ProvidersTests testOwnCloudRawValue]' passed (0.000 seconds).
Test Case '-[CloudSyncAppTests.Phase1Week1ProvidersTests testOwnCloudUsesWebDAVType]' started.
Test Case '-[CloudSyncAppTests.Phase1Week1ProvidersTests testOwnCloudUsesWebDAVType]' passed (0.000 seconds).
Test Case '-[CloudSyncAppTests.Phase1Week1ProvidersTests testProviderCountIncreased]' started.
Test Case '-[CloudSyncAppTests.Phase1Week1ProvidersTests testProviderCountIncreased]' passed (0.002 seconds).
Test Case '-[CloudSyncAppTests.Phase1Week1ProvidersTests testProvidersAreEquatable]' started.
Test Case '-[CloudSyncAppTests.Phase1Week1ProvidersTests testProvidersAreEquatable]' passed (0.000 seconds).
Test Case '-[CloudSyncAppTests.Phase1Week1ProvidersTests testProvidersAreHashable]' started.
Test Case '-[CloudSyncAppTests.Phase1Week1ProvidersTests testProvidersAreHashable]' passed (0.000 seconds).
Test Case '-[CloudSyncAppTests.Phase1Week1ProvidersTests testProvidersAreIdentifiable]' started.
Test Case '-[CloudSyncAppTests.Phase1Week1ProvidersTests testProvidersAreIdentifiable]' passed (0.000 seconds).
Test Case '-[CloudSyncAppTests.Phase1Week1ProvidersTests testProvidersSortedAlphabetically]' started.
Test Case '-[CloudSyncAppTests.Phase1Week1ProvidersTests testProvidersSortedAlphabetically]' passed (0.000 seconds).
Test Case '-[CloudSyncAppTests.Phase1Week1ProvidersTests testSeafileBrandColor]' started.
Test Case '-[CloudSyncAppTests.Phase1Week1ProvidersTests testSeafileBrandColor]' passed (0.000 seconds).
Test Case '-[CloudSyncAppTests.Phase1Week1ProvidersTests testSeafileProviderProperties]' started.
Test Case '-[CloudSyncAppTests.Phase1Week1ProvidersTests testSeafileProviderProperties]' passed (0.000 seconds).
Test Case '-[CloudSyncAppTests.Phase1Week1ProvidersTests testSeafileRawValue]' started.
Test Case '-[CloudSyncAppTests.Phase1Week1ProvidersTests testSeafileRawValue]' passed (0.000 seconds).
Test Case '-[CloudSyncAppTests.Phase1Week1ProvidersTests testSeafileUsesNativeType]' started.
Test Case '-[CloudSyncAppTests.Phase1Week1ProvidersTests testSeafileUsesNativeType]' passed (0.000 seconds).
Test Case '-[CloudSyncAppTests.Phase1Week1ProvidersTests testYandexDiskBrandColor]' started.
Test Case '-[CloudSyncAppTests.Phase1Week1ProvidersTests testYandexDiskBrandColor]' passed (0.003 seconds).
Test Case '-[CloudSyncAppTests.Phase1Week1ProvidersTests testYandexDiskProviderProperties]' started.
Test Case '-[CloudSyncAppTests.Phase1Week1ProvidersTests testYandexDiskProviderProperties]' passed (0.000 seconds).
Test Case '-[CloudSyncAppTests.Phase1Week1ProvidersTests testYandexDiskRawValue]' started.
Test Case '-[CloudSyncAppTests.Phase1Week1ProvidersTests testYandexDiskRawValue]' passed (0.000 seconds).
Test Suite 'Phase1Week1ProvidersTests' passed at 2026-01-14 21:24:06.329.
	 Executed 33 tests, with 0 failures (0 unexpected) in 0.016 (0.036) seconds
Test Suite 'Phase1Week2ProvidersTests' started at 2026-01-14 21:24:06.330.
Test Case '-[CloudSyncAppTests.Phase1Week2ProvidersTests testAllAreObjectStorageProviders]' started.
Test Case '-[CloudSyncAppTests.Phase1Week2ProvidersTests testAllAreObjectStorageProviders]' passed (0.000 seconds).
Test Case '-[CloudSyncAppTests.Phase1Week2ProvidersTests testAllNewProvidersAreSupported]' started.
Test Case '-[CloudSyncAppTests.Phase1Week2ProvidersTests testAllNewProvidersAreSupported]' passed (0.000 seconds).
Test Case '-[CloudSyncAppTests.Phase1Week2ProvidersTests testAllNewProvidersHaveIcons]' started.
Test Case '-[CloudSyncAppTests.Phase1Week2ProvidersTests testAllNewProvidersHaveIcons]' passed (0.000 seconds).
Test Case '-[CloudSyncAppTests.Phase1Week2ProvidersTests testAllProvidersHaveNonEmptyProperties]' started.
Test Case '-[CloudSyncAppTests.Phase1Week2ProvidersTests testAllProvidersHaveNonEmptyProperties]' passed (0.000 seconds).
Test Case '-[CloudSyncAppTests.Phase1Week2ProvidersTests testAllProvidersHaveUniqueDisplayNames]' started.
Test Case '-[CloudSyncAppTests.Phase1Week2ProvidersTests testAllProvidersHaveUniqueDisplayNames]' passed (0.000 seconds).
Test Case '-[CloudSyncAppTests.Phase1Week2ProvidersTests testAllProvidersHaveUniqueRawValues]' started.
Test Case '-[CloudSyncAppTests.Phase1Week2ProvidersTests testAllProvidersHaveUniqueRawValues]' passed (0.000 seconds).
Test Case '-[CloudSyncAppTests.Phase1Week2ProvidersTests testBackblazeB2BrandColor]' started.
Test Case '-[CloudSyncAppTests.Phase1Week2ProvidersTests testBackblazeB2BrandColor]' passed (0.000 seconds).
Test Case '-[CloudSyncAppTests.Phase1Week2ProvidersTests testBackblazeB2ProviderProperties]' started.
Test Case '-[CloudSyncAppTests.Phase1Week2ProvidersTests testBackblazeB2ProviderProperties]' passed (0.000 seconds).
Test Case '-[CloudSyncAppTests.Phase1Week2ProvidersTests testBackblazeB2UsesNativeProtocol]' started.
Test Case '-[CloudSyncAppTests.Phase1Week2ProvidersTests testBackblazeB2UsesNativeProtocol]' passed (0.000 seconds).
Test Case '-[CloudSyncAppTests.Phase1Week2ProvidersTests testCloudflareR2BrandColor]' started.
Test Case '-[CloudSyncAppTests.Phase1Week2ProvidersTests testCloudflareR2BrandColor]' passed (0.000 seconds).
Test Case '-[CloudSyncAppTests.Phase1Week2ProvidersTests testCloudflareR2ProviderProperties]' started.
Test Case '-[CloudSyncAppTests.Phase1Week2ProvidersTests testCloudflareR2ProviderProperties]' passed (0.000 seconds).
Test Case '-[CloudSyncAppTests.Phase1Week2ProvidersTests testCloudflareR2UsesS3Protocol]' started.
Test Case '-[CloudSyncAppTests.Phase1Week2ProvidersTests testCloudflareR2UsesS3Protocol]' passed (0.005 seconds).
Test Case '-[CloudSyncAppTests.Phase1Week2ProvidersTests testCloudRemoteDefaultRcloneName]' started.
Test Case '-[CloudSyncAppTests.Phase1Week2ProvidersTests testCloudRemoteDefaultRcloneName]' passed (0.000 seconds).
Test Case '-[CloudSyncAppTests.Phase1Week2ProvidersTests testCloudRemoteWithBackblazeB2]' started.
Test Case '-[CloudSyncAppTests.Phase1Week2ProvidersTests testCloudRemoteWithBackblazeB2]' passed (0.000 seconds).
Test Case '-[CloudSyncAppTests.Phase1Week2ProvidersTests testCloudRemoteWithNewProviders]' started.
Test Case '-[CloudSyncAppTests.Phase1Week2ProvidersTests testCloudRemoteWithNewProviders]' passed (0.000 seconds).
Test Case '-[CloudSyncAppTests.Phase1Week2ProvidersTests testDigitalOceanBrandColor]' started.
Test Case '-[CloudSyncAppTests.Phase1Week2ProvidersTests testDigitalOceanBrandColor]' passed (0.000 seconds).
Test Case '-[CloudSyncAppTests.Phase1Week2ProvidersTests testDigitalOceanSpacesProviderProperties]' started.
Test Case '-[CloudSyncAppTests.Phase1Week2ProvidersTests testDigitalOceanSpacesProviderProperties]' passed (0.003 seconds).
Test Case '-[CloudSyncAppTests.Phase1Week2ProvidersTests testDigitalOceanUsesS3Protocol]' started.
Test Case '-[CloudSyncAppTests.Phase1Week2ProvidersTests testDigitalOceanUsesS3Protocol]' passed (0.000 seconds).
Test Case '-[CloudSyncAppTests.Phase1Week2ProvidersTests testDisplayNamesAreUserFriendly]' started.
Test Case '-[CloudSyncAppTests.Phase1Week2ProvidersTests testDisplayNamesAreUserFriendly]' passed (0.000 seconds).
Test Case '-[CloudSyncAppTests.Phase1Week2ProvidersTests testFilebaseProviderProperties]' started.
Test Case '-[CloudSyncAppTests.Phase1Week2ProvidersTests testFilebaseProviderProperties]' passed (0.000 seconds).
Test Case '-[CloudSyncAppTests.Phase1Week2ProvidersTests testFilebaseUsesS3Protocol]' started.
Test Case '-[CloudSyncAppTests.Phase1Week2ProvidersTests testFilebaseUsesS3Protocol]' passed (0.000 seconds).
Test Case '-[CloudSyncAppTests.Phase1Week2ProvidersTests testIconNamesAreValid]' started.
Test Case '-[CloudSyncAppTests.Phase1Week2ProvidersTests testIconNamesAreValid]' passed (0.000 seconds).
Test Case '-[CloudSyncAppTests.Phase1Week2ProvidersTests testNativeTypeProviders]' started.
Test Case '-[CloudSyncAppTests.Phase1Week2ProvidersTests testNativeTypeProviders]' passed (0.000 seconds).
Test Case '-[CloudSyncAppTests.Phase1Week2ProvidersTests testNewProvidersAreCodable]' started.
Test Case '-[CloudSyncAppTests.Phase1Week2ProvidersTests testNewProvidersAreCodable]' passed (0.000 seconds).
Test Case '-[CloudSyncAppTests.Phase1Week2ProvidersTests testNewProvidersInAllCases]' started.
Test Case '-[CloudSyncAppTests.Phase1Week2ProvidersTests testNewProvidersInAllCases]' passed (0.000 seconds).
Test Case '-[CloudSyncAppTests.Phase1Week2ProvidersTests testOracleCloudProviderProperties]' started.
Test Case '-[CloudSyncAppTests.Phase1Week2ProvidersTests testOracleCloudProviderProperties]' passed (0.000 seconds).
Test Case '-[CloudSyncAppTests.Phase1Week2ProvidersTests testOracleCloudUsesS3Protocol]' started.
Test Case '-[CloudSyncAppTests.Phase1Week2ProvidersTests testOracleCloudUsesS3Protocol]' passed (0.000 seconds).
Test Case '-[CloudSyncAppTests.Phase1Week2ProvidersTests testProviderCountIncreased]' started.
Test Case '-[CloudSyncAppTests.Phase1Week2ProvidersTests testProviderCountIncreased]' passed (0.000 seconds).
Test Case '-[CloudSyncAppTests.Phase1Week2ProvidersTests testProviderRawValues]' started.
Test Case '-[CloudSyncAppTests.Phase1Week2ProvidersTests testProviderRawValues]' passed (0.000 seconds).
Test Case '-[CloudSyncAppTests.Phase1Week2ProvidersTests testProvidersAreEquatable]' started.
Test Case '-[CloudSyncAppTests.Phase1Week2ProvidersTests testProvidersAreEquatable]' passed (0.000 seconds).
Test Case '-[CloudSyncAppTests.Phase1Week2ProvidersTests testProvidersAreHashable]' started.
Test Case '-[CloudSyncAppTests.Phase1Week2ProvidersTests testProvidersAreHashable]' passed (0.000 seconds).
Test Case '-[CloudSyncAppTests.Phase1Week2ProvidersTests testProvidersAreIdentifiable]' started.
Test Case '-[CloudSyncAppTests.Phase1Week2ProvidersTests testProvidersAreIdentifiable]' passed (0.000 seconds).
Test Case '-[CloudSyncAppTests.Phase1Week2ProvidersTests testS3CompatibleProviders]' started.
Test Case '-[CloudSyncAppTests.Phase1Week2ProvidersTests testS3CompatibleProviders]' passed (0.000 seconds).
Test Case '-[CloudSyncAppTests.Phase1Week2ProvidersTests testScalewayProviderProperties]' started.
Test Case '-[CloudSyncAppTests.Phase1Week2ProvidersTests testScalewayProviderProperties]' passed (0.000 seconds).
Test Case '-[CloudSyncAppTests.Phase1Week2ProvidersTests testScalewayUsesS3Protocol]' started.
Test Case '-[CloudSyncAppTests.Phase1Week2ProvidersTests testScalewayUsesS3Protocol]' passed (0.000 seconds).
Test Case '-[CloudSyncAppTests.Phase1Week2ProvidersTests testStorjBrandColor]' started.
Test Case '-[CloudSyncAppTests.Phase1Week2ProvidersTests testStorjBrandColor]' passed (0.000 seconds).
Test Case '-[CloudSyncAppTests.Phase1Week2ProvidersTests testStorjProviderProperties]' started.
Test Case '-[CloudSyncAppTests.Phase1Week2ProvidersTests testStorjProviderProperties]' passed (0.000 seconds).
Test Case '-[CloudSyncAppTests.Phase1Week2ProvidersTests testStorjUsesNativeProtocol]' started.
Test Case '-[CloudSyncAppTests.Phase1Week2ProvidersTests testStorjUsesNativeProtocol]' passed (0.000 seconds).
Test Case '-[CloudSyncAppTests.Phase1Week2ProvidersTests testWasabiBrandColor]' started.
Test Case '-[CloudSyncAppTests.Phase1Week2ProvidersTests testWasabiBrandColor]' passed (0.000 seconds).
Test Case '-[CloudSyncAppTests.Phase1Week2ProvidersTests testWasabiProviderProperties]' started.
Test Case '-[CloudSyncAppTests.Phase1Week2ProvidersTests testWasabiProviderProperties]' passed (0.000 seconds).
Test Case '-[CloudSyncAppTests.Phase1Week2ProvidersTests testWasabiUsesS3Protocol]' started.
Test Case '-[CloudSyncAppTests.Phase1Week2ProvidersTests testWasabiUsesS3Protocol]' passed (0.002 seconds).
Test Suite 'Phase1Week2ProvidersTests' passed at 2026-01-14 21:24:06.372.
	 Executed 41 tests, with 0 failures (0 unexpected) in 0.022 (0.042) seconds
Test Suite 'Phase1Week3ProvidersTests' started at 2026-01-14 21:24:06.372.
Test Case '-[CloudSyncAppTests.Phase1Week3ProvidersTests testAlibabaOSSBrandColor]' started.
Test Case '-[CloudSyncAppTests.Phase1Week3ProvidersTests testAlibabaOSSBrandColor]' passed (0.000 seconds).
Test Case '-[CloudSyncAppTests.Phase1Week3ProvidersTests testAlibabaOSSProviderProperties]' started.
Test Case '-[CloudSyncAppTests.Phase1Week3ProvidersTests testAlibabaOSSProviderProperties]' passed (0.000 seconds).
Test Case '-[CloudSyncAppTests.Phase1Week3ProvidersTests testAllAreEnterpriseProviders]' started.
Test Case '-[CloudSyncAppTests.Phase1Week3ProvidersTests testAllAreEnterpriseProviders]' passed (0.000 seconds).
Test Case '-[CloudSyncAppTests.Phase1Week3ProvidersTests testAllNewProvidersHaveIcons]' started.
Test Case '-[CloudSyncAppTests.Phase1Week3ProvidersTests testAllNewProvidersHaveIcons]' passed (0.003 seconds).
Test Case '-[CloudSyncAppTests.Phase1Week3ProvidersTests testAllProvidersHaveNonEmptyProperties]' started.
Test Case '-[CloudSyncAppTests.Phase1Week3ProvidersTests testAllProvidersHaveNonEmptyProperties]' passed (0.000 seconds).
Test Case '-[CloudSyncAppTests.Phase1Week3ProvidersTests testAllProvidersHaveUniqueDisplayNames]' started.
Test Case '-[CloudSyncAppTests.Phase1Week3ProvidersTests testAllProvidersHaveUniqueDisplayNames]' passed (0.000 seconds).
Test Case '-[CloudSyncAppTests.Phase1Week3ProvidersTests testAllProvidersHaveUniqueRawValues]' started.
Test Case '-[CloudSyncAppTests.Phase1Week3ProvidersTests testAllProvidersHaveUniqueRawValues]' passed (0.000 seconds).
Test Case '-[CloudSyncAppTests.Phase1Week3ProvidersTests testAzureBlobProviderProperties]' started.
Test Case '-[CloudSyncAppTests.Phase1Week3ProvidersTests testAzureBlobProviderProperties]' passed (0.002 seconds).
Test Case '-[CloudSyncAppTests.Phase1Week3ProvidersTests testAzureBrandColors]' started.
Test Case '-[CloudSyncAppTests.Phase1Week3ProvidersTests testAzureBrandColors]' passed (0.000 seconds).
Test Case '-[CloudSyncAppTests.Phase1Week3ProvidersTests testAzureFilesProviderProperties]' started.
Test Case '-[CloudSyncAppTests.Phase1Week3ProvidersTests testAzureFilesProviderProperties]' passed (0.000 seconds).
Test Case '-[CloudSyncAppTests.Phase1Week3ProvidersTests testAzureProvidersUseDifferentTypes]' started.
Test Case '-[CloudSyncAppTests.Phase1Week3ProvidersTests testAzureProvidersUseDifferentTypes]' passed (0.000 seconds).
Test Case '-[CloudSyncAppTests.Phase1Week3ProvidersTests testCloudRemoteDefaultRcloneName]' started.
Test Case '-[CloudSyncAppTests.Phase1Week3ProvidersTests testCloudRemoteDefaultRcloneName]' passed (0.000 seconds).
Test Case '-[CloudSyncAppTests.Phase1Week3ProvidersTests testCloudRemoteWithGoogleCloudStorage]' started.
Test Case '-[CloudSyncAppTests.Phase1Week3ProvidersTests testCloudRemoteWithGoogleCloudStorage]' passed (0.000 seconds).
Test Case '-[CloudSyncAppTests.Phase1Week3ProvidersTests testCloudRemoteWithNewProviders]' started.
Test Case '-[CloudSyncAppTests.Phase1Week3ProvidersTests testCloudRemoteWithNewProviders]' passed (0.001 seconds).
Test Case '-[CloudSyncAppTests.Phase1Week3ProvidersTests testDisplayNamesAreUserFriendly]' started.
Test Case '-[CloudSyncAppTests.Phase1Week3ProvidersTests testDisplayNamesAreUserFriendly]' passed (0.000 seconds).
Test Case '-[CloudSyncAppTests.Phase1Week3ProvidersTests testGoogleCloudStorageBrandColor]' started.
Test Case '-[CloudSyncAppTests.Phase1Week3ProvidersTests testGoogleCloudStorageBrandColor]' passed (0.000 seconds).
Test Case '-[CloudSyncAppTests.Phase1Week3ProvidersTests testGoogleCloudStorageProviderProperties]' started.
Test Case '-[CloudSyncAppTests.Phase1Week3ProvidersTests testGoogleCloudStorageProviderProperties]' passed (0.000 seconds).
Test Case '-[CloudSyncAppTests.Phase1Week3ProvidersTests testGoogleCloudStorageUsesNativeType]' started.
Test Case '-[CloudSyncAppTests.Phase1Week3ProvidersTests testGoogleCloudStorageUsesNativeType]' passed (0.002 seconds).
Test Case '-[CloudSyncAppTests.Phase1Week3ProvidersTests testIconNamesAreValid]' started.
Test Case '-[CloudSyncAppTests.Phase1Week3ProvidersTests testIconNamesAreValid]' passed (0.000 seconds).
Test Case '-[CloudSyncAppTests.Phase1Week3ProvidersTests testMicrosoftEcosystemProviders]' started.
Test Case '-[CloudSyncAppTests.Phase1Week3ProvidersTests testMicrosoftEcosystemProviders]' passed (0.000 seconds).
Test Case '-[CloudSyncAppTests.Phase1Week3ProvidersTests testNewProvidersAreCodable]' started.
Test Case '-[CloudSyncAppTests.Phase1Week3ProvidersTests testNewProvidersAreCodable]' passed (0.000 seconds).
Test Case '-[CloudSyncAppTests.Phase1Week3ProvidersTests testNewProvidersInAllCases]' started.
Test Case '-[CloudSyncAppTests.Phase1Week3ProvidersTests testNewProvidersInAllCases]' passed (0.000 seconds).
Test Case '-[CloudSyncAppTests.Phase1Week3ProvidersTests testOneDriveBusinessProviderProperties]' started.
Test Case '-[CloudSyncAppTests.Phase1Week3ProvidersTests testOneDriveBusinessProviderProperties]' passed (0.003 seconds).
Test Case '-[CloudSyncAppTests.Phase1Week3ProvidersTests testOneDriveBusinessUsesOneDriveType]' started.
Test Case '-[CloudSyncAppTests.Phase1Week3ProvidersTests testOneDriveBusinessUsesOneDriveType]' passed (0.000 seconds).
Test Case '-[CloudSyncAppTests.Phase1Week3ProvidersTests testPhase1Complete]' started.
Test Case '-[CloudSyncAppTests.Phase1Week3ProvidersTests testPhase1Complete]' passed (0.000 seconds).
Test Case '-[CloudSyncAppTests.Phase1Week3ProvidersTests testPhase1ProviderBreakdown]' started.
Test Case '-[CloudSyncAppTests.Phase1Week3ProvidersTests testPhase1ProviderBreakdown]' passed (0.000 seconds).
Test Case '-[CloudSyncAppTests.Phase1Week3ProvidersTests testProviderCountIncreased]' started.
Test Case '-[CloudSyncAppTests.Phase1Week3ProvidersTests testProviderCountIncreased]' passed (0.000 seconds).
Test Case '-[CloudSyncAppTests.Phase1Week3ProvidersTests testProviderRawValues]' started.
Test Case '-[CloudSyncAppTests.Phase1Week3ProvidersTests testProviderRawValues]' passed (0.000 seconds).
Test Case '-[CloudSyncAppTests.Phase1Week3ProvidersTests testProvidersAreEquatable]' started.
Test Case '-[CloudSyncAppTests.Phase1Week3ProvidersTests testProvidersAreEquatable]' passed (0.000 seconds).
Test Case '-[CloudSyncAppTests.Phase1Week3ProvidersTests testProvidersAreHashable]' started.
Test Case '-[CloudSyncAppTests.Phase1Week3ProvidersTests testProvidersAreHashable]' passed (0.000 seconds).
Test Case '-[CloudSyncAppTests.Phase1Week3ProvidersTests testProvidersAreIdentifiable]' started.
Test Case '-[CloudSyncAppTests.Phase1Week3ProvidersTests testProvidersAreIdentifiable]' passed (0.000 seconds).
Test Case '-[CloudSyncAppTests.Phase1Week3ProvidersTests testSharePointProviderProperties]' started.
Test Case '-[CloudSyncAppTests.Phase1Week3ProvidersTests testSharePointProviderProperties]' passed (0.000 seconds).
Test Suite 'Phase1Week3ProvidersTests' passed at 2026-01-14 21:24:06.401.
	 Executed 32 tests, with 0 failures (0 unexpected) in 0.019 (0.030) seconds
Test Suite 'RcloneManagerErrorTests' started at 2026-01-14 21:24:06.401.
Test Case '-[CloudSyncAppTests.RcloneManagerErrorTests testCompleteFailureDetection]' started.
Test Case '-[CloudSyncAppTests.RcloneManagerErrorTests testCompleteFailureDetection]' passed (0.000 seconds).
Test Case '-[CloudSyncAppTests.RcloneManagerErrorTests testPartialSuccessDetection]' started.
Test Case '-[CloudSyncAppTests.RcloneManagerErrorTests testPartialSuccessDetection]' passed (0.000 seconds).
Test Case '-[CloudSyncAppTests.RcloneManagerErrorTests testSyncProgressHasErrorFields]' started.
Test Case '-[CloudSyncAppTests.RcloneManagerErrorTests testSyncProgressHasErrorFields]' passed (0.000 seconds).
Test Case '-[CloudSyncAppTests.RcloneManagerErrorTests testUploadErrorDetection]' started.
Test Case '-[CloudSyncAppTests.RcloneManagerErrorTests testUploadErrorDetection]' passed (0.000 seconds).
Test Suite 'RcloneManagerErrorTests' passed at 2026-01-14 21:24:06.406.
	 Executed 4 tests, with 0 failures (0 unexpected) in 0.002 (0.004) seconds
Test Suite 'RemoteReorderingTests' started at 2026-01-14 21:24:06.406.
Test Case '-[CloudSyncAppTests.RemoteReorderingTests testCloudRemoteDefaultSortOrder]' started.
Test Case '-[CloudSyncAppTests.RemoteReorderingTests testCloudRemoteDefaultSortOrder]' passed (0.000 seconds).
Test Case '-[CloudSyncAppTests.RemoteReorderingTests testCloudRemoteHasSortOrder]' started.
Test Case '-[CloudSyncAppTests.RemoteReorderingTests testCloudRemoteHasSortOrder]' passed (0.000 seconds).
Test Case '-[CloudSyncAppTests.RemoteReorderingTests testCloudRemoteSortOrderCodable]' started.
Test Case '-[CloudSyncAppTests.RemoteReorderingTests testCloudRemoteSortOrderCodable]' passed (0.001 seconds).
Test Case '-[CloudSyncAppTests.RemoteReorderingTests testLocalRemotesExcludedFromReordering]' started.
Test Case '-[CloudSyncAppTests.RemoteReorderingTests testLocalRemotesExcludedFromReordering]' passed (0.000 seconds).
Test Case '-[CloudSyncAppTests.RemoteReorderingTests testMoveRemoteUpdatesOrder]' started.
Test Case '-[CloudSyncAppTests.RemoteReorderingTests testMoveRemoteUpdatesOrder]' passed (0.003 seconds).
Test Case '-[CloudSyncAppTests.RemoteReorderingTests testRemotesSortBySortOrder]' started.
Test Case '-[CloudSyncAppTests.RemoteReorderingTests testRemotesSortBySortOrder]' passed (0.000 seconds).
Test Suite 'RemoteReorderingTests' passed at 2026-01-14 21:24:06.412.
	 Executed 6 tests, with 0 failures (0 unexpected) in 0.005 (0.006) seconds
Test Suite 'RemotesViewModelTests' started at 2026-01-14 21:24:06.412.
Test Case '-[CloudSyncAppTests.RemotesViewModelTests testAddRemote]' started.
Test Case '-[CloudSyncAppTests.RemotesViewModelTests testAddRemote]' passed (0.018 seconds).
Test Case '-[CloudSyncAppTests.RemotesViewModelTests testCloudRemotes_ExcludesLocal]' started.
Test Case '-[CloudSyncAppTests.RemotesViewModelTests testCloudRemotes_ExcludesLocal]' passed (0.002 seconds).
Test Case '-[CloudSyncAppTests.RemotesViewModelTests testConfiguredRemotes]' started.
Test Case '-[CloudSyncAppTests.RemotesViewModelTests testConfiguredRemotes]' passed (0.015 seconds).
Test Case '-[CloudSyncAppTests.RemotesViewModelTests testConfiguredRemotes_ExcludesUnconfigured]' started.
Test Case '-[CloudSyncAppTests.RemotesViewModelTests testConfiguredRemotes_ExcludesUnconfigured]' passed (0.017 seconds).
Test Case '-[CloudSyncAppTests.RemotesViewModelTests testFindRemote_ById]' started.
Test Case '-[CloudSyncAppTests.RemotesViewModelTests testFindRemote_ById]' passed (0.016 seconds).
Test Case '-[CloudSyncAppTests.RemotesViewModelTests testFindRemote_ByType]' started.
Test Case '-[CloudSyncAppTests.RemotesViewModelTests testFindRemote_ByType]' passed (0.016 seconds).
Test Case '-[CloudSyncAppTests.RemotesViewModelTests testInitialState_HasLocalStorage]' started.
Test Case '-[CloudSyncAppTests.RemotesViewModelTests testInitialState_HasLocalStorage]' passed (0.016 seconds).
Test Case '-[CloudSyncAppTests.RemotesViewModelTests testRemoteCount_ByProvider]' started.
Test Case '-[CloudSyncAppTests.RemotesViewModelTests testRemoteCount_ByProvider]' passed (0.016 seconds).
Test Case '-[CloudSyncAppTests.RemotesViewModelTests testRemoveRemote]' started.
Test Case '-[CloudSyncAppTests.RemotesViewModelTests testRemoveRemote]' passed (0.002 seconds).
Test Case '-[CloudSyncAppTests.RemotesViewModelTests testSelectedRemote]' started.
Test Case '-[CloudSyncAppTests.RemotesViewModelTests testSelectedRemote]' passed (0.016 seconds).
Test Case '-[CloudSyncAppTests.RemotesViewModelTests testSelectedRemote_Clear]' started.
Test Case '-[CloudSyncAppTests.RemotesViewModelTests testSelectedRemote_Clear]' passed (0.017 seconds).
Test Case '-[CloudSyncAppTests.RemotesViewModelTests testUpdateRemote_Configuration]' started.
Test Case '-[CloudSyncAppTests.RemotesViewModelTests testUpdateRemote_Configuration]' passed (0.018 seconds).
Test Suite 'RemotesViewModelTests' passed at 2026-01-14 21:24:06.585.
	 Executed 12 tests, with 0 failures (0 unexpected) in 0.170 (0.173) seconds
Test Suite 'ScheduleFrequencyTests' started at 2026-01-14 21:24:06.586.
Test Case '-[CloudSyncAppTests.ScheduleFrequencyTests test_ScheduleFrequency_AllCases]' started.
Test Case '-[CloudSyncAppTests.ScheduleFrequencyTests test_ScheduleFrequency_AllCases]' passed (0.001 seconds).
Test Case '-[CloudSyncAppTests.ScheduleFrequencyTests test_ScheduleFrequency_Codable]' started.
Test Case '-[CloudSyncAppTests.ScheduleFrequencyTests test_ScheduleFrequency_Codable]' passed (0.001 seconds).
Test Case '-[CloudSyncAppTests.ScheduleFrequencyTests test_ScheduleFrequency_Descriptions]' started.
Test Case '-[CloudSyncAppTests.ScheduleFrequencyTests test_ScheduleFrequency_Descriptions]' passed (0.001 seconds).
Test Case '-[CloudSyncAppTests.ScheduleFrequencyTests test_ScheduleFrequency_Icons]' started.
Test Case '-[CloudSyncAppTests.ScheduleFrequencyTests test_ScheduleFrequency_Icons]' passed (0.001 seconds).
Test Case '-[CloudSyncAppTests.ScheduleFrequencyTests test_ScheduleFrequency_RawValues]' started.
Test Case '-[CloudSyncAppTests.ScheduleFrequencyTests test_ScheduleFrequency_RawValues]' passed (0.001 seconds).
Test Suite 'ScheduleFrequencyTests' passed at 2026-01-14 21:24:06.592.
	 Executed 5 tests, with 0 failures (0 unexpected) in 0.004 (0.006) seconds
Test Suite 'ScheduleManagerTests' started at 2026-01-14 21:24:06.592.
Test Case '-[CloudSyncAppTests.ScheduleManagerTests test_ScheduleManager_AddSchedule_IncreasesCount]' started.
[ScheduleManager] Scheduled 'Test Add' to run in 16553 seconds
Test Case '-[CloudSyncAppTests.ScheduleManagerTests test_ScheduleManager_AddSchedule_IncreasesCount]' passed (0.022 seconds).
Test Case '-[CloudSyncAppTests.ScheduleManagerTests test_ScheduleManager_AddSchedule_SetsNextRunAt]' started.
[ScheduleManager] Scheduled 'Test NextRun' to run in 2153 seconds
Test Case '-[CloudSyncAppTests.ScheduleManagerTests test_ScheduleManager_AddSchedule_SetsNextRunAt]' passed (0.022 seconds).
Test Case '-[CloudSyncAppTests.ScheduleManagerTests test_ScheduleManager_DeleteSchedule_RemovesFromList]' started.
[ScheduleManager] Scheduled 'Test Delete' to run in 16553 seconds
Test Case '-[CloudSyncAppTests.ScheduleManagerTests test_ScheduleManager_DeleteSchedule_RemovesFromList]' passed (0.013 seconds).
Test Case '-[CloudSyncAppTests.ScheduleManagerTests test_ScheduleManager_EnabledSchedulesCount]' started.
[ScheduleManager] Scheduled 'Schedule 1' to run in 16553 seconds
[ScheduleManager] Scheduled 'Schedule 2' to run in 16553 seconds
[ScheduleManager] Scheduled 'Schedule 3' to run in 16553 seconds
Test Case '-[CloudSyncAppTests.ScheduleManagerTests test_ScheduleManager_EnabledSchedulesCount]' passed (0.019 seconds).
Test Case '-[CloudSyncAppTests.ScheduleManagerTests test_ScheduleManager_NextScheduledRun_ReturnsEarliest]' started.
[ScheduleManager] Scheduled 'Later' to run in 7199 seconds
[ScheduleManager] Scheduled 'Sooner' to run in 1799 seconds
Test Case '-[CloudSyncAppTests.ScheduleManagerTests test_ScheduleManager_NextScheduledRun_ReturnsEarliest]' passed (0.027 seconds).
Test Case '-[CloudSyncAppTests.ScheduleManagerTests test_ScheduleManager_SaveAndLoad_PersistsSchedules]' started.
[ScheduleManager] Scheduled 'Persistence Test' to run in 16553 seconds
Test Case '-[CloudSyncAppTests.ScheduleManagerTests test_ScheduleManager_SaveAndLoad_PersistsSchedules]' passed (0.022 seconds).
Test Case '-[CloudSyncAppTests.ScheduleManagerTests test_ScheduleManager_ToggleSchedule_ClearsNextRunWhenDisabled]' started.
[ScheduleManager] Scheduled 'Test Toggle NextRun' to run in 16553 seconds
Test Case '-[CloudSyncAppTests.ScheduleManagerTests test_ScheduleManager_ToggleSchedule_ClearsNextRunWhenDisabled]' passed (0.015 seconds).
Test Case '-[CloudSyncAppTests.ScheduleManagerTests test_ScheduleManager_ToggleSchedule_DisablesEnabled]' started.
[ScheduleManager] Scheduled 'Test Toggle' to run in 16553 seconds
Test Case '-[CloudSyncAppTests.ScheduleManagerTests test_ScheduleManager_ToggleSchedule_DisablesEnabled]' passed (0.047 seconds).
Test Case '-[CloudSyncAppTests.ScheduleManagerTests test_ScheduleManager_ToggleSchedule_EnablesDisabled]' started.
[ScheduleManager] Scheduled 'Test Toggle' to run in 16553 seconds
[ScheduleManager] Scheduled 'Test Toggle' to run in 16553 seconds
Test Case '-[CloudSyncAppTests.ScheduleManagerTests test_ScheduleManager_ToggleSchedule_EnablesDisabled]' passed (0.036 seconds).
Test Case '-[CloudSyncAppTests.ScheduleManagerTests test_ScheduleManager_UpdateSchedule_ChangesValues]' started.
[ScheduleManager] Scheduled 'Original Name' to run in 16553 seconds
[ScheduleManager] Scheduled 'Updated Name' to run in 16553 seconds
Test Case '-[CloudSyncAppTests.ScheduleManagerTests test_ScheduleManager_UpdateSchedule_ChangesValues]' passed (0.016 seconds).
Test Case '-[CloudSyncAppTests.ScheduleManagerTests test_ScheduleManager_UpdateSchedule_UpdatesModifiedAt]' started.
[ScheduleManager] Scheduled 'Test Modified' to run in 16553 seconds
[ScheduleManager] Scheduled 'Modified' to run in 16553 seconds
Test Case '-[CloudSyncAppTests.ScheduleManagerTests test_ScheduleManager_UpdateSchedule_UpdatesModifiedAt]' passed (0.029 seconds).
Test Suite 'ScheduleManagerTests' passed at 2026-01-14 21:24:06.866.
	 Executed 11 tests, with 0 failures (0 unexpected) in 0.268 (0.274) seconds
Test Suite 'SidebarOrderTests' started at 2026-01-14 21:24:06.866.
Test Case '-[CloudSyncAppTests.SidebarOrderTests testExpectedSidebarOrder]' started.
Test Case '-[CloudSyncAppTests.SidebarOrderTests testExpectedSidebarOrder]' passed (0.001 seconds).
Test Case '-[CloudSyncAppTests.SidebarOrderTests testRemoteSectionWithCloudRemote]' started.
Test Case '-[CloudSyncAppTests.SidebarOrderTests testRemoteSectionWithCloudRemote]' passed (0.001 seconds).
Test Case '-[CloudSyncAppTests.SidebarOrderTests testSchedulesAfterTransfer]' started.
Test Case '-[CloudSyncAppTests.SidebarOrderTests testSchedulesAfterTransfer]' passed (0.001 seconds).
Test Case '-[CloudSyncAppTests.SidebarOrderTests testSchedulesBeforeTasks]' started.
Test Case '-[CloudSyncAppTests.SidebarOrderTests testSchedulesBeforeTasks]' passed (0.001 seconds).
Test Case '-[CloudSyncAppTests.SidebarOrderTests testSchedulesNotAtEnd]' started.
Test Case '-[CloudSyncAppTests.SidebarOrderTests testSchedulesNotAtEnd]' passed (0.001 seconds).
Test Case '-[CloudSyncAppTests.SidebarOrderTests testSchedulesSectionIncluded]' started.
Test Case '-[CloudSyncAppTests.SidebarOrderTests testSchedulesSectionIncluded]' passed (0.001 seconds).
Test Case '-[CloudSyncAppTests.SidebarOrderTests testSidebarSectionExists]' started.
Test Case '-[CloudSyncAppTests.SidebarOrderTests testSidebarSectionExists]' passed (0.001 seconds).
Test Case '-[CloudSyncAppTests.SidebarOrderTests testSidebarSectionHashable]' started.
Test Case '-[CloudSyncAppTests.SidebarOrderTests testSidebarSectionHashable]' passed (0.001 seconds).
Test Suite 'SidebarOrderTests' passed at 2026-01-14 21:24:06.875.
	 Executed 8 tests, with 0 failures (0 unexpected) in 0.007 (0.010) seconds
Test Suite 'SyncManagerPhase2Tests' started at 2026-01-14 21:24:06.876.
Test Case '-[CloudSyncAppTests.SyncManagerPhase2Tests testAutoSyncDisabledByDefault]' started.
Test Case '-[CloudSyncAppTests.SyncManagerPhase2Tests testAutoSyncDisabledByDefault]' passed (0.023 seconds).
Test Case '-[CloudSyncAppTests.SyncManagerPhase2Tests testChangingSyncIntervalWhileMonitoring]' started.
Test Case '-[CloudSyncAppTests.SyncManagerPhase2Tests testChangingSyncIntervalWhileMonitoring]' passed (3.288 seconds).
Test Case '-[CloudSyncAppTests.SyncManagerPhase2Tests testCompleteMonitoringLifecycle]' started.
Test Case '-[CloudSyncAppTests.SyncManagerPhase2Tests testCompleteMonitoringLifecycle]' passed (3.094 seconds).
Test Case '-[CloudSyncAppTests.SyncManagerPhase2Tests testCurrentProgressCanBeSet]' started.
Test Case '-[CloudSyncAppTests.SyncManagerPhase2Tests testCurrentProgressCanBeSet]' passed (0.033 seconds).
Test Case '-[CloudSyncAppTests.SyncManagerPhase2Tests testCurrentProgressClearedOnStop]' started.
Test Case '-[CloudSyncAppTests.SyncManagerPhase2Tests testCurrentProgressClearedOnStop]' passed (0.013 seconds).
Test Case '-[CloudSyncAppTests.SyncManagerPhase2Tests testCurrentProgressNotSetInitially]' started.
Test Case '-[CloudSyncAppTests.SyncManagerPhase2Tests testCurrentProgressNotSetInitially]' passed (0.012 seconds).
Test Case '-[CloudSyncAppTests.SyncManagerPhase2Tests testCurrentProgressUpdatesIncrementally]' started.
Test Case '-[CloudSyncAppTests.SyncManagerPhase2Tests testCurrentProgressUpdatesIncrementally]' passed (0.023 seconds).
Test Case '-[CloudSyncAppTests.SyncManagerPhase2Tests testDisablingAutoSyncWhileMonitoring]' started.
Test Case '-[CloudSyncAppTests.SyncManagerPhase2Tests testDisablingAutoSyncWhileMonitoring]' passed (3.078 seconds).
Test Case '-[CloudSyncAppTests.SyncManagerPhase2Tests testEnablingAutoSyncWithoutMonitoring]' started.
Test Case '-[CloudSyncAppTests.SyncManagerPhase2Tests testEnablingAutoSyncWithoutMonitoring]' passed (0.008 seconds).
Test Case '-[CloudSyncAppTests.SyncManagerPhase2Tests testErrorStatePreservesLastSyncTime]' started.
Test Case '-[CloudSyncAppTests.SyncManagerPhase2Tests testErrorStatePreservesLastSyncTime]' passed (0.029 seconds).
Test Case '-[CloudSyncAppTests.SyncManagerPhase2Tests testErrorStateTransitions]' started.
Test Case '-[CloudSyncAppTests.SyncManagerPhase2Tests testErrorStateTransitions]' passed (0.033 seconds).
Test Case '-[CloudSyncAppTests.SyncManagerPhase2Tests testIsConfiguredReturnsBool]' started.
Test Case '-[CloudSyncAppTests.SyncManagerPhase2Tests testIsConfiguredReturnsBool]' passed (0.009 seconds).
Test Case '-[CloudSyncAppTests.SyncManagerPhase2Tests testIsEncryptionActiveWhenNotConfigured]' started.
Test Case '-[CloudSyncAppTests.SyncManagerPhase2Tests testIsEncryptionActiveWhenNotConfigured]' passed (0.012 seconds).
Test Case '-[CloudSyncAppTests.SyncManagerPhase2Tests testLastSyncTimeCanBeSet]' started.
Test Case '-[CloudSyncAppTests.SyncManagerPhase2Tests testLastSyncTimeCanBeSet]' passed (0.028 seconds).
Test Case '-[CloudSyncAppTests.SyncManagerPhase2Tests testLastSyncTimeNotSetInitially]' started.
Test Case '-[CloudSyncAppTests.SyncManagerPhase2Tests testLastSyncTimeNotSetInitially]' passed (0.033 seconds).
Test Case '-[CloudSyncAppTests.SyncManagerPhase2Tests testLastSyncTimePreservesAcrossStops]' started.
Test Case '-[CloudSyncAppTests.SyncManagerPhase2Tests testLastSyncTimePreservesAcrossStops]' passed (0.026 seconds).
Test Case '-[CloudSyncAppTests.SyncManagerPhase2Tests testLastSyncTimeUpdatesOnSuccessfulSync]' started.
Test Case '-[CloudSyncAppTests.SyncManagerPhase2Tests testLastSyncTimeUpdatesOnSuccessfulSync]' passed (0.011 seconds).
Test Case '-[CloudSyncAppTests.SyncManagerPhase2Tests testManualSyncInitiatesSync]' started.
Test Case '-[CloudSyncAppTests.SyncManagerPhase2Tests testManualSyncInitiatesSync]' passed (3.087 seconds).
Test Case '-[CloudSyncAppTests.SyncManagerPhase2Tests testManualSyncIsAsync]' started.
Test Case '-[CloudSyncAppTests.SyncManagerPhase2Tests testManualSyncIsAsync]' passed (3.099 seconds).
Test Case '-[CloudSyncAppTests.SyncManagerPhase2Tests testMonitoringWithoutAutoSync]' started.
Test Case '-[CloudSyncAppTests.SyncManagerPhase2Tests testMonitoringWithoutAutoSync]' passed (3.075 seconds).
Test Case '-[CloudSyncAppTests.SyncManagerPhase2Tests testMultiplePropertyChangesSimultaneously]' started.
Test Case '-[CloudSyncAppTests.SyncManagerPhase2Tests testMultiplePropertyChangesSimultaneously]' passed (0.028 seconds).
Test Case '-[CloudSyncAppTests.SyncManagerPhase2Tests testRecoverFromErrorState]' started.
Test Case '-[CloudSyncAppTests.SyncManagerPhase2Tests testRecoverFromErrorState]' passed (0.011 seconds).
Test Case '-[CloudSyncAppTests.SyncManagerPhase2Tests testStartMonitoringIsAsync]' started.
Test Case '-[CloudSyncAppTests.SyncManagerPhase2Tests testStartMonitoringIsAsync]' passed (3.068 seconds).
Test Case '-[CloudSyncAppTests.SyncManagerPhase2Tests testStartMonitoringMultipleTimes]' started.
Test Case '-[CloudSyncAppTests.SyncManagerPhase2Tests testStartMonitoringMultipleTimes]' passed (6.151 seconds).
Test Case '-[CloudSyncAppTests.SyncManagerPhase2Tests testStartMonitoringSetsIsMonitoringTrue]' started.
Test Case '-[CloudSyncAppTests.SyncManagerPhase2Tests testStartMonitoringSetsIsMonitoringTrue]' passed (3.082 seconds).
Test Case '-[CloudSyncAppTests.SyncManagerPhase2Tests testStartMonitoringWithEmptyLocalPath]' started.
Test Case '-[CloudSyncAppTests.SyncManagerPhase2Tests testStartMonitoringWithEmptyLocalPath]' passed (0.040 seconds).
Test Case '-[CloudSyncAppTests.SyncManagerPhase2Tests testStopMonitoringCleansUpTimer]' started.
Test Case '-[CloudSyncAppTests.SyncManagerPhase2Tests testStopMonitoringCleansUpTimer]' passed (3.090 seconds).
Test Case '-[CloudSyncAppTests.SyncManagerPhase2Tests testStopMonitoringReleasesResources]' started.
Test Case '-[CloudSyncAppTests.SyncManagerPhase2Tests testStopMonitoringReleasesResources]' passed (0.018 seconds).
Test Case '-[CloudSyncAppTests.SyncManagerPhase2Tests testStopMonitoringWithoutAutoSync]' started.
Test Case '-[CloudSyncAppTests.SyncManagerPhase2Tests testStopMonitoringWithoutAutoSync]' passed (3.090 seconds).
Test Case '-[CloudSyncAppTests.SyncManagerPhase2Tests testSyncIntervalDefaultValue]' started.
Test Case '-[CloudSyncAppTests.SyncManagerPhase2Tests testSyncIntervalDefaultValue]' passed (0.033 seconds).
Test Case '-[CloudSyncAppTests.SyncManagerPhase2Tests testSyncStatusCanTransitionToChecking]' started.
Test Case '-[CloudSyncAppTests.SyncManagerPhase2Tests testSyncStatusCanTransitionToChecking]' passed (0.012 seconds).
Test Case '-[CloudSyncAppTests.SyncManagerPhase2Tests testSyncStatusCanTransitionToCompleted]' started.
Test Case '-[CloudSyncAppTests.SyncManagerPhase2Tests testSyncStatusCanTransitionToCompleted]' passed (0.009 seconds).
Test Case '-[CloudSyncAppTests.SyncManagerPhase2Tests testSyncStatusCanTransitionToError]' started.
Test Case '-[CloudSyncAppTests.SyncManagerPhase2Tests testSyncStatusCanTransitionToError]' passed (0.017 seconds).
Test Case '-[CloudSyncAppTests.SyncManagerPhase2Tests testSyncStatusCanTransitionToSyncing]' started.
Test Case '-[CloudSyncAppTests.SyncManagerPhase2Tests testSyncStatusCanTransitionToSyncing]' passed (0.028 seconds).
Test Case '-[CloudSyncAppTests.SyncManagerPhase2Tests testSyncStatusErrorTransition]' started.
Test Case '-[CloudSyncAppTests.SyncManagerPhase2Tests testSyncStatusErrorTransition]' passed (0.033 seconds).
Test Case '-[CloudSyncAppTests.SyncManagerPhase2Tests testSyncStatusStartsAsIdle]' started.
Test Case '-[CloudSyncAppTests.SyncManagerPhase2Tests testSyncStatusStartsAsIdle]' passed (0.009 seconds).
Test Case '-[CloudSyncAppTests.SyncManagerPhase2Tests testSyncStatusTransitionSequence]' started.
Test Case '-[CloudSyncAppTests.SyncManagerPhase2Tests testSyncStatusTransitionSequence]' passed (0.013 seconds).
Test Case '-[CloudSyncAppTests.SyncManagerPhase2Tests testSyncStatusWithDifferentErrorMessages]' started.
Test Case '-[CloudSyncAppTests.SyncManagerPhase2Tests testSyncStatusWithDifferentErrorMessages]' passed (0.027 seconds).
Test Case '-[CloudSyncAppTests.SyncManagerPhase2Tests testValidSyncStateMachine]' started.
Test Case '-[CloudSyncAppTests.SyncManagerPhase2Tests testValidSyncStateMachine]' passed (0.034 seconds).
Test Case '-[CloudSyncAppTests.SyncManagerPhase2Tests testVeryLongSyncInterval]' started.
Test Case '-[CloudSyncAppTests.SyncManagerPhase2Tests testVeryLongSyncInterval]' passed (0.024 seconds).
Test Case '-[CloudSyncAppTests.SyncManagerPhase2Tests testVeryShortSyncInterval]' started.
Test Case '-[CloudSyncAppTests.SyncManagerPhase2Tests testVeryShortSyncInterval]' passed (0.011 seconds).
Test Suite 'SyncManagerPhase2Tests' passed at 2026-01-14 21:24:44.736.
	 Executed 41 tests, with 0 failures (0 unexpected) in 37.842 (37.860) seconds
Test Suite 'SyncManagerTests' started at 2026-01-14 21:24:44.736.
Test Case '-[CloudSyncAppTests.SyncManagerTests testAllSettingsPersistTogether]' started.
Test Case '-[CloudSyncAppTests.SyncManagerTests testAllSettingsPersistTogether]' passed (0.013 seconds).
Test Case '-[CloudSyncAppTests.SyncManagerTests testAllSyncStatusStates]' started.
Test Case '-[CloudSyncAppTests.SyncManagerTests testAllSyncStatusStates]' passed (0.033 seconds).
Test Case '-[CloudSyncAppTests.SyncManagerTests testAutoSyncDefaultsToFalse]' started.
Test Case '-[CloudSyncAppTests.SyncManagerTests testAutoSyncDefaultsToFalse]' passed (0.033 seconds).
Test Case '-[CloudSyncAppTests.SyncManagerTests testAutoSyncPersistence]' started.
Test Case '-[CloudSyncAppTests.SyncManagerTests testAutoSyncPersistence]' passed (0.009 seconds).
Test Case '-[CloudSyncAppTests.SyncManagerTests testClearCurrentProgress]' started.
Test Case '-[CloudSyncAppTests.SyncManagerTests testClearCurrentProgress]' passed (0.013 seconds).
Test Case '-[CloudSyncAppTests.SyncManagerTests testCompleteSetupWorkflow]' started.
Test Case '-[CloudSyncAppTests.SyncManagerTests testCompleteSetupWorkflow]' passed (0.026 seconds).
Test Case '-[CloudSyncAppTests.SyncManagerTests testCurrentProgressDefaultsToNil]' started.
Test Case '-[CloudSyncAppTests.SyncManagerTests testCurrentProgressDefaultsToNil]' passed (0.033 seconds).
Test Case '-[CloudSyncAppTests.SyncManagerTests testCurrentProgressIsPublished]' started.
Test Case '-[CloudSyncAppTests.SyncManagerTests testCurrentProgressIsPublished]' passed (0.025 seconds).
Test Case '-[CloudSyncAppTests.SyncManagerTests testDisableAutoSync]' started.
Test Case '-[CloudSyncAppTests.SyncManagerTests testDisableAutoSync]' passed (0.009 seconds).
Test Case '-[CloudSyncAppTests.SyncManagerTests testEnableAutoSync]' started.
Test Case '-[CloudSyncAppTests.SyncManagerTests testEnableAutoSync]' passed (0.015 seconds).
Test Case '-[CloudSyncAppTests.SyncManagerTests testInitialState]' started.
Test Case '-[CloudSyncAppTests.SyncManagerTests testInitialState]' passed (0.033 seconds).
Test Case '-[CloudSyncAppTests.SyncManagerTests testIsConfiguredWhenRcloneConfigured]' started.
Test Case '-[CloudSyncAppTests.SyncManagerTests testIsConfiguredWhenRcloneConfigured]' passed (0.033 seconds).
Test Case '-[CloudSyncAppTests.SyncManagerTests testIsMonitoringInitiallyFalse]' started.
Test Case '-[CloudSyncAppTests.SyncManagerTests testIsMonitoringInitiallyFalse]' passed (0.010 seconds).
Test Case '-[CloudSyncAppTests.SyncManagerTests testLastSyncTimeDefaultsToNil]' started.
Test Case '-[CloudSyncAppTests.SyncManagerTests testLastSyncTimeDefaultsToNil]' passed (0.012 seconds).
Test Case '-[CloudSyncAppTests.SyncManagerTests testLastSyncTimeIsPublished]' started.
Test Case '-[CloudSyncAppTests.SyncManagerTests testLastSyncTimeIsPublished]' passed (0.027 seconds).
Test Case '-[CloudSyncAppTests.SyncManagerTests testLocalPathDefaultsToEmpty]' started.
Test Case '-[CloudSyncAppTests.SyncManagerTests testLocalPathDefaultsToEmpty]' passed (0.033 seconds).
Test Case '-[CloudSyncAppTests.SyncManagerTests testLocalPathPersistence]' started.
Test Case '-[CloudSyncAppTests.SyncManagerTests testLocalPathPersistence]' passed (0.023 seconds).
Test Case '-[CloudSyncAppTests.SyncManagerTests testMultipleStopMonitoringCalls]' started.
Test Case '-[CloudSyncAppTests.SyncManagerTests testMultipleStopMonitoringCalls]' passed (0.010 seconds).
Test Case '-[CloudSyncAppTests.SyncManagerTests testNegativeSyncInterval]' started.
Test Case '-[CloudSyncAppTests.SyncManagerTests testNegativeSyncInterval]' passed (0.015 seconds).
Test Case '-[CloudSyncAppTests.SyncManagerTests testPathWithUnicode]' started.
Test Case '-[CloudSyncAppTests.SyncManagerTests testPathWithUnicode]' passed (0.033 seconds).
Test Case '-[CloudSyncAppTests.SyncManagerTests testRapidPropertyChanges]' started.
Test Case '-[CloudSyncAppTests.SyncManagerTests testRapidPropertyChanges]' passed (0.032 seconds).
Test Case '-[CloudSyncAppTests.SyncManagerTests testRemotePathDefaultsToEmpty]' started.
Test Case '-[CloudSyncAppTests.SyncManagerTests testRemotePathDefaultsToEmpty]' passed (0.008 seconds).
Test Case '-[CloudSyncAppTests.SyncManagerTests testRemotePathPersistence]' started.
Test Case '-[CloudSyncAppTests.SyncManagerTests testRemotePathPersistence]' passed (0.013 seconds).
Test Case '-[CloudSyncAppTests.SyncManagerTests testRemotePathWithSpecialCharacters]' started.
Test Case '-[CloudSyncAppTests.SyncManagerTests testRemotePathWithSpecialCharacters]' passed (0.028 seconds).
Test Case '-[CloudSyncAppTests.SyncManagerTests testResetConfigurationWorkflow]' started.
Test Case '-[CloudSyncAppTests.SyncManagerTests testResetConfigurationWorkflow]' passed (0.033 seconds).
Test Case '-[CloudSyncAppTests.SyncManagerTests testSetCurrentProgress]' started.
Test Case '-[CloudSyncAppTests.SyncManagerTests testSetCurrentProgress]' passed (0.024 seconds).
Test Case '-[CloudSyncAppTests.SyncManagerTests testSetEmptyLocalPath]' started.
Test Case '-[CloudSyncAppTests.SyncManagerTests testSetEmptyLocalPath]' passed (0.009 seconds).
Test Case '-[CloudSyncAppTests.SyncManagerTests testSetLastSyncTime]' started.
Test Case '-[CloudSyncAppTests.SyncManagerTests testSetLastSyncTime]' passed (0.016 seconds).
Test Case '-[CloudSyncAppTests.SyncManagerTests testSetLocalPath]' started.
Test Case '-[CloudSyncAppTests.SyncManagerTests testSetLocalPath]' passed (0.032 seconds).
Test Case '-[CloudSyncAppTests.SyncManagerTests testSetRemotePath]' started.
Test Case '-[CloudSyncAppTests.SyncManagerTests testSetRemotePath]' passed (0.033 seconds).
Test Case '-[CloudSyncAppTests.SyncManagerTests testSetSyncInterval]' started.
Test Case '-[CloudSyncAppTests.SyncManagerTests testSetSyncInterval]' passed (0.008 seconds).
Test Case '-[CloudSyncAppTests.SyncManagerTests testSettingsPersistAfterReset]' started.
Test Case '-[CloudSyncAppTests.SyncManagerTests testSettingsPersistAfterReset]' passed (0.015 seconds).
Test Case '-[CloudSyncAppTests.SyncManagerTests testStopMonitoringResetsState]' started.
Test Case '-[CloudSyncAppTests.SyncManagerTests testStopMonitoringResetsState]' passed (0.027 seconds).
Test Case '-[CloudSyncAppTests.SyncManagerTests testStopMonitoringSetsIsMonitoringToFalse]' started.
Test Case '-[CloudSyncAppTests.SyncManagerTests testStopMonitoringSetsIsMonitoringToFalse]' passed (0.033 seconds).
Test Case '-[CloudSyncAppTests.SyncManagerTests testStopMonitoringWhenNotStarted]' started.
Test Case '-[CloudSyncAppTests.SyncManagerTests testStopMonitoringWhenNotStarted]' passed (0.025 seconds).
Test Case '-[CloudSyncAppTests.SyncManagerTests testSyncIntervalDefaultsTo300Seconds]' started.
Test Case '-[CloudSyncAppTests.SyncManagerTests testSyncIntervalDefaultsTo300Seconds]' passed (0.009 seconds).
Test Case '-[CloudSyncAppTests.SyncManagerTests testSyncIntervalPersistence]' started.
Test Case '-[CloudSyncAppTests.SyncManagerTests testSyncIntervalPersistence]' passed (0.014 seconds).
Test Case '-[CloudSyncAppTests.SyncManagerTests testSyncIntervalWithDecimal]' started.
Test Case '-[CloudSyncAppTests.SyncManagerTests testSyncIntervalWithDecimal]' passed (0.016 seconds).
Test Case '-[CloudSyncAppTests.SyncManagerTests testSyncIntervalWithLargeValue]' started.
Test Case '-[CloudSyncAppTests.SyncManagerTests testSyncIntervalWithLargeValue]' passed (0.034 seconds).
Test Case '-[CloudSyncAppTests.SyncManagerTests testSyncIntervalWithSmallValue]' started.
Test Case '-[CloudSyncAppTests.SyncManagerTests testSyncIntervalWithSmallValue]' passed (0.024 seconds).
Test Case '-[CloudSyncAppTests.SyncManagerTests testSyncManagerSingleton]' started.
Test Case '-[CloudSyncAppTests.SyncManagerTests testSyncManagerSingleton]' passed (0.010 seconds).
Test Case '-[CloudSyncAppTests.SyncManagerTests testSyncStatusDefaultsToIdle]' started.
Test Case '-[CloudSyncAppTests.SyncManagerTests testSyncStatusDefaultsToIdle]' passed (0.015 seconds).
Test Case '-[CloudSyncAppTests.SyncManagerTests testSyncStatusIsPublished]' started.
Test Case '-[CloudSyncAppTests.SyncManagerTests testSyncStatusIsPublished]' passed (0.033 seconds).
Test Case '-[CloudSyncAppTests.SyncManagerTests testToggleAutoSyncMultipleTimes]' started.
Test Case '-[CloudSyncAppTests.SyncManagerTests testToggleAutoSyncMultipleTimes]' passed (0.033 seconds).
Test Case '-[CloudSyncAppTests.SyncManagerTests testUpdateCurrentProgress]' started.
Test Case '-[CloudSyncAppTests.SyncManagerTests testUpdateCurrentProgress]' passed (0.011 seconds).
Test Case '-[CloudSyncAppTests.SyncManagerTests testUpdateLastSyncTime]' started.
Test Case '-[CloudSyncAppTests.SyncManagerTests testUpdateLastSyncTime]' passed (0.007 seconds).
Test Case '-[CloudSyncAppTests.SyncManagerTests testUpdateLocalPath]' started.
Test Case '-[CloudSyncAppTests.SyncManagerTests testUpdateLocalPath]' passed (0.030 seconds).
Test Case '-[CloudSyncAppTests.SyncManagerTests testUpdateRemotePath]' started.
Test Case '-[CloudSyncAppTests.SyncManagerTests testUpdateRemotePath]' passed (0.033 seconds).
Test Case '-[CloudSyncAppTests.SyncManagerTests testUpdateSyncInterval]' started.
Test Case '-[CloudSyncAppTests.SyncManagerTests testUpdateSyncInterval]' passed (0.024 seconds).
Test Case '-[CloudSyncAppTests.SyncManagerTests testVeryLongLocalPath]' started.
Test Case '-[CloudSyncAppTests.SyncManagerTests testVeryLongLocalPath]' passed (0.010 seconds).
Test Case '-[CloudSyncAppTests.SyncManagerTests testZeroSyncInterval]' started.
Test Case '-[CloudSyncAppTests.SyncManagerTests testZeroSyncInterval]' passed (0.014 seconds).
Test Suite 'SyncManagerTests' passed at 2026-01-14 21:24:45.848.
	 Executed 51 tests, with 0 failures (0 unexpected) in 1.091 (1.112) seconds
Test Suite 'SyncScheduleTests' started at 2026-01-14 21:24:45.849.
Test Case '-[CloudSyncAppTests.SyncScheduleTests test_SyncSchedule_CalculateNextRun_Custom]' started.
Test Case '-[CloudSyncAppTests.SyncScheduleTests test_SyncSchedule_CalculateNextRun_Custom]' passed (0.001 seconds).
Test Case '-[CloudSyncAppTests.SyncScheduleTests test_SyncSchedule_CalculateNextRun_Daily]' started.
Test Case '-[CloudSyncAppTests.SyncScheduleTests test_SyncSchedule_CalculateNextRun_Daily]' passed (0.000 seconds).
Test Case '-[CloudSyncAppTests.SyncScheduleTests test_SyncSchedule_CalculateNextRun_Hourly]' started.
Test Case '-[CloudSyncAppTests.SyncScheduleTests test_SyncSchedule_CalculateNextRun_Hourly]' passed (0.001 seconds).
Test Case '-[CloudSyncAppTests.SyncScheduleTests test_SyncSchedule_CalculateNextRun_Weekly]' started.
Test Case '-[CloudSyncAppTests.SyncScheduleTests test_SyncSchedule_CalculateNextRun_Weekly]' passed (0.001 seconds).
Test Case '-[CloudSyncAppTests.SyncScheduleTests test_SyncSchedule_CalculateNextRun_Weekly_NoDays_ReturnsNil]' started.
Test Case '-[CloudSyncAppTests.SyncScheduleTests test_SyncSchedule_CalculateNextRun_Weekly_NoDays_ReturnsNil]' passed (0.001 seconds).
Test Case '-[CloudSyncAppTests.SyncScheduleTests test_SyncSchedule_Codable_EncodesAndDecodes]' started.
Test Case '-[CloudSyncAppTests.SyncScheduleTests test_SyncSchedule_Codable_EncodesAndDecodes]' passed (0.001 seconds).
Test Case '-[CloudSyncAppTests.SyncScheduleTests test_SyncSchedule_Equatable]' started.
/Users/antti/Claude/CloudSyncAppTests/SyncScheduleTests.swift:354: error: -[CloudSyncAppTests.SyncScheduleTests test_SyncSchedule_Equatable] : XCTAssertEqual failed: ("SyncSchedule(id: 51453E62-8D62-45C9-BC77-E307EFC987E8, name: "Test", isEnabled: true, sourceRemote: "a", sourcePath: "/", destinationRemote: "b", destinationPath: "/", syncType: CloudSyncApp.TaskType.transfer, encryptSource: false, encryptDestination: false, frequency: CloudSyncApp.ScheduleFrequency.daily, customIntervalMinutes: nil, scheduledHour: Optional(2), scheduledMinute: Optional(0), scheduledDays: nil, lastRunAt: nil, lastRunSuccess: nil, lastRunError: nil, nextRunAt: nil, runCount: 0, failureCount: 0, createdAt: 2026-01-14 19:24:45 +0000, modifiedAt: 2026-01-14 19:24:45 +0000)") is not equal to ("SyncSchedule(id: 51453E62-8D62-45C9-BC77-E307EFC987E8, name: "Test", isEnabled: true, sourceRemote: "a", sourcePath: "/", destinationRemote: "b", destinationPath: "/", syncType: CloudSyncApp.TaskType.transfer, encryptSource: false, encryptDestination: false, frequency: CloudSyncApp.ScheduleFrequency.daily, customIntervalMinutes: nil, scheduledHour: Optional(2), scheduledMinute: Optional(0), scheduledDays: nil, lastRunAt: nil, lastRunSuccess: nil, lastRunError: nil, nextRunAt: nil, runCount: 0, failureCount: 0, createdAt: 2026-01-14 19:24:45 +0000, modifiedAt: 2026-01-14 19:24:45 +0000)")
Test Case '-[CloudSyncAppTests.SyncScheduleTests test_SyncSchedule_Equatable]' failed (0.171 seconds).
Test Case '-[CloudSyncAppTests.SyncScheduleTests test_SyncSchedule_FormattedLastRun_Never]' started.
Test Case '-[CloudSyncAppTests.SyncScheduleTests test_SyncSchedule_FormattedLastRun_Never]' passed (0.000 seconds).
Test Case '-[CloudSyncAppTests.SyncScheduleTests test_SyncSchedule_FormattedNextRun_NotScheduled]' started.
Test Case '-[CloudSyncAppTests.SyncScheduleTests test_SyncSchedule_FormattedNextRun_NotScheduled]' passed (0.000 seconds).
Test Case '-[CloudSyncAppTests.SyncScheduleTests test_SyncSchedule_FormattedSchedule_Custom]' started.
Test Case '-[CloudSyncAppTests.SyncScheduleTests test_SyncSchedule_FormattedSchedule_Custom]' passed (0.000 seconds).
Test Case '-[CloudSyncAppTests.SyncScheduleTests test_SyncSchedule_FormattedSchedule_Hourly]' started.
Test Case '-[CloudSyncAppTests.SyncScheduleTests test_SyncSchedule_FormattedSchedule_Hourly]' passed (0.000 seconds).
Test Case '-[CloudSyncAppTests.SyncScheduleTests test_SyncSchedule_HasEncryption_BothFalse]' started.
Test Case '-[CloudSyncAppTests.SyncScheduleTests test_SyncSchedule_HasEncryption_BothFalse]' passed (0.000 seconds).
Test Case '-[CloudSyncAppTests.SyncScheduleTests test_SyncSchedule_HasEncryption_DestinationTrue]' started.
Test Case '-[CloudSyncAppTests.SyncScheduleTests test_SyncSchedule_HasEncryption_DestinationTrue]' passed (0.000 seconds).
Test Case '-[CloudSyncAppTests.SyncScheduleTests test_SyncSchedule_HasEncryption_SourceTrue]' started.
Test Case '-[CloudSyncAppTests.SyncScheduleTests test_SyncSchedule_HasEncryption_SourceTrue]' passed (0.007 seconds).
Test Case '-[CloudSyncAppTests.SyncScheduleTests test_SyncSchedule_Init_CustomValues]' started.
Test Case '-[CloudSyncAppTests.SyncScheduleTests test_SyncSchedule_Init_CustomValues]' passed (0.000 seconds).
Test Case '-[CloudSyncAppTests.SyncScheduleTests test_SyncSchedule_Init_SetsDefaultValues]' started.
Test Case '-[CloudSyncAppTests.SyncScheduleTests test_SyncSchedule_Init_SetsDefaultValues]' passed (0.000 seconds).
Test Suite 'SyncScheduleTests' failed at 2026-01-14 21:24:46.037.
	 Executed 16 tests, with 1 failure (0 unexpected) in 0.185 (0.188) seconds
Test Suite 'SyncTaskTests' started at 2026-01-14 21:24:46.037.
Test Case '-[CloudSyncAppTests.SyncTaskTests testSyncTaskCreation]' started.
Test Case '-[CloudSyncAppTests.SyncTaskTests testSyncTaskCreation]' passed (0.000 seconds).
Test Case '-[CloudSyncAppTests.SyncTaskTests testSyncTaskDefaultState]' started.
Test Case '-[CloudSyncAppTests.SyncTaskTests testSyncTaskDefaultState]' passed (0.000 seconds).
Test Case '-[CloudSyncAppTests.SyncTaskTests testSyncTaskIsCodable]' started.
Test Case '-[CloudSyncAppTests.SyncTaskTests testSyncTaskIsCodable]' passed (0.000 seconds).
Test Case '-[CloudSyncAppTests.SyncTaskTests testSyncTaskIsIdentifiable]' started.
Test Case '-[CloudSyncAppTests.SyncTaskTests testSyncTaskIsIdentifiable]' passed (0.000 seconds).
Test Case '-[CloudSyncAppTests.SyncTaskTests testSyncTaskWithEncryption]' started.
Test Case '-[CloudSyncAppTests.SyncTaskTests testSyncTaskWithEncryption]' passed (0.000 seconds).
Test Case '-[CloudSyncAppTests.SyncTaskTests testTaskStateColors]' started.
Test Case '-[CloudSyncAppTests.SyncTaskTests testTaskStateColors]' passed (0.000 seconds).
Test Case '-[CloudSyncAppTests.SyncTaskTests testTaskStateIsCodable]' started.
Test Case '-[CloudSyncAppTests.SyncTaskTests testTaskStateIsCodable]' passed (0.000 seconds).
Test Case '-[CloudSyncAppTests.SyncTaskTests testTaskStateRawValues]' started.
Test Case '-[CloudSyncAppTests.SyncTaskTests testTaskStateRawValues]' passed (0.000 seconds).
Test Case '-[CloudSyncAppTests.SyncTaskTests testTaskTypeIcons]' started.
Test Case '-[CloudSyncAppTests.SyncTaskTests testTaskTypeIcons]' passed (0.000 seconds).
Test Case '-[CloudSyncAppTests.SyncTaskTests testTaskTypeIsCodable]' started.
Test Case '-[CloudSyncAppTests.SyncTaskTests testTaskTypeIsCodable]' passed (0.000 seconds).
Test Case '-[CloudSyncAppTests.SyncTaskTests testTaskTypeRawValues]' started.
Test Case '-[CloudSyncAppTests.SyncTaskTests testTaskTypeRawValues]' passed (0.000 seconds).
Test Suite 'SyncTaskTests' passed at 2026-01-14 21:24:46.056.
	 Executed 11 tests, with 0 failures (0 unexpected) in 0.004 (0.019) seconds
Test Suite 'TimeFormattingTests' started at 2026-01-14 21:24:46.056.
Test Case '-[CloudSyncAppTests.TimeFormattingTests testBoundary_59to60Minutes]' started.
Test Case '-[CloudSyncAppTests.TimeFormattingTests testBoundary_59to60Minutes]' passed (0.000 seconds).
Test Case '-[CloudSyncAppTests.TimeFormattingTests testBoundary_59to60Seconds]' started.
Test Case '-[CloudSyncAppTests.TimeFormattingTests testBoundary_59to60Seconds]' passed (0.000 seconds).
Test Case '-[CloudSyncAppTests.TimeFormattingTests testDaysAgo_OneDayShowsFormattedDate]' started.
Test Case '-[CloudSyncAppTests.TimeFormattingTests testDaysAgo_OneDayShowsFormattedDate]' passed (0.003 seconds).
Test Case '-[CloudSyncAppTests.TimeFormattingTests testHoursAgo_OneHour]' started.
Test Case '-[CloudSyncAppTests.TimeFormattingTests testHoursAgo_OneHour]' passed (0.000 seconds).
Test Case '-[CloudSyncAppTests.TimeFormattingTests testHoursAgo_TwelveHours]' started.
Test Case '-[CloudSyncAppTests.TimeFormattingTests testHoursAgo_TwelveHours]' passed (0.000 seconds).
Test Case '-[CloudSyncAppTests.TimeFormattingTests testHoursAgo_TwentyThreeHours]' started.
Test Case '-[CloudSyncAppTests.TimeFormattingTests testHoursAgo_TwentyThreeHours]' passed (0.000 seconds).
Test Case '-[CloudSyncAppTests.TimeFormattingTests testHoursAgo_TwoHours]' started.
Test Case '-[CloudSyncAppTests.TimeFormattingTests testHoursAgo_TwoHours]' passed (0.000 seconds).
Test Case '-[CloudSyncAppTests.TimeFormattingTests testJustNow_30SecondsAgo]' started.
Test Case '-[CloudSyncAppTests.TimeFormattingTests testJustNow_30SecondsAgo]' passed (0.000 seconds).
Test Case '-[CloudSyncAppTests.TimeFormattingTests testJustNow_59SecondsAgo]' started.
Test Case '-[CloudSyncAppTests.TimeFormattingTests testJustNow_59SecondsAgo]' passed (0.000 seconds).
Test Case '-[CloudSyncAppTests.TimeFormattingTests testJustNow_RightNow]' started.
Test Case '-[CloudSyncAppTests.TimeFormattingTests testJustNow_RightNow]' passed (0.000 seconds).
Test Case '-[CloudSyncAppTests.TimeFormattingTests testMinutesAgo_FiftyNineMinutes]' started.
Test Case '-[CloudSyncAppTests.TimeFormattingTests testMinutesAgo_FiftyNineMinutes]' passed (0.000 seconds).
Test Case '-[CloudSyncAppTests.TimeFormattingTests testMinutesAgo_FiveMinutes]' started.
Test Case '-[CloudSyncAppTests.TimeFormattingTests testMinutesAgo_FiveMinutes]' passed (0.000 seconds).
Test Case '-[CloudSyncAppTests.TimeFormattingTests testMinutesAgo_OneMinute]' started.
Test Case '-[CloudSyncAppTests.TimeFormattingTests testMinutesAgo_OneMinute]' passed (0.000 seconds).
Test Case '-[CloudSyncAppTests.TimeFormattingTests testMinutesAgo_ThirtyMinutes]' started.
Test Case '-[CloudSyncAppTests.TimeFormattingTests testMinutesAgo_ThirtyMinutes]' passed (0.000 seconds).
Test Case '-[CloudSyncAppTests.TimeFormattingTests testMinutesAgo_TwoMinutes]' started.
Test Case '-[CloudSyncAppTests.TimeFormattingTests testMinutesAgo_TwoMinutes]' passed (0.000 seconds).
Test Case '-[CloudSyncAppTests.TimeFormattingTests testNoSecondsInOutput]' started.
Test Case '-[CloudSyncAppTests.TimeFormattingTests testNoSecondsInOutput]' passed (0.000 seconds).
Test Suite 'TimeFormattingTests' passed at 2026-01-14 21:24:46.070.
	 Executed 16 tests, with 0 failures (0 unexpected) in 0.008 (0.014) seconds
Test Suite 'TransferErrorTests' started at 2026-01-14 21:24:46.071.
Test Case '-[CloudSyncAppTests.TransferErrorTests testAuthenticationFailedMessage]' started.
Test Case '-[CloudSyncAppTests.TransferErrorTests testAuthenticationFailedMessage]' passed (0.000 seconds).
Test Case '-[CloudSyncAppTests.TransferErrorTests testConnectionTimeoutMessage]' started.
Test Case '-[CloudSyncAppTests.TransferErrorTests testConnectionTimeoutMessage]' passed (0.000 seconds).
Test Case '-[CloudSyncAppTests.TransferErrorTests testCriticalErrors]' started.
Test Case '-[CloudSyncAppTests.TransferErrorTests testCriticalErrors]' passed (0.000 seconds).
Test Case '-[CloudSyncAppTests.TransferErrorTests testErrorTitles]' started.
Test Case '-[CloudSyncAppTests.TransferErrorTests testErrorTitles]' passed (0.000 seconds).
Test Case '-[CloudSyncAppTests.TransferErrorTests testFileTooLargeMessage]' started.
Test Case '-[CloudSyncAppTests.TransferErrorTests testFileTooLargeMessage]' passed (0.000 seconds).
Test Case '-[CloudSyncAppTests.TransferErrorTests testNonCriticalErrors]' started.
Test Case '-[CloudSyncAppTests.TransferErrorTests testNonCriticalErrors]' passed (0.000 seconds).
Test Case '-[CloudSyncAppTests.TransferErrorTests testNonRetryableErrors]' started.
Test Case '-[CloudSyncAppTests.TransferErrorTests testNonRetryableErrors]' passed (0.000 seconds).
Test Case '-[CloudSyncAppTests.TransferErrorTests testParseAuthenticationFailed]' started.
Test Case '-[CloudSyncAppTests.TransferErrorTests testParseAuthenticationFailed]' passed (0.001 seconds).
Test Case '-[CloudSyncAppTests.TransferErrorTests testParseChecksumMismatch]' started.
Test Case '-[CloudSyncAppTests.TransferErrorTests testParseChecksumMismatch]' passed (0.001 seconds).
Test Case '-[CloudSyncAppTests.TransferErrorTests testParseConnectionTimeout]' started.
Test Case '-[CloudSyncAppTests.TransferErrorTests testParseConnectionTimeout]' passed (0.002 seconds).
Test Case '-[CloudSyncAppTests.TransferErrorTests testParseDNSResolutionFailed]' started.
Test Case '-[CloudSyncAppTests.TransferErrorTests testParseDNSResolutionFailed]' passed (0.001 seconds).
Test Case '-[CloudSyncAppTests.TransferErrorTests testParseDropboxInsufficientStorage]' started.
Test Case '-[CloudSyncAppTests.TransferErrorTests testParseDropboxInsufficientStorage]' passed (0.000 seconds).
Test Case '-[CloudSyncAppTests.TransferErrorTests testParseGenericError]' started.
Test Case '-[CloudSyncAppTests.TransferErrorTests testParseGenericError]' passed (0.001 seconds).
Test Case '-[CloudSyncAppTests.TransferErrorTests testParseGoogleDriveQuotaError]' started.
Test Case '-[CloudSyncAppTests.TransferErrorTests testParseGoogleDriveQuotaError]' passed (0.000 seconds).
Test Case '-[CloudSyncAppTests.TransferErrorTests testParseNoError]' started.
Test Case '-[CloudSyncAppTests.TransferErrorTests testParseNoError]' passed (0.000 seconds).
Test Case '-[CloudSyncAppTests.TransferErrorTests testParseOneDriveQuotaExceeded]' started.
Test Case '-[CloudSyncAppTests.TransferErrorTests testParseOneDriveQuotaExceeded]' passed (0.000 seconds).
Test Case '-[CloudSyncAppTests.TransferErrorTests testParseRateLimitExceeded]' started.
Test Case '-[CloudSyncAppTests.TransferErrorTests testParseRateLimitExceeded]' passed (0.001 seconds).
Test Case '-[CloudSyncAppTests.TransferErrorTests testParseTokenExpired]' started.
Test Case '-[CloudSyncAppTests.TransferErrorTests testParseTokenExpired]' passed (0.000 seconds).
Test Case '-[CloudSyncAppTests.TransferErrorTests testPartialFailureMessage]' started.
Test Case '-[CloudSyncAppTests.TransferErrorTests testPartialFailureMessage]' passed (0.000 seconds).
Test Case '-[CloudSyncAppTests.TransferErrorTests testQuotaExceededUserMessage]' started.
Test Case '-[CloudSyncAppTests.TransferErrorTests testQuotaExceededUserMessage]' passed (0.000 seconds).
Test Case '-[CloudSyncAppTests.TransferErrorTests testRateLimitExceededWithoutRetryAfter]' started.
Test Case '-[CloudSyncAppTests.TransferErrorTests testRateLimitExceededWithoutRetryAfter]' passed (0.000 seconds).
Test Case '-[CloudSyncAppTests.TransferErrorTests testRateLimitExceededWithRetryAfter]' started.
Test Case '-[CloudSyncAppTests.TransferErrorTests testRateLimitExceededWithRetryAfter]' passed (0.000 seconds).
Test Case '-[CloudSyncAppTests.TransferErrorTests testRetryableErrors]' started.
Test Case '-[CloudSyncAppTests.TransferErrorTests testRetryableErrors]' passed (0.000 seconds).
Test Case '-[CloudSyncAppTests.TransferErrorTests testTokenExpiredMessage]' started.
Test Case '-[CloudSyncAppTests.TransferErrorTests testTokenExpiredMessage]' passed (0.000 seconds).
Test Case '-[CloudSyncAppTests.TransferErrorTests testTransferErrorCodable]' started.
Test Case '-[CloudSyncAppTests.TransferErrorTests testTransferErrorCodable]' passed (0.001 seconds).
Test Suite 'TransferErrorTests' passed at 2026-01-14 21:24:46.092.
	 Executed 25 tests, with 0 failures (0 unexpected) in 0.012 (0.021) seconds
Test Suite 'TransferOptimizerTests' started at 2026-01-14 21:24:46.092.
Test Case '-[CloudSyncAppTests.TransferOptimizerTests testBufferSizeForLargeTransfers]' started.
Test Case '-[CloudSyncAppTests.TransferOptimizerTests testBufferSizeForLargeTransfers]' passed (0.000 seconds).
Test Case '-[CloudSyncAppTests.TransferOptimizerTests testBufferSizeForMediumTransfers]' started.
Test Case '-[CloudSyncAppTests.TransferOptimizerTests testBufferSizeForMediumTransfers]' passed (0.000 seconds).
Test Case '-[CloudSyncAppTests.TransferOptimizerTests testBufferSizeForSmallTransfers]' started.
Test Case '-[CloudSyncAppTests.TransferOptimizerTests testBufferSizeForSmallTransfers]' passed (0.000 seconds).
Test Case '-[CloudSyncAppTests.TransferOptimizerTests testBuildArgsIncludesAllBasicArgs]' started.
Test Case '-[CloudSyncAppTests.TransferOptimizerTests testBuildArgsIncludesAllBasicArgs]' passed (0.000 seconds).
Test Case '-[CloudSyncAppTests.TransferOptimizerTests testBuildArgsWithFastList]' started.
Test Case '-[CloudSyncAppTests.TransferOptimizerTests testBuildArgsWithFastList]' passed (0.003 seconds).
Test Case '-[CloudSyncAppTests.TransferOptimizerTests testBuildArgsWithMultiThread]' started.
Test Case '-[CloudSyncAppTests.TransferOptimizerTests testBuildArgsWithMultiThread]' passed (0.000 seconds).
Test Case '-[CloudSyncAppTests.TransferOptimizerTests testBuildArgsWithoutFastList]' started.
Test Case '-[CloudSyncAppTests.TransferOptimizerTests testBuildArgsWithoutFastList]' passed (0.000 seconds).
Test Case '-[CloudSyncAppTests.TransferOptimizerTests testCheckersForLargeDirectory]' started.
Test Case '-[CloudSyncAppTests.TransferOptimizerTests testCheckersForLargeDirectory]' passed (0.000 seconds).
Test Case '-[CloudSyncAppTests.TransferOptimizerTests testCheckersForMediumDirectory]' started.
Test Case '-[CloudSyncAppTests.TransferOptimizerTests testCheckersForMediumDirectory]' passed (0.000 seconds).
Test Case '-[CloudSyncAppTests.TransferOptimizerTests testCheckersForSmallDirectory]' started.
Test Case '-[CloudSyncAppTests.TransferOptimizerTests testCheckersForSmallDirectory]' passed (0.001 seconds).
Test Case '-[CloudSyncAppTests.TransferOptimizerTests testDefaultArgsArrayLength]' started.
Test Case '-[CloudSyncAppTests.TransferOptimizerTests testDefaultArgsArrayLength]' passed (0.000 seconds).
Test Case '-[CloudSyncAppTests.TransferOptimizerTests testDefaultArgsReturnsCorrectValues]' started.
Test Case '-[CloudSyncAppTests.TransferOptimizerTests testDefaultArgsReturnsCorrectValues]' passed (0.000 seconds).
Test Case '-[CloudSyncAppTests.TransferOptimizerTests testFastListForB2]' started.
Test Case '-[CloudSyncAppTests.TransferOptimizerTests testFastListForB2]' passed (0.000 seconds).
Test Case '-[CloudSyncAppTests.TransferOptimizerTests testFastListForDropbox]' started.
Test Case '-[CloudSyncAppTests.TransferOptimizerTests testFastListForDropbox]' passed (0.000 seconds).
Test Case '-[CloudSyncAppTests.TransferOptimizerTests testFastListForGoogleDrive]' started.
Test Case '-[CloudSyncAppTests.TransferOptimizerTests testFastListForGoogleDrive]' passed (0.000 seconds).
Test Case '-[CloudSyncAppTests.TransferOptimizerTests testFastListForOneDrive]' started.
Test Case '-[CloudSyncAppTests.TransferOptimizerTests testFastListForOneDrive]' passed (0.000 seconds).
Test Case '-[CloudSyncAppTests.TransferOptimizerTests testFastListForS3]' started.
Test Case '-[CloudSyncAppTests.TransferOptimizerTests testFastListForS3]' passed (0.000 seconds).
Test Case '-[CloudSyncAppTests.TransferOptimizerTests testMultiThreadingDisabledForSmallDownload]' started.
Test Case '-[CloudSyncAppTests.TransferOptimizerTests testMultiThreadingDisabledForSmallDownload]' passed (0.000 seconds).
Test Case '-[CloudSyncAppTests.TransferOptimizerTests testMultiThreadingDisabledForUpload]' started.
Test Case '-[CloudSyncAppTests.TransferOptimizerTests testMultiThreadingDisabledForUpload]' passed (0.000 seconds).
Test Case '-[CloudSyncAppTests.TransferOptimizerTests testMultiThreadingForLargeDownload]' started.
Test Case '-[CloudSyncAppTests.TransferOptimizerTests testMultiThreadingForLargeDownload]' passed (0.000 seconds).
Test Case '-[CloudSyncAppTests.TransferOptimizerTests testNoFastListForUnsupportedProvider]' started.
Test Case '-[CloudSyncAppTests.TransferOptimizerTests testNoFastListForUnsupportedProvider]' passed (0.000 seconds).
Test Case '-[CloudSyncAppTests.TransferOptimizerTests testOptimizeForFewFiles]' started.
Test Case '-[CloudSyncAppTests.TransferOptimizerTests testOptimizeForFewFiles]' passed (0.000 seconds).
Test Case '-[CloudSyncAppTests.TransferOptimizerTests testOptimizeForLargeFiles]' started.
Test Case '-[CloudSyncAppTests.TransferOptimizerTests testOptimizeForLargeFiles]' passed (0.000 seconds).
Test Case '-[CloudSyncAppTests.TransferOptimizerTests testOptimizeForMediumFiles]' started.
Test Case '-[CloudSyncAppTests.TransferOptimizerTests testOptimizeForMediumFiles]' passed (0.000 seconds).
Test Case '-[CloudSyncAppTests.TransferOptimizerTests testOptimizeForSingleFile]' started.
Test Case '-[CloudSyncAppTests.TransferOptimizerTests testOptimizeForSingleFile]' passed (0.000 seconds).
Test Case '-[CloudSyncAppTests.TransferOptimizerTests testOptimizeForSmallFiles]' started.
Test Case '-[CloudSyncAppTests.TransferOptimizerTests testOptimizeForSmallFiles]' passed (0.000 seconds).
Test Case '-[CloudSyncAppTests.TransferOptimizerTests testOptimizeWithVeryLargeFileCount]' started.
Test Case '-[CloudSyncAppTests.TransferOptimizerTests testOptimizeWithVeryLargeFileCount]' passed (0.000 seconds).
Test Case '-[CloudSyncAppTests.TransferOptimizerTests testOptimizeWithZeroFiles]' started.
Test Case '-[CloudSyncAppTests.TransferOptimizerTests testOptimizeWithZeroFiles]' passed (0.000 seconds).
Test Case '-[CloudSyncAppTests.TransferOptimizerTests testTransferConfigStructExists]' started.
Test Case '-[CloudSyncAppTests.TransferOptimizerTests testTransferConfigStructExists]' passed (0.000 seconds).
Test Suite 'TransferOptimizerTests' passed at 2026-01-14 21:24:46.115.
	 Executed 29 tests, with 0 failures (0 unexpected) in 0.013 (0.023) seconds
Test Suite 'TransferViewStateTests' started at 2026-01-14 21:24:46.117.
Test Case '-[CloudSyncAppTests.TransferViewStateTests testBothRemotesAndPathPreservation]' started.
Test Case '-[CloudSyncAppTests.TransferViewStateTests testBothRemotesAndPathPreservation]' passed (0.000 seconds).
Test Case '-[CloudSyncAppTests.TransferViewStateTests testCompleteStatePreservation]' started.
Test Case '-[CloudSyncAppTests.TransferViewStateTests testCompleteStatePreservation]' passed (0.000 seconds).
Test Case '-[CloudSyncAppTests.TransferViewStateTests testDestinationRemoteIdPreservation]' started.
Test Case '-[CloudSyncAppTests.TransferViewStateTests testDestinationRemoteIdPreservation]' passed (0.000 seconds).
Test Case '-[CloudSyncAppTests.TransferViewStateTests testDestPathPreservation]' started.
Test Case '-[CloudSyncAppTests.TransferViewStateTests testDestPathPreservation]' passed (0.000 seconds).
Test Case '-[CloudSyncAppTests.TransferViewStateTests testInitialStateEmpty]' started.
Test Case '-[CloudSyncAppTests.TransferViewStateTests testInitialStateEmpty]' passed (0.001 seconds).
Test Case '-[CloudSyncAppTests.TransferViewStateTests testRemoteClearing]' started.
Test Case '-[CloudSyncAppTests.TransferViewStateTests testRemoteClearing]' passed (0.000 seconds).
Test Case '-[CloudSyncAppTests.TransferViewStateTests testSelectedFilesPreservation]' started.
Test Case '-[CloudSyncAppTests.TransferViewStateTests testSelectedFilesPreservation]' passed (0.000 seconds).
Test Case '-[CloudSyncAppTests.TransferViewStateTests testSourcePathPreservation]' started.
Test Case '-[CloudSyncAppTests.TransferViewStateTests testSourcePathPreservation]' passed (0.000 seconds).
Test Case '-[CloudSyncAppTests.TransferViewStateTests testSourceRemoteIdPreservation]' started.
Test Case '-[CloudSyncAppTests.TransferViewStateTests testSourceRemoteIdPreservation]' passed (0.000 seconds).
Test Case '-[CloudSyncAppTests.TransferViewStateTests testTransferModePreservation]' started.
Test Case '-[CloudSyncAppTests.TransferViewStateTests testTransferModePreservation]' passed (0.002 seconds).
Test Suite 'TransferViewStateTests' passed at 2026-01-14 21:24:46.124.
	 Executed 10 tests, with 0 failures (0 unexpected) in 0.006 (0.007) seconds
Test Suite 'CloudSyncAppTests.xctest' failed at 2026-01-14 21:24:46.124.
	 Executed 743 tests, with 1 failure (0 unexpected) in 41.949 (42.213) seconds
Test Suite 'All tests' failed at 2026-01-14 21:24:46.124.
	 Executed 743 tests, with 1 failure (0 unexpected) in 41.949 (42.214) seconds
2026-01-14 21:24:54.461 xcodebuild[44006:2526721] [MT] IDETestOperationsObserverDebug: 52.187 elapsed -- Testing started completed.
2026-01-14 21:24:54.461 xcodebuild[44006:2526721] [MT] IDETestOperationsObserverDebug: 0.000 sec, +0.000 sec -- start
2026-01-14 21:24:54.461 xcodebuild[44006:2526721] [MT] IDETestOperationsObserverDebug: 52.187 sec, +52.187 sec -- end

Test session results, code coverage, and logs:
	/Users/antti/Library/Developer/Xcode/DerivedData/CloudSyncApp-eqfknxkkaumskxbmezirpyltjfkf/Logs/Test/Test-CloudSyncApp-2026.01.14_21-23-58-+0200.xcresult

** TEST FAILED **

Testing started
